                      :-) GROMACS - gmx mdrun, 2019.6 (-:

                            GROMACS is written by:
     Emile Apol      Rossen Apostolov      Paul Bauer     Herman J.C. Berendsen
    Par Bjelkmar      Christian Blau   Viacheslav Bolnykh     Kevin Boyd    
 Aldert van Buuren   Rudi van Drunen     Anton Feenstra       Alan Gray     
  Gerrit Groenhof     Anca Hamuraru    Vincent Hindriksen  M. Eric Irrgang  
  Aleksei Iupinov   Christoph Junghans     Joe Jordan     Dimitrios Karkoulis
    Peter Kasson        Jiri Kraus      Carsten Kutzner      Per Larsson    
  Justin A. Lemkul    Viveca Lindahl    Magnus Lundborg     Erik Marklund   
    Pascal Merz     Pieter Meulenhoff    Teemu Murtola       Szilard Pall   
    Sander Pronk      Roland Schulz      Michael Shirts    Alexey Shvetsov  
   Alfons Sijbers     Peter Tieleman      Jon Vincent      Teemu Virolainen 
 Christian Wennberg    Maarten Wolf   
                           and the project leaders:
        Mark Abraham, Berk Hess, Erik Lindahl, and David van der Spoel

Copyright (c) 1991-2000, University of Groningen, The Netherlands.
Copyright (c) 2001-2018, The GROMACS development team at
Uppsala University, Stockholm University and
the Royal Institute of Technology, Sweden.
check out http://www.gromacs.org for more information.

GROMACS is free software; you can redistribute it and/or modify it
under the terms of the GNU Lesser General Public License
as published by the Free Software Foundation; either version 2.1
of the License, or (at your option) any later version.

GROMACS:      gmx mdrun, version 2019.6
Executable:   /scratch/work/courses/CHEM-GA-2671-2024fa/software/gromacs-2019.6-plumedSept2020/bin/gmx_mpi
Data prefix:  /scratch/work/courses/CHEM-GA-2671-2024fa/software/gromacs-2019.6-plumedSept2020
Working dir:  /scratch/work/courses/CHEM-GA-2671-2024fa/students/zz10074/comp-lab-class-2024/Week6-Metadynamics/Setup/2d_metadynamics_in_phi_and_psi
Command line:
  gmx_mpi mdrun -s topol.tpr -deffnm 2d_metadynamics -plumed plumed.dat -ntomp 4 -cpi 2d_metadynamics.cpt -noappend

Reading file topol.tpr, VERSION 5.1.4 (single precision)
Note: file tpx version 103, software tpx version 116
Using 1 MPI process

-------------------------------------------------------
Program:     gmx mdrun, version 2019.6
Source file: src/gromacs/taskassignment/resourcedivision.cpp (line 805)

Fatal error:
OpenMP threads have been requested with cut-off scheme Group, but these are
only supported with cut-off scheme Verlet

For more information and tips for troubleshooting, please check the GROMACS
website at http://www.gromacs.org/Documentation/Errors
-------------------------------------------------------
Checkpoint file is from part 1, new output files will be suffixed '.part0002'.
--------------------------------------------------------------------------
MPI_ABORT was invoked on rank 0 in communicator MPI_COMM_WORLD
with errorcode 1.

NOTE: invoking MPI_ABORT causes Open MPI to kill all MPI processes.
You may or may not see output from other processes, depending on
exactly when Open MPI kills them.
--------------------------------------------------------------------------
