--------------------------------------------------------------------------
MPI_ABORT was invoked on rank 0 in communicator MPI_COMM_WORLD
with errorcode 1.

NOTE: invoking MPI_ABORT causes Open MPI to kill all MPI processes.
You may or may not see output from other processes, depending on
exactly when Open MPI kills them.
--------------------------------------------------------------------------
forrtl: error (78): process killed (SIGTERM)
Image              PC                Routine            Line        Source             
libifcoremt.so.5   0000149F7868339C  for__signal_handl     Unknown  Unknown
libc.so.6          0000149F75A54DF0  Unknown               Unknown  Unknown
libxsmm.so.1.16.1  0000149F84753951  libxsmm_timer_dur     Unknown  Unknown
cp2k.psmp          000000000544CF33  cp_error_handling         138  cp_error_handling.F
cp2k.psmp          000000000544D251  cp_error_handling          63  cp_error_handling.F
cp2k.psmp          00000000056B685B  base_hooks_mp_cp_          76  base_hooks.F
cp2k.psmp          00000000012651A2  topology_mp_coord         553  topology.F
cp2k.psmp          0000000001263647  topology_mp_topol         197  topology.F
cp2k.psmp          00000000010A4E57  cp_subsys_methods         159  cp_subsys_methods.F
cp2k.psmp          000000000287E5B2  qs_subsys_methods          96  qs_subsys_methods.F
cp2k.psmp          000000000202CABC  qs_environment_mp         318  qs_environment.F
cp2k.psmp          0000000001B51A79  f77_interface_mp_         774  f77_interface.F
cp2k.psmp          0000000000440EBD  cp2k_runs_mp_cp2k         291  cp2k_runs.F
cp2k.psmp          00000000004408DF  cp2k_runs_mp_run_         983  cp2k_runs.F
cp2k.psmp          000000000043BE90  MAIN__.a                  337  cp2k.F
cp2k.psmp          000000000043B122  Unknown               Unknown  Unknown
libc.so.6          0000149F75A3FEB0  Unknown               Unknown  Unknown
libc.so.6          0000149F75A3FF60  __libc_start_main     Unknown  Unknown
cp2k.psmp          000000000043B02E  Unknown               Unknown  Unknown
forrtl: error (78): process killed (SIGTERM)
Image              PC                Routine            Line        Source             
libifcoremt.so.5   0000145EEB08339C  for__signal_handl     Unknown  Unknown
libc.so.6          0000145EE8454DF0  Unknown               Unknown  Unknown
libxsmm.so.1.16.1  0000145EF70EC8B0  libxsmm_timer_tic     Unknown  Unknown
cp2k.psmp          00000000056B7119  machine_mp_m_wall         114  machine.F
cp2k.psmp          000000000544CF33  cp_error_handling         138  cp_error_handling.F
cp2k.psmp          000000000544D251  cp_error_handling          63  cp_error_handling.F
cp2k.psmp          00000000056B685B  base_hooks_mp_cp_          76  base_hooks.F
cp2k.psmp          00000000012651A2  topology_mp_coord         553  topology.F
cp2k.psmp          0000000001263647  topology_mp_topol         197  topology.F
cp2k.psmp          00000000010A4E57  cp_subsys_methods         159  cp_subsys_methods.F
cp2k.psmp          000000000287E5B2  qs_subsys_methods          96  qs_subsys_methods.F
cp2k.psmp          000000000202CABC  qs_environment_mp         318  qs_environment.F
cp2k.psmp          0000000001B51A79  f77_interface_mp_         774  f77_interface.F
cp2k.psmp          0000000000440EBD  cp2k_runs_mp_cp2k         291  cp2k_runs.F
cp2k.psmp          00000000004408DF  cp2k_runs_mp_run_         983  cp2k_runs.F
cp2k.psmp          000000000043BE90  MAIN__.a                  337  cp2k.F
cp2k.psmp          000000000043B122  Unknown               Unknown  Unknown
libc.so.6          0000145EE843FEB0  Unknown               Unknown  Unknown
libc.so.6          0000145EE843FF60  __libc_start_main     Unknown  Unknown
cp2k.psmp          000000000043B02E  Unknown               Unknown  Unknown
forrtl: error (78): process killed (SIGTERM)
Image              PC                Routine            Line        Source             
libifcoremt.so.5   000014D6F488339C  for__signal_handl     Unknown  Unknown
libc.so.6          000014D6F1C54DF0  Unknown               Unknown  Unknown
libxsmm.so.1.16.1  000014D7009DE92E  libxsmm_timer_dur     Unknown  Unknown
cp2k.psmp          000000000544CF33  cp_error_handling         138  cp_error_handling.F
cp2k.psmp          000000000544D251  cp_error_handling          63  cp_error_handling.F
cp2k.psmp          00000000056B685B  base_hooks_mp_cp_          76  base_hooks.F
cp2k.psmp          00000000012651A2  topology_mp_coord         553  topology.F
cp2k.psmp          0000000001263647  topology_mp_topol         197  topology.F
cp2k.psmp          00000000010A4E57  cp_subsys_methods         159  cp_subsys_methods.F
cp2k.psmp          000000000287E5B2  qs_subsys_methods          96  qs_subsys_methods.F
cp2k.psmp          000000000202CABC  qs_environment_mp         318  qs_environment.F
cp2k.psmp          0000000001B51A79  f77_interface_mp_         774  f77_interface.F
cp2k.psmp          0000000000440EBD  cp2k_runs_mp_cp2k         291  cp2k_runs.F
cp2k.psmp          00000000004408DF  cp2k_runs_mp_run_         983  cp2k_runs.F
cp2k.psmp          000000000043BE90  MAIN__.a                  337  cp2k.F
cp2k.psmp          000000000043B122  Unknown               Unknown  Unknown
libc.so.6          000014D6F1C3FEB0  Unknown               Unknown  Unknown
libc.so.6          000014D6F1C3FF60  __libc_start_main     Unknown  Unknown
cp2k.psmp          000000000043B02E  Unknown               Unknown  Unknown
forrtl: error (78): process killed (SIGTERM)
Image              PC                Routine            Line        Source             
libifcoremt.so.5   000014587108339C  for__signal_handl     Unknown  Unknown
libc.so.6          000014586E454DF0  Unknown               Unknown  Unknown
cp2k.psmp          000000000544CF3D  cp_error_handling         138  cp_error_handling.F
cp2k.psmp          000000000544D251  cp_error_handling          63  cp_error_handling.F
cp2k.psmp          00000000056B685B  base_hooks_mp_cp_          76  base_hooks.F
cp2k.psmp          00000000012651A2  topology_mp_coord         553  topology.F
cp2k.psmp          0000000001263647  topology_mp_topol         197  topology.F
cp2k.psmp          00000000010A4E57  cp_subsys_methods         159  cp_subsys_methods.F
cp2k.psmp          000000000287E5B2  qs_subsys_methods          96  qs_subsys_methods.F
cp2k.psmp          000000000202CABC  qs_environment_mp         318  qs_environment.F
cp2k.psmp          0000000001B51A79  f77_interface_mp_         774  f77_interface.F
cp2k.psmp          0000000000440EBD  cp2k_runs_mp_cp2k         291  cp2k_runs.F
cp2k.psmp          00000000004408DF  cp2k_runs_mp_run_         983  cp2k_runs.F
cp2k.psmp          000000000043BE90  MAIN__.a                  337  cp2k.F
cp2k.psmp          000000000043B122  Unknown               Unknown  Unknown
libc.so.6          000014586E43FEB0  Unknown               Unknown  Unknown
libc.so.6          000014586E43FF60  __libc_start_main     Unknown  Unknown
cp2k.psmp          000000000043B02E  Unknown               Unknown  Unknown
forrtl: error (78): process killed (SIGTERM)
Image              PC                Routine            Line        Source             
libifcoremt.so.5   000015471CE8339C  for__signal_handl     Unknown  Unknown
libc.so.6          000015471A454DF0  Unknown               Unknown  Unknown
cp2k.psmp          00000000056B7114  machine_mp_m_wall         107  machine.F
cp2k.psmp          000000000544CF33  cp_error_handling         138  cp_error_handling.F
cp2k.psmp          000000000544D251  cp_error_handling          63  cp_error_handling.F
cp2k.psmp          00000000056B685B  base_hooks_mp_cp_          76  base_hooks.F
cp2k.psmp          00000000012651A2  topology_mp_coord         553  topology.F
cp2k.psmp          0000000001263647  topology_mp_topol         197  topology.F
cp2k.psmp          00000000010A4E57  cp_subsys_methods         159  cp_subsys_methods.F
cp2k.psmp          000000000287E5B2  qs_subsys_methods          96  qs_subsys_methods.F
cp2k.psmp          000000000202CABC  qs_environment_mp         318  qs_environment.F
cp2k.psmp          0000000001B51A79  f77_interface_mp_         774  f77_interface.F
cp2k.psmp          0000000000440EBD  cp2k_runs_mp_cp2k         291  cp2k_runs.F
cp2k.psmp          00000000004408DF  cp2k_runs_mp_run_         983  cp2k_runs.F
cp2k.psmp          000000000043BE90  MAIN__.a                  337  cp2k.F
cp2k.psmp          000000000043B122  Unknown               Unknown  Unknown
libc.so.6          000015471A43FEB0  Unknown               Unknown  Unknown
libc.so.6          000015471A43FF60  __libc_start_main     Unknown  Unknown
cp2k.psmp          000000000043B02E  Unknown               Unknown  Unknown
forrtl: error (78): process killed (SIGTERM)
Image              PC                Routine            Line        Source             
libifcoremt.so.5   0000146491C8339C  for__signal_handl     Unknown  Unknown
libc.so.6          000014648F054DF0  Unknown               Unknown  Unknown
libxsmm.so.1.16.1  000014649DE26929  libxsmm_timer_dur     Unknown  Unknown
cp2k.psmp          000000000544CF33  cp_error_handling         138  cp_error_handling.F
cp2k.psmp          000000000544D251  cp_error_handling          63  cp_error_handling.F
cp2k.psmp          00000000056B685B  base_hooks_mp_cp_          76  base_hooks.F
cp2k.psmp          00000000012651A2  topology_mp_coord         553  topology.F
cp2k.psmp          0000000001263647  topology_mp_topol         197  topology.F
cp2k.psmp          00000000010A4E57  cp_subsys_methods         159  cp_subsys_methods.F
cp2k.psmp          000000000287E5B2  qs_subsys_methods          96  qs_subsys_methods.F
cp2k.psmp          000000000202CABC  qs_environment_mp         318  qs_environment.F
cp2k.psmp          0000000001B51A79  f77_interface_mp_         774  f77_interface.F
cp2k.psmp          0000000000440EBD  cp2k_runs_mp_cp2k         291  cp2k_runs.F
cp2k.psmp          00000000004408DF  cp2k_runs_mp_run_         983  cp2k_runs.F
cp2k.psmp          000000000043BE90  MAIN__.a                  337  cp2k.F
cp2k.psmp          000000000043B122  Unknown               Unknown  Unknown
libc.so.6          000014648F03FEB0  Unknown               Unknown  Unknown
libc.so.6          000014648F03FF60  __libc_start_main     Unknown  Unknown
cp2k.psmp          000000000043B02E  Unknown               Unknown  Unknown
forrtl: error (78): process killed (SIGTERM)
Image              PC                Routine            Line        Source             
libifcoremt.so.5   0000153400A8339C  for__signal_handl     Unknown  Unknown
libc.so.6          00001533FDE54DF0  Unknown               Unknown  Unknown
libxsmm.so.1.16.1  000015340CB56951  libxsmm_timer_dur     Unknown  Unknown
cp2k.psmp          000000000544CF33  cp_error_handling         138  cp_error_handling.F
cp2k.psmp          000000000544D251  cp_error_handling          63  cp_error_handling.F
cp2k.psmp          00000000056B685B  base_hooks_mp_cp_          76  base_hooks.F
cp2k.psmp          00000000012651A2  topology_mp_coord         553  topology.F
cp2k.psmp          0000000001263647  topology_mp_topol         197  topology.F
cp2k.psmp          00000000010A4E57  cp_subsys_methods         159  cp_subsys_methods.F
cp2k.psmp          000000000287E5B2  qs_subsys_methods          96  qs_subsys_methods.F
cp2k.psmp          000000000202CABC  qs_environment_mp         318  qs_environment.F
cp2k.psmp          0000000001B51A79  f77_interface_mp_         774  f77_interface.F
cp2k.psmp          0000000000440EBD  cp2k_runs_mp_cp2k         291  cp2k_runs.F
cp2k.psmp          00000000004408DF  cp2k_runs_mp_run_         983  cp2k_runs.F
cp2k.psmp          000000000043BE90  MAIN__.a                  337  cp2k.F
cp2k.psmp          000000000043B122  Unknown               Unknown  Unknown
libc.so.6          00001533FDE3FEB0  Unknown               Unknown  Unknown
libc.so.6          00001533FDE3FF60  __libc_start_main     Unknown  Unknown
cp2k.psmp          000000000043B02E  Unknown               Unknown  Unknown
forrtl: error (78): process killed (SIGTERM)
Image              PC                Routine            Line        Source             
libifcoremt.so.5   0000148A91C8339C  for__signal_handl     Unknown  Unknown
libc.so.6          0000148A8F054DF0  Unknown               Unknown  Unknown
cp2k.psmp          00000000056B7114  machine_mp_m_wall         107  machine.F
cp2k.psmp          000000000544CF33  cp_error_handling         138  cp_error_handling.F
cp2k.psmp          000000000544D251  cp_error_handling          63  cp_error_handling.F
cp2k.psmp          00000000056B685B  base_hooks_mp_cp_          76  base_hooks.F
cp2k.psmp          00000000012651A2  topology_mp_coord         553  topology.F
cp2k.psmp          0000000001263647  topology_mp_topol         197  topology.F
cp2k.psmp          00000000010A4E57  cp_subsys_methods         159  cp_subsys_methods.F
cp2k.psmp          000000000287E5B2  qs_subsys_methods          96  qs_subsys_methods.F
cp2k.psmp          000000000202CABC  qs_environment_mp         318  qs_environment.F
cp2k.psmp          0000000001B51A79  f77_interface_mp_         774  f77_interface.F
cp2k.psmp          0000000000440EBD  cp2k_runs_mp_cp2k         291  cp2k_runs.F
cp2k.psmp          00000000004408DF  cp2k_runs_mp_run_         983  cp2k_runs.F
cp2k.psmp          000000000043BE90  MAIN__.a                  337  cp2k.F
cp2k.psmp          000000000043B122  Unknown               Unknown  Unknown
libc.so.6          0000148A8F03FEB0  Unknown               Unknown  Unknown
libc.so.6          0000148A8F03FF60  __libc_start_main     Unknown  Unknown
cp2k.psmp          000000000043B02E  Unknown               Unknown  Unknown
forrtl: error (78): process killed (SIGTERM)
Image              PC                Routine            Line        Source             
libifcoremt.so.5   00001494E3E8339C  for__signal_handl     Unknown  Unknown
libc.so.6          00001494E1254DF0  Unknown               Unknown  Unknown
libxsmm.so.1.16.1  00001494EFF9192E  libxsmm_timer_dur     Unknown  Unknown
cp2k.psmp          000000000544CF33  cp_error_handling         138  cp_error_handling.F
cp2k.psmp          000000000544D251  cp_error_handling          63  cp_error_handling.F
cp2k.psmp          00000000056B685B  base_hooks_mp_cp_          76  base_hooks.F
cp2k.psmp          00000000012651A2  topology_mp_coord         553  topology.F
cp2k.psmp          0000000001263647  topology_mp_topol         197  topology.F
cp2k.psmp          00000000010A4E57  cp_subsys_methods         159  cp_subsys_methods.F
cp2k.psmp          000000000287E5B2  qs_subsys_methods          96  qs_subsys_methods.F
cp2k.psmp          000000000202CABC  qs_environment_mp         318  qs_environment.F
cp2k.psmp          0000000001B51A79  f77_interface_mp_         774  f77_interface.F
cp2k.psmp          0000000000440EBD  cp2k_runs_mp_cp2k         291  cp2k_runs.F
cp2k.psmp          00000000004408DF  cp2k_runs_mp_run_         983  cp2k_runs.F
cp2k.psmp          000000000043BE90  MAIN__.a                  337  cp2k.F
cp2k.psmp          000000000043B122  Unknown               Unknown  Unknown
libc.so.6          00001494E123FEB0  Unknown               Unknown  Unknown
libc.so.6          00001494E123FF60  __libc_start_main     Unknown  Unknown
cp2k.psmp          000000000043B02E  Unknown               Unknown  Unknown
forrtl: error (78): process killed (SIGTERM)
Image              PC                Routine            Line        Source             
libifcoremt.so.5   000014D3C6C8339C  for__signal_handl     Unknown  Unknown
libc.so.6          000014D3C4054DF0  Unknown               Unknown  Unknown
libxsmm.so.1.16.1  000014D3D2D99951  libxsmm_timer_dur     Unknown  Unknown
cp2k.psmp          000000000544CF33  cp_error_handling         138  cp_error_handling.F
cp2k.psmp          000000000544D251  cp_error_handling          63  cp_error_handling.F
cp2k.psmp          00000000056B685B  base_hooks_mp_cp_          76  base_hooks.F
cp2k.psmp          00000000012651A2  topology_mp_coord         553  topology.F
cp2k.psmp          0000000001263647  topology_mp_topol         197  topology.F
cp2k.psmp          00000000010A4E57  cp_subsys_methods         159  cp_subsys_methods.F
cp2k.psmp          000000000287E5B2  qs_subsys_methods          96  qs_subsys_methods.F
cp2k.psmp          000000000202CABC  qs_environment_mp         318  qs_environment.F
cp2k.psmp          0000000001B51A79  f77_interface_mp_         774  f77_interface.F
cp2k.psmp          0000000000440EBD  cp2k_runs_mp_cp2k         291  cp2k_runs.F
cp2k.psmp          00000000004408DF  cp2k_runs_mp_run_         983  cp2k_runs.F
cp2k.psmp          000000000043BE90  MAIN__.a                  337  cp2k.F
cp2k.psmp          000000000043B122  Unknown               Unknown  Unknown
libc.so.6          000014D3C403FEB0  Unknown               Unknown  Unknown
libc.so.6          000014D3C403FF60  __libc_start_main     Unknown  Unknown
cp2k.psmp          000000000043B02E  Unknown               Unknown  Unknown
forrtl: error (78): process killed (SIGTERM)
Image              PC                Routine            Line        Source             
libifcoremt.so.5   000014757588339C  for__signal_handl     Unknown  Unknown
libc.so.6          0000147572C54DF0  Unknown               Unknown  Unknown
libxsmm.so.1.16.1  0000147581A1A92E  libxsmm_timer_dur     Unknown  Unknown
cp2k.psmp          000000000544CF33  cp_error_handling         138  cp_error_handling.F
cp2k.psmp          000000000544D251  cp_error_handling          63  cp_error_handling.F
cp2k.psmp          00000000056B685B  base_hooks_mp_cp_          76  base_hooks.F
cp2k.psmp          00000000012651A2  topology_mp_coord         553  topology.F
cp2k.psmp          0000000001263647  topology_mp_topol         197  topology.F
cp2k.psmp          00000000010A4E57  cp_subsys_methods         159  cp_subsys_methods.F
cp2k.psmp          000000000287E5B2  qs_subsys_methods          96  qs_subsys_methods.F
cp2k.psmp          000000000202CABC  qs_environment_mp         318  qs_environment.F
cp2k.psmp          0000000001B51A79  f77_interface_mp_         774  f77_interface.F
cp2k.psmp          0000000000440EBD  cp2k_runs_mp_cp2k         291  cp2k_runs.F
cp2k.psmp          00000000004408DF  cp2k_runs_mp_run_         983  cp2k_runs.F
cp2k.psmp          000000000043BE90  MAIN__.a                  337  cp2k.F
cp2k.psmp          000000000043B122  Unknown               Unknown  Unknown
libc.so.6          0000147572C3FEB0  Unknown               Unknown  Unknown
libc.so.6          0000147572C3FF60  __libc_start_main     Unknown  Unknown
cp2k.psmp          000000000043B02E  Unknown               Unknown  Unknown
