                      :-) GROMACS - gmx mdrun, 2023.3 (-:

Copyright 1991-2023 The GROMACS Authors.
GROMACS is free software; you can redistribute it and/or modify it
under the terms of the GNU Lesser General Public License
as published by the Free Software Foundation; either version 2.1
of the License, or (at your option) any later version.

                         Current GROMACS contributors:
       Mark Abraham           Andrey Alekseenko           Cathrine Bergh      
      Christian Blau            Eliane Briand             Mahesh Doijade      
    Stefan Fleischmann           Vytas Gapsys              Gaurav Garg        
      Sergey Gorelov         Gilles Gouaillardet            Alan Gray         
     M. Eric Irrgang         Farzaneh Jalalypour            Joe Jordan        
    Christoph Junghans        Prashanth Kanduri          Sebastian Keller     
     Carsten Kutzner           Justin A. Lemkul          Magnus Lundborg      
       Pascal Merz              Vedran Miletic            Dmitry Morozov      
       Szilard Pall             Roland Schulz             Michael Shirts      
     Alexey Shvetsov            Balint Soproni         David van der Spoel    
      Philip Turner             Carsten Uphoff           Alessandra Villa     
 Sebastian Wingbermuehle        Artem Zhmurov       

                         Previous GROMACS contributors:
        Emile Apol             Rossen Apostolov           James Barnett       
  Herman J.C. Berendsen          Par Bjelkmar           Viacheslav Bolnykh    
        Kevin Boyd            Aldert van Buuren          Carlo Camilloni      
     Rudi van Drunen            Anton Feenstra           Oliver Fleetwood     
     Gerrit Groenhof            Bert de Groot             Anca Hamuraru       
    Vincent Hindriksen          Victor Holanda           Aleksei Iupinov      
   Dimitrios Karkoulis           Peter Kasson             Sebastian Kehl      
        Jiri Kraus               Per Larsson              Viveca Lindahl      
      Erik Marklund           Pieter Meulenhoff           Teemu Murtola       
       Sander Pronk             Alfons Sijbers            Peter Tieleman      
       Jon Vincent             Teemu Virolainen         Christian Wennberg    
       Maarten Wolf       

                  Coordinated by the GROMACS project leaders:
                    Paul Bauer, Berk Hess, and Erik Lindahl

GROMACS:      gmx mdrun, version 2023.3
Executable:   /ext3/apps/gromacs/2023.3/openmpi/intel/bin/gmx_mpi
Data prefix:  /ext3/apps/gromacs/2023.3/openmpi/intel
Working dir:  /scratch/work/courses/CHEM-GA-2671-2024fa/students/zz10074/comp-lab-class-2024/Week4-CharmmGuiSetup/Setup/Ions_in_water_CHARMM36M/gromacs
Process ID:   779574
Command line:
  gmx_mpi mdrun -v -deffnm step5_1

GROMACS version:    2023.3
Precision:          mixed
Memory model:       64 bit
MPI library:        MPI
OpenMP support:     disabled
GPU support:        disabled
SIMD instructions:  AVX2_256
CPU FFT library:    fftw-3.3.8-sse2-avx-avx2-avx2_128
GPU FFT library:    none
Multi-GPU FFT:      none
RDTSCP usage:       enabled
TNG support:        enabled
Hwloc support:      disabled
Tracing support:    disabled
C compiler:         /share/apps/utils/intel/icc Intel 2021.5.0.20211109
C compiler flags:   -mavx2 -mfma -pthread -O3 -DNDEBUG
C++ compiler:       /share/apps/utils/intel/icpc Intel 2021.5.0.20211109
C++ compiler flags: -mavx2 -mfma -pthread -O3 -DNDEBUG
BLAS library:       External - detected on the system
LAPACK library:     External - detected on the system


Running on 2 nodes with total 48 cores, 48 processing units
  Cores per node:           24
  Logical processing units per node:   24
  OS CPU Limit / recommended threads to start per node:   24
Hardware detected on host cs155.hpc.nyu.edu (the node of MPI rank 0):
  CPU info:
    Vendor: Intel
    Brand:  Intel(R) Xeon(R) Platinum 8268 CPU @ 2.90GHz
    Family: 6   Model: 85   Stepping: 7
    Features: aes apic avx avx2 avx512f avx512cd avx512bw avx512vl avx512secondFMA clfsh cmov cx8 cx16 f16c fma htt intel lahf mmx msr nonstop_tsc pcid pclmuldq pdcm pdpe1gb popcnt pse rdrnd rdtscp sse2 sse3 sse4.1 sse4.2 ssse3 tdt x2apic
    Number of AVX-512 FMA units: 2
  Hardware topology: Basic
    Packages, cores, and logical processors:
    [indices refer to OS logical processors]
      Package  0: [   0] [   1] [   2] [   3] [   4] [   5] [   6] [   7] [   8] [   9] [  10] [  11] [  12] [  13] [  14] [  15] [  16] [  17] [  18] [  19] [  20] [  21] [  22] [  23]
    CPU limit set by OS: -1   Recommended max number of threads: 24

Likely fastest SIMD instructions supported by all nodes: AVX_512
SIMD instructions selected at compile time:              AVX2_256
Merely a note: it is unfortunately hard to know for sure which SIMD
instructons will perform best on this hardware. For non-GPU runs
on Intel CPUs with dual AVX-512 units, using AVX-512 can be good,
while AVX2 is often better for runs also using a GPU. Typically
this is just a few percent, so don't worry unless you are tuning.


++++ PLEASE READ AND CITE THE FOLLOWING REFERENCE ++++
M. J. Abraham, T. Murtola, R. Schulz, S. Páll, J. C. Smith, B. Hess, E.
Lindahl
GROMACS: High performance molecular simulations through multi-level
parallelism from laptops to supercomputers
SoftwareX 1 (2015) pp. 19-25
-------- -------- --- Thank You --- -------- --------


++++ PLEASE READ AND CITE THE FOLLOWING REFERENCE ++++
S. Páll, M. J. Abraham, C. Kutzner, B. Hess, E. Lindahl
Tackling Exascale Software Challenges in Molecular Dynamics Simulations with
GROMACS
In S. Markidis & E. Laure (Eds.), Solving Software Challenges for Exascale 8759 (2015) pp. 3-27
-------- -------- --- Thank You --- -------- --------


++++ PLEASE READ AND CITE THE FOLLOWING REFERENCE ++++
S. Pronk, S. Páll, R. Schulz, P. Larsson, P. Bjelkmar, R. Apostolov, M. R.
Shirts, J. C. Smith, P. M. Kasson, D. van der Spoel, B. Hess, and E. Lindahl
GROMACS 4.5: a high-throughput and highly parallel open source molecular
simulation toolkit
Bioinformatics 29 (2013) pp. 845-54
-------- -------- --- Thank You --- -------- --------


++++ PLEASE READ AND CITE THE FOLLOWING REFERENCE ++++
B. Hess and C. Kutzner and D. van der Spoel and E. Lindahl
GROMACS 4: Algorithms for highly efficient, load-balanced, and scalable
molecular simulation
J. Chem. Theory Comput. 4 (2008) pp. 435-447
-------- -------- --- Thank You --- -------- --------


++++ PLEASE READ AND CITE THE FOLLOWING REFERENCE ++++
D. van der Spoel, E. Lindahl, B. Hess, G. Groenhof, A. E. Mark and H. J. C.
Berendsen
GROMACS: Fast, Flexible and Free
J. Comp. Chem. 26 (2005) pp. 1701-1719
-------- -------- --- Thank You --- -------- --------


++++ PLEASE READ AND CITE THE FOLLOWING REFERENCE ++++
E. Lindahl and B. Hess and D. van der Spoel
GROMACS 3.0: A package for molecular simulation and trajectory analysis
J. Mol. Mod. 7 (2001) pp. 306-317
-------- -------- --- Thank You --- -------- --------


++++ PLEASE READ AND CITE THE FOLLOWING REFERENCE ++++
H. J. C. Berendsen, D. van der Spoel and R. van Drunen
GROMACS: A message-passing parallel molecular dynamics implementation
Comp. Phys. Comm. 91 (1995) pp. 43-56
-------- -------- --- Thank You --- -------- --------


++++ PLEASE CITE THE DOI FOR THIS VERSION OF GROMACS ++++
https://doi.org/10.5281/zenodo.10017686
-------- -------- --- Thank You --- -------- --------

Input Parameters:
   integrator                     = md
   tinit                          = 0
   dt                             = 0.002
   nsteps                         = 500000
   init-step                      = 0
   simulation-part                = 1
   mts                            = false
   comm-mode                      = Linear
   nstcomm                        = 100
   bd-fric                        = 0
   ld-seed                        = -715128841
   emtol                          = 10
   emstep                         = 0.01
   niter                          = 20
   fcstep                         = 0
   nstcgsteep                     = 1000
   nbfgscorr                      = 10
   rtpi                           = 0.05
   nstxout                        = 5000
   nstvout                        = 5000
   nstfout                        = 5000
   nstlog                         = 5000
   nstcalcenergy                  = 100
   nstenergy                      = 5000
   nstxout-compressed             = 50000
   compressed-x-precision         = 1000
   cutoff-scheme                  = Verlet
   nstlist                        = 20
   pbc                            = xyz
   periodic-molecules             = false
   verlet-buffer-tolerance        = 0.005
   rlist                          = 1.225
   coulombtype                    = PME
   coulomb-modifier               = Potential-shift
   rcoulomb-switch                = 0
   rcoulomb                       = 1.2
   epsilon-r                      = 1
   epsilon-rf                     = inf
   vdw-type                       = Cut-off
   vdw-modifier                   = Force-switch
   rvdw-switch                    = 1
   rvdw                           = 1.2
   DispCorr                       = No
   table-extension                = 1
   fourierspacing                 = 0.12
   fourier-nx                     = 42
   fourier-ny                     = 42
   fourier-nz                     = 42
   pme-order                      = 4
   ewald-rtol                     = 1e-05
   ewald-rtol-lj                  = 0.001
   lj-pme-comb-rule               = Geometric
   ewald-geometry                 = 3d
   epsilon-surface                = 0
   ensemble-temperature-setting   = constant
   ensemble-temperature           = 310
   tcoupl                         = V-rescale
   nsttcouple                     = 100
   nh-chain-length                = 0
   print-nose-hoover-chain-variables = false
   pcoupl                         = No
   pcoupltype                     = Isotropic
   nstpcouple                     = -1
   tau-p                          = 1
   compressibility (3x3):
      compressibility[    0]={ 0.00000e+00,  0.00000e+00,  0.00000e+00}
      compressibility[    1]={ 0.00000e+00,  0.00000e+00,  0.00000e+00}
      compressibility[    2]={ 0.00000e+00,  0.00000e+00,  0.00000e+00}
   ref-p (3x3):
      ref-p[    0]={ 0.00000e+00,  0.00000e+00,  0.00000e+00}
      ref-p[    1]={ 0.00000e+00,  0.00000e+00,  0.00000e+00}
      ref-p[    2]={ 0.00000e+00,  0.00000e+00,  0.00000e+00}
   refcoord-scaling               = No
   posres-com (3):
      posres-com[0]= 0.00000e+00
      posres-com[1]= 0.00000e+00
      posres-com[2]= 0.00000e+00
   posres-comB (3):
      posres-comB[0]= 0.00000e+00
      posres-comB[1]= 0.00000e+00
      posres-comB[2]= 0.00000e+00
   QMMM                           = false
qm-opts:
   ngQM                           = 0
   constraint-algorithm           = Lincs
   continuation                   = true
   Shake-SOR                      = false
   shake-tol                      = 0.0001
   lincs-order                    = 4
   lincs-iter                     = 1
   lincs-warnangle                = 30
   nwall                          = 0
   wall-type                      = 9-3
   wall-r-linpot                  = -1
   wall-atomtype[0]               = -1
   wall-atomtype[1]               = -1
   wall-density[0]                = 0
   wall-density[1]                = 0
   wall-ewald-zfac                = 3
   pull                           = false
   awh                            = false
   rotation                       = false
   interactiveMD                  = false
   disre                          = No
   disre-weighting                = Conservative
   disre-mixed                    = false
   dr-fc                          = 1000
   dr-tau                         = 0
   nstdisreout                    = 100
   orire-fc                       = 0
   orire-tau                      = 0
   nstorireout                    = 100
   free-energy                    = no
   cos-acceleration               = 0
   deform (3x3):
      deform[    0]={ 0.00000e+00,  0.00000e+00,  0.00000e+00}
      deform[    1]={ 0.00000e+00,  0.00000e+00,  0.00000e+00}
      deform[    2]={ 0.00000e+00,  0.00000e+00,  0.00000e+00}
   simulated-tempering            = false
   swapcoords                     = no
   userint1                       = 0
   userint2                       = 0
   userint3                       = 0
   userint4                       = 0
   userreal1                      = 0
   userreal2                      = 0
   userreal3                      = 0
   userreal4                      = 0
   applied-forces:
     electric-field:
       x:
         E0                       = 0
         omega                    = 0
         t0                       = 0
         sigma                    = 0
       y:
         E0                       = 0
         omega                    = 0
         t0                       = 0
         sigma                    = 0
       z:
         E0                       = 0
         omega                    = 0
         t0                       = 0
         sigma                    = 0
     density-guided-simulation:
       active                     = false
       group                      = protein
       similarity-measure         = inner-product
       atom-spreading-weight      = unity
       force-constant             = 1e+09
       gaussian-transform-spreading-width = 0.2
       gaussian-transform-spreading-range-in-multiples-of-width = 4
       reference-density-filename = reference.mrc
       nst                        = 1
       normalize-densities        = true
       adaptive-force-scaling     = false
       adaptive-force-scaling-time-constant = 4
       shift-vector               = 
       transformation-matrix      = 
     qmmm-cp2k:
       active                     = false
       qmgroup                    = System
       qmmethod                   = PBE
       qmfilenames                = 
       qmcharge                   = 0
       qmmultiplicity             = 1
grpopts:
   nrdf:       23319
   ref-t:         310
   tau-t:           1
annealing:          No
annealing-npoints:           0
   acc:	           0           0           0
   nfreeze:           N           N           N
   energygrp-flags[  0]: 0

Changing nstlist from 20 to 80, rlist from 1.225 to 1.323


Initializing Domain Decomposition on 48 ranks
Dynamic load balancing: auto
Using update groups, nr 3894, average size 3.0 atoms, max. radius 0.078 nm
Minimum cell size due to atom displacement: 0.448 nm
Scaling the initial minimum size with 1/0.8 (option -dds) = 1.25
Guess for relative PME load: 0.15
Will use 40 particle-particle and 8 PME only ranks
This is a guess, check the performance at the end of the log file
Using 8 separate PME ranks, as guessed by mdrun
Optimizing the DD grid for 40 cells with a minimum initial size of 0.560 nm
The maximum allowed number of cells is: X 8 Y 8 Z 8
Domain decomposition grid 8 x 5 x 1, separate PME ranks 8
PME domain decomposition: 8 x 1 x 1
Interleaving PP and PME ranks
This rank does only particle-particle work.
Domain decomposition rank 0, coordinates 0 0 0

The initial number of communication pulses is: X 3 Y 2
The initial domain decomposition cell size is: X 0.62 nm Y 1.00 nm

When dynamic load balancing gets turned on, these settings will change to:
The maximum number of communication pulses is: X 3 Y 3
The minimum size for domain decomposition cells is 0.493 nm
The requested allowed shrink of DD cells (option -dds) is: 0.80
The allowed shrink of domain decomposition cells is: X 0.79 Y 0.49
Using two step summing over 2 groups of on average 20.0 ranks


Using 48 MPI processes

Non-default thread affinity set, disabling internal thread affinity
System total charge: 0.000
Will do PME sum in reciprocal space for electrostatic interactions.

++++ PLEASE READ AND CITE THE FOLLOWING REFERENCE ++++
U. Essmann, L. Perera, M. L. Berkowitz, T. Darden, H. Lee and L. G. Pedersen 
A smooth particle mesh Ewald method
J. Chem. Phys. 103 (1995) pp. 8577-8592
-------- -------- --- Thank You --- -------- --------

Using a Gaussian width (1/beta) of 0.384195 nm for Ewald
Potential shift: LJ r^-12: -2.648e-01 r^-6: -5.349e-01, Ewald -8.333e-06
Initialized non-bonded Coulomb Ewald tables, spacing: 1.02e-03 size: 1176



Using SIMD 4x8 nonbonded short-range kernels

Using a dual 4x8 pair-list setup updated with dynamic pruning:
  outer list: updated every 80 steps, buffer 0.123 nm, rlist 1.323 nm
  inner list: updated every 12 steps, buffer 0.001 nm, rlist 1.201 nm
At tolerance 0.005 kJ/mol/ps per atom, equivalent classical 1x1 list would be:
  outer list: updated every 80 steps, buffer 0.266 nm, rlist 1.466 nm
  inner list: updated every 12 steps, buffer 0.047 nm, rlist 1.247 nm

The non-bonded pair calculation algorithm tolerates a few missing pair interactions close to the cut-off. This can lead to a systematic overestimation of the pressure due to missing LJ interactions. The error in the average pressure due to missing LJ interactions is at most 0.11 bar.
The pressure error can be controlled by setting the environment variable GMX_VERLET_BUFFER_PRESSURE_TOLERANCE to the allowed error in units of bar.

Linking all bonded interactions to atoms


++++ PLEASE READ AND CITE THE FOLLOWING REFERENCE ++++
S. Miyamoto and P. A. Kollman
SETTLE: An Analytical Version of the SHAKE and RATTLE Algorithms for Rigid
Water Models
J. Comp. Chem. 13 (1992) pp. 952-962
-------- -------- --- Thank You --- -------- --------


Intra-simulation communication will occur every 100 steps.

++++ PLEASE READ AND CITE THE FOLLOWING REFERENCE ++++
G. Bussi, D. Donadio and M. Parrinello
Canonical sampling through velocity rescaling
J. Chem. Phys. 126 (2007) pp. 014101
-------- -------- --- Thank You --- -------- --------

There are: 11654 Atoms
Atom distribution over 40 domains: av 291 stddev 19 min 270 max 315
Center of mass motion removal mode is Linear
We have the following groups for center of mass motion removal:
  0:  SOLV

Started mdrun on rank 0 Thu Oct  3 11:59:39 2024

           Step           Time
              0        0.00000

   Energies (kJ/mol)
        LJ (SR)   Coulomb (SR)   Coul. recip.      Potential    Kinetic En.
    1.76228e+04   -1.78146e+05    5.77278e+02   -1.59946e+05    3.01592e+04
   Total Energy  Conserved En.    Temperature Pressure (bar)
   -1.29786e+05   -1.29786e+05    3.11104e+02   -1.60990e+02


DD  step 79 load imb.: force  7.7%  pme mesh/force 1.017

step 240 Turning on dynamic load balancing, because the performance loss due to load imbalance is 2.2 %.
step 4800 Turning off dynamic load balancing, because it is degrading performance.
Atom distribution over 40 domains: av 291 stddev 20 min 268 max 322
           Step           Time
           5000       10.00000

   Energies (kJ/mol)
        LJ (SR)   Coulomb (SR)   Coul. recip.      Potential    Kinetic En.
    1.70586e+04   -1.78011e+05    5.98830e+02   -1.60353e+05    3.02673e+04
   Total Energy  Conserved En.    Temperature Pressure (bar)
   -1.30086e+05   -1.29918e+05    3.12220e+02   -9.36240e+02

step 8000 Turning on dynamic load balancing, because the performance loss due to load imbalance is 6.3 %.

DD  step 9999  vol min/aver 0.924  load imb.: force  6.0%  pme mesh/force 0.657
           Step           Time
          10000       20.00000

   Energies (kJ/mol)
        LJ (SR)   Coulomb (SR)   Coul. recip.      Potential    Kinetic En.
    1.65031e+04   -1.76273e+05    5.74978e+02   -1.59195e+05    3.00981e+04
   Total Energy  Conserved En.    Temperature Pressure (bar)
   -1.29097e+05   -1.29910e+05    3.10474e+02   -9.98052e+02

           Step           Time
          15000       30.00000

   Energies (kJ/mol)
        LJ (SR)   Coulomb (SR)   Coul. recip.      Potential    Kinetic En.
    1.66109e+04   -1.77121e+05    5.81387e+02   -1.59929e+05    2.97737e+04
   Total Energy  Conserved En.    Temperature Pressure (bar)
   -1.30155e+05   -1.29903e+05    3.07127e+02   -1.06951e+03


DD  step 19999  vol min/aver 0.885  load imb.: force  7.9%  pme mesh/force 0.695
           Step           Time
          20000       40.00000

   Energies (kJ/mol)
        LJ (SR)   Coulomb (SR)   Coul. recip.      Potential    Kinetic En.
    1.63433e+04   -1.76794e+05    6.04081e+02   -1.59847e+05    2.98261e+04
   Total Energy  Conserved En.    Temperature Pressure (bar)
   -1.30021e+05   -1.29897e+05    3.07668e+02   -1.15961e+03

           Step           Time
          25000       50.00000

   Energies (kJ/mol)
        LJ (SR)   Coulomb (SR)   Coul. recip.      Potential    Kinetic En.
    1.65358e+04   -1.76586e+05    5.91891e+02   -1.59458e+05    2.99935e+04
   Total Energy  Conserved En.    Temperature Pressure (bar)
   -1.29464e+05   -1.29888e+05    3.09395e+02   -9.87988e+02


DD  step 29999  vol min/aver 0.902  load imb.: force  8.2%  pme mesh/force 0.700
           Step           Time
          30000       60.00000

   Energies (kJ/mol)
        LJ (SR)   Coulomb (SR)   Coul. recip.      Potential    Kinetic En.
    1.65694e+04   -1.76881e+05    5.75714e+02   -1.59735e+05    2.99664e+04
   Total Energy  Conserved En.    Temperature Pressure (bar)
   -1.29769e+05   -1.29885e+05    3.09115e+02   -1.09377e+03

           Step           Time
          35000       70.00000

   Energies (kJ/mol)
        LJ (SR)   Coulomb (SR)   Coul. recip.      Potential    Kinetic En.
    1.65596e+04   -1.77271e+05    6.20758e+02   -1.60090e+05    3.04548e+04
   Total Energy  Conserved En.    Temperature Pressure (bar)
   -1.29636e+05   -1.29878e+05    3.14154e+02   -1.12716e+03


DD  step 39999  vol min/aver 0.854  load imb.: force 11.0%  pme mesh/force 0.674
           Step           Time
          40000       80.00000

   Energies (kJ/mol)
        LJ (SR)   Coulomb (SR)   Coul. recip.      Potential    Kinetic En.
    1.68865e+04   -1.76957e+05    5.56358e+02   -1.59514e+05    2.99187e+04
   Total Energy  Conserved En.    Temperature Pressure (bar)
   -1.29595e+05   -1.29867e+05    3.08623e+02   -7.80821e+02

           Step           Time
          45000       90.00000

   Energies (kJ/mol)
        LJ (SR)   Coulomb (SR)   Coul. recip.      Potential    Kinetic En.
    1.68260e+04   -1.76583e+05    5.86869e+02   -1.59170e+05    2.96360e+04
   Total Energy  Conserved En.    Temperature Pressure (bar)
   -1.29534e+05   -1.29858e+05    3.05707e+02   -8.64100e+02


DD  step 49999  vol min/aver 0.878  load imb.: force  6.3%  pme mesh/force 0.666
           Step           Time
          50000      100.00000

   Energies (kJ/mol)
        LJ (SR)   Coulomb (SR)   Coul. recip.      Potential    Kinetic En.
    1.63611e+04   -1.76165e+05    5.94180e+02   -1.59210e+05    2.95396e+04
   Total Energy  Conserved En.    Temperature Pressure (bar)
   -1.29670e+05   -1.29853e+05    3.04712e+02   -1.02825e+03

           Step           Time
          55000      110.00000

   Energies (kJ/mol)
        LJ (SR)   Coulomb (SR)   Coul. recip.      Potential    Kinetic En.
    1.63248e+04   -1.76491e+05    5.74298e+02   -1.59592e+05    3.00203e+04
   Total Energy  Conserved En.    Temperature Pressure (bar)
   -1.29572e+05   -1.29851e+05    3.09671e+02   -1.18806e+03


DD  step 59999  vol min/aver 0.920  load imb.: force  9.3%  pme mesh/force 0.689
           Step           Time
          60000      120.00000

   Energies (kJ/mol)
        LJ (SR)   Coulomb (SR)   Coul. recip.      Potential    Kinetic En.
    1.69933e+04   -1.77719e+05    6.11684e+02   -1.60114e+05    3.04377e+04
   Total Energy  Conserved En.    Temperature Pressure (bar)
   -1.29676e+05   -1.29845e+05    3.13976e+02   -9.10834e+02

           Step           Time
          65000      130.00000

   Energies (kJ/mol)
        LJ (SR)   Coulomb (SR)   Coul. recip.      Potential    Kinetic En.
    1.57259e+04   -1.75750e+05    6.14677e+02   -1.59410e+05    3.03482e+04
   Total Energy  Conserved En.    Temperature Pressure (bar)
   -1.29061e+05   -1.29839e+05    3.13053e+02   -1.37061e+03


DD  step 69999  vol min/aver 0.915  load imb.: force  8.2%  pme mesh/force 0.705
           Step           Time
          70000      140.00000

   Energies (kJ/mol)
        LJ (SR)   Coulomb (SR)   Coul. recip.      Potential    Kinetic En.
    1.65473e+04   -1.76607e+05    5.91524e+02   -1.59468e+05    3.02196e+04
   Total Energy  Conserved En.    Temperature Pressure (bar)
   -1.29249e+05   -1.29829e+05    3.11727e+02   -1.00856e+03

           Step           Time
          75000      150.00000

   Energies (kJ/mol)
        LJ (SR)   Coulomb (SR)   Coul. recip.      Potential    Kinetic En.
    1.66565e+04   -1.76950e+05    6.12877e+02   -1.59681e+05    3.02024e+04
   Total Energy  Conserved En.    Temperature Pressure (bar)
   -1.29479e+05   -1.29820e+05    3.11550e+02   -9.75476e+02


DD  step 79999  vol min/aver 0.927  load imb.: force 10.1%  pme mesh/force 0.673
           Step           Time
          80000      160.00000

   Energies (kJ/mol)
        LJ (SR)   Coulomb (SR)   Coul. recip.      Potential    Kinetic En.
    1.68073e+04   -1.77171e+05    5.56631e+02   -1.59807e+05    3.03421e+04
   Total Energy  Conserved En.    Temperature Pressure (bar)
   -1.29464e+05   -1.29818e+05    3.12991e+02   -9.38605e+02

           Step           Time
          85000      170.00000

   Energies (kJ/mol)
        LJ (SR)   Coulomb (SR)   Coul. recip.      Potential    Kinetic En.
    1.70104e+04   -1.78172e+05    5.63750e+02   -1.60598e+05    3.02711e+04
   Total Energy  Conserved En.    Temperature Pressure (bar)
   -1.30327e+05   -1.29812e+05    3.12258e+02   -1.01890e+03


DD  step 89999  vol min/aver 0.919  load imb.: force  9.0%  pme mesh/force 0.663
           Step           Time
          90000      180.00000

   Energies (kJ/mol)
        LJ (SR)   Coulomb (SR)   Coul. recip.      Potential    Kinetic En.
    1.68940e+04   -1.77523e+05    5.95146e+02   -1.60034e+05    2.98431e+04
   Total Energy  Conserved En.    Temperature Pressure (bar)
   -1.30191e+05   -1.29797e+05    3.07844e+02   -9.46145e+02

           Step           Time
          95000      190.00000

   Energies (kJ/mol)
        LJ (SR)   Coulomb (SR)   Coul. recip.      Potential    Kinetic En.
    1.64181e+04   -1.76809e+05    6.00670e+02   -1.59791e+05    2.99567e+04
   Total Energy  Conserved En.    Temperature Pressure (bar)
   -1.29834e+05   -1.29792e+05    3.09015e+02   -1.11589e+03


DD  step 99999  vol min/aver 0.914  load imb.: force  7.3%  pme mesh/force 0.653
           Step           Time
         100000      200.00000

   Energies (kJ/mol)
        LJ (SR)   Coulomb (SR)   Coul. recip.      Potential    Kinetic En.
    1.62146e+04   -1.76386e+05    6.01325e+02   -1.59570e+05    3.02963e+04
   Total Energy  Conserved En.    Temperature Pressure (bar)
   -1.29273e+05   -1.29796e+05    3.12519e+02   -1.22280e+03

           Step           Time
         105000      210.00000

   Energies (kJ/mol)
        LJ (SR)   Coulomb (SR)   Coul. recip.      Potential    Kinetic En.
    1.65613e+04   -1.76464e+05    5.98007e+02   -1.59304e+05    3.04140e+04
   Total Energy  Conserved En.    Temperature Pressure (bar)
   -1.28890e+05   -1.29785e+05    3.13733e+02   -8.84173e+02


DD  step 109999  vol min/aver 0.919  load imb.: force  5.3%  pme mesh/force 0.686
           Step           Time
         110000      220.00000

   Energies (kJ/mol)
        LJ (SR)   Coulomb (SR)   Coul. recip.      Potential    Kinetic En.
    1.73702e+04   -1.77589e+05    5.74885e+02   -1.59644e+05    3.00160e+04
   Total Energy  Conserved En.    Temperature Pressure (bar)
   -1.29628e+05   -1.29770e+05    3.09627e+02   -5.97351e+02

           Step           Time
         115000      230.00000

   Energies (kJ/mol)
        LJ (SR)   Coulomb (SR)   Coul. recip.      Potential    Kinetic En.
    1.70509e+04   -1.77842e+05    5.78287e+02   -1.60213e+05    3.01036e+04
   Total Energy  Conserved En.    Temperature Pressure (bar)
   -1.30109e+05   -1.29770e+05    3.10530e+02   -8.84839e+02


DD  step 119999  vol min/aver 0.923  load imb.: force  7.7%  pme mesh/force 0.692
           Step           Time
         120000      240.00000

   Energies (kJ/mol)
        LJ (SR)   Coulomb (SR)   Coul. recip.      Potential    Kinetic En.
    1.64513e+04   -1.76363e+05    5.70775e+02   -1.59341e+05    3.01484e+04
   Total Energy  Conserved En.    Temperature Pressure (bar)
   -1.29193e+05   -1.29764e+05    3.10993e+02   -1.02879e+03

           Step           Time
         125000      250.00000

   Energies (kJ/mol)
        LJ (SR)   Coulomb (SR)   Coul. recip.      Potential    Kinetic En.
    1.69626e+04   -1.77351e+05    5.81999e+02   -1.59806e+05    2.96533e+04
   Total Energy  Conserved En.    Temperature Pressure (bar)
   -1.30153e+05   -1.29751e+05    3.05885e+02   -8.82191e+02


DD  step 129999  vol min/aver 0.844  load imb.: force  9.4%  pme mesh/force 0.658
           Step           Time
         130000      260.00000

   Energies (kJ/mol)
        LJ (SR)   Coulomb (SR)   Coul. recip.      Potential    Kinetic En.
    1.65214e+04   -1.76500e+05    5.67375e+02   -1.59411e+05    2.98746e+04
   Total Energy  Conserved En.    Temperature Pressure (bar)
   -1.29537e+05   -1.29750e+05    3.08168e+02   -1.08758e+03

           Step           Time
         135000      270.00000

   Energies (kJ/mol)
        LJ (SR)   Coulomb (SR)   Coul. recip.      Potential    Kinetic En.
    1.66902e+04   -1.77266e+05    5.89625e+02   -1.59986e+05    2.99103e+04
   Total Energy  Conserved En.    Temperature Pressure (bar)
   -1.30076e+05   -1.29739e+05    3.08536e+02   -1.05941e+03


DD  step 139999  vol min/aver 0.910  load imb.: force  8.2%  pme mesh/force 0.694
           Step           Time
         140000      280.00000

   Energies (kJ/mol)
        LJ (SR)   Coulomb (SR)   Coul. recip.      Potential    Kinetic En.
    1.65605e+04   -1.76841e+05    6.13443e+02   -1.59667e+05    2.99595e+04
   Total Energy  Conserved En.    Temperature Pressure (bar)
   -1.29708e+05   -1.29735e+05    3.09044e+02   -1.05038e+03

           Step           Time
         145000      290.00000

   Energies (kJ/mol)
        LJ (SR)   Coulomb (SR)   Coul. recip.      Potential    Kinetic En.
    1.71331e+04   -1.77408e+05    6.06572e+02   -1.59669e+05    3.01378e+04
   Total Energy  Conserved En.    Temperature Pressure (bar)
   -1.29531e+05   -1.29727e+05    3.10883e+02   -7.43402e+02


DD  step 149999  vol min/aver 0.898  load imb.: force  7.4%  pme mesh/force 0.704
           Step           Time
         150000      300.00000

   Energies (kJ/mol)
        LJ (SR)   Coulomb (SR)   Coul. recip.      Potential    Kinetic En.
    1.67915e+04   -1.76318e+05    6.02480e+02   -1.58924e+05    2.96964e+04
   Total Energy  Conserved En.    Temperature Pressure (bar)
   -1.29228e+05   -1.29716e+05    3.06330e+02   -8.54781e+02

           Step           Time
         155000      310.00000

   Energies (kJ/mol)
        LJ (SR)   Coulomb (SR)   Coul. recip.      Potential    Kinetic En.
    1.68664e+04   -1.77153e+05    5.97341e+02   -1.59690e+05    2.98060e+04
   Total Energy  Conserved En.    Temperature Pressure (bar)
   -1.29884e+05   -1.29709e+05    3.07460e+02   -9.15157e+02


DD  step 159999  vol min/aver 0.910  load imb.: force  8.0%  pme mesh/force 0.694
           Step           Time
         160000      320.00000

   Energies (kJ/mol)
        LJ (SR)   Coulomb (SR)   Coul. recip.      Potential    Kinetic En.
    1.69574e+04   -1.76509e+05    5.55298e+02   -1.58996e+05    2.95279e+04
   Total Energy  Conserved En.    Temperature Pressure (bar)
   -1.29469e+05   -1.29708e+05    3.04592e+02   -7.92346e+02

           Step           Time
         165000      330.00000

   Energies (kJ/mol)
        LJ (SR)   Coulomb (SR)   Coul. recip.      Potential    Kinetic En.
    1.67852e+04   -1.76622e+05    5.82156e+02   -1.59255e+05    2.99338e+04
   Total Energy  Conserved En.    Temperature Pressure (bar)
   -1.29321e+05   -1.29706e+05    3.08779e+02   -9.30894e+02


DD  step 169999  vol min/aver 0.919  load imb.: force  7.9%  pme mesh/force 0.667
           Step           Time
         170000      340.00000

   Energies (kJ/mol)
        LJ (SR)   Coulomb (SR)   Coul. recip.      Potential    Kinetic En.
    1.66672e+04   -1.76888e+05    5.87834e+02   -1.59633e+05    3.02141e+04
   Total Energy  Conserved En.    Temperature Pressure (bar)
   -1.29419e+05   -1.29701e+05    3.11671e+02   -9.70166e+02

           Step           Time
         175000      350.00000

   Energies (kJ/mol)
        LJ (SR)   Coulomb (SR)   Coul. recip.      Potential    Kinetic En.
    1.60419e+04   -1.76413e+05    5.85362e+02   -1.59786e+05    2.98483e+04
   Total Energy  Conserved En.    Temperature Pressure (bar)
   -1.29937e+05   -1.29692e+05    3.07897e+02   -1.28972e+03


DD  step 179999  vol min/aver 0.913  load imb.: force 10.2%  pme mesh/force 0.714
           Step           Time
         180000      360.00000

   Energies (kJ/mol)
        LJ (SR)   Coulomb (SR)   Coul. recip.      Potential    Kinetic En.
    1.67384e+04   -1.77347e+05    5.95116e+02   -1.60014e+05    2.99498e+04
   Total Energy  Conserved En.    Temperature Pressure (bar)
   -1.30064e+05   -1.29681e+05    3.08944e+02   -1.00851e+03

           Step           Time
         185000      370.00000

   Energies (kJ/mol)
        LJ (SR)   Coulomb (SR)   Coul. recip.      Potential    Kinetic En.
    1.63519e+04   -1.76091e+05    5.74076e+02   -1.59165e+05    3.00420e+04
   Total Energy  Conserved En.    Temperature Pressure (bar)
   -1.29123e+05   -1.29684e+05    3.09895e+02   -1.09508e+03


DD  step 189999  vol min/aver 0.869  load imb.: force  7.0%  pme mesh/force 0.655
           Step           Time
         190000      380.00000

   Energies (kJ/mol)
        LJ (SR)   Coulomb (SR)   Coul. recip.      Potential    Kinetic En.
    1.66866e+04   -1.76909e+05    6.03073e+02   -1.59619e+05    2.98770e+04
   Total Energy  Conserved En.    Temperature Pressure (bar)
   -1.29742e+05   -1.29671e+05    3.08193e+02   -1.00450e+03

           Step           Time
         195000      390.00000

   Energies (kJ/mol)
        LJ (SR)   Coulomb (SR)   Coul. recip.      Potential    Kinetic En.
    1.64314e+04   -1.76765e+05    5.77916e+02   -1.59756e+05    2.95216e+04
   Total Energy  Conserved En.    Temperature Pressure (bar)
   -1.30234e+05   -1.29666e+05    3.04527e+02   -1.15185e+03


DD  step 199999  vol min/aver 0.898  load imb.: force  7.2%  pme mesh/force 0.650
           Step           Time
         200000      400.00000

   Energies (kJ/mol)
        LJ (SR)   Coulomb (SR)   Coul. recip.      Potential    Kinetic En.
    1.71043e+04   -1.77824e+05    5.86109e+02   -1.60134e+05    2.99426e+04
   Total Energy  Conserved En.    Temperature Pressure (bar)
   -1.30191e+05   -1.29657e+05    3.08869e+02   -8.61824e+02

           Step           Time
         205000      410.00000

   Energies (kJ/mol)
        LJ (SR)   Coulomb (SR)   Coul. recip.      Potential    Kinetic En.
    1.61076e+04   -1.76350e+05    5.92626e+02   -1.59650e+05    3.01632e+04
   Total Energy  Conserved En.    Temperature Pressure (bar)
   -1.29487e+05   -1.29663e+05    3.11145e+02   -1.29638e+03


DD  step 209999  vol min/aver 0.830  load imb.: force  8.1%  pme mesh/force 0.670
           Step           Time
         210000      420.00000

   Energies (kJ/mol)
        LJ (SR)   Coulomb (SR)   Coul. recip.      Potential    Kinetic En.
    1.65668e+04   -1.76396e+05    6.29303e+02   -1.59199e+05    2.98552e+04
   Total Energy  Conserved En.    Temperature Pressure (bar)
   -1.29344e+05   -1.29640e+05    3.07969e+02   -9.45980e+02

           Step           Time
         215000      430.00000

   Energies (kJ/mol)
        LJ (SR)   Coulomb (SR)   Coul. recip.      Potential    Kinetic En.
    1.69003e+04   -1.76618e+05    5.76933e+02   -1.59140e+05    2.99904e+04
   Total Energy  Conserved En.    Temperature Pressure (bar)
   -1.29150e+05   -1.29639e+05    3.09363e+02   -7.57365e+02


DD  step 219999  vol min/aver 0.888  load imb.: force  7.0%  pme mesh/force 0.676
           Step           Time
         220000      440.00000

   Energies (kJ/mol)
        LJ (SR)   Coulomb (SR)   Coul. recip.      Potential    Kinetic En.
    1.68731e+04   -1.76720e+05    6.24672e+02   -1.59222e+05    3.04795e+04
   Total Energy  Conserved En.    Temperature Pressure (bar)
   -1.28743e+05   -1.29631e+05    3.14408e+02   -8.11125e+02

           Step           Time
         225000      450.00000

   Energies (kJ/mol)
        LJ (SR)   Coulomb (SR)   Coul. recip.      Potential    Kinetic En.
    1.65770e+04   -1.76685e+05    5.79258e+02   -1.59529e+05    2.98971e+04
   Total Energy  Conserved En.    Temperature Pressure (bar)
   -1.29632e+05   -1.29628e+05    3.08401e+02   -1.01766e+03


DD  step 229999  vol min/aver 0.891  load imb.: force  5.4%  pme mesh/force 0.650
           Step           Time
         230000      460.00000

   Energies (kJ/mol)
        LJ (SR)   Coulomb (SR)   Coul. recip.      Potential    Kinetic En.
    1.67749e+04   -1.77035e+05    5.77633e+02   -1.59683e+05    2.98594e+04
   Total Energy  Conserved En.    Temperature Pressure (bar)
   -1.29823e+05   -1.29624e+05    3.08012e+02   -1.00855e+03

           Step           Time
         235000      470.00000

   Energies (kJ/mol)
        LJ (SR)   Coulomb (SR)   Coul. recip.      Potential    Kinetic En.
    1.70330e+04   -1.76852e+05    5.77424e+02   -1.59241e+05    3.02153e+04
   Total Energy  Conserved En.    Temperature Pressure (bar)
   -1.29026e+05   -1.29616e+05    3.11683e+02   -7.59629e+02


DD  step 239999  vol min/aver 0.891  load imb.: force  8.4%  pme mesh/force 0.686
           Step           Time
         240000      480.00000

   Energies (kJ/mol)
        LJ (SR)   Coulomb (SR)   Coul. recip.      Potential    Kinetic En.
    1.61287e+04   -1.76100e+05    6.09198e+02   -1.59362e+05    2.98652e+04
   Total Energy  Conserved En.    Temperature Pressure (bar)
   -1.29497e+05   -1.29607e+05    3.08071e+02   -1.20735e+03

           Step           Time
         245000      490.00000

   Energies (kJ/mol)
        LJ (SR)   Coulomb (SR)   Coul. recip.      Potential    Kinetic En.
    1.67212e+04   -1.76304e+05    5.90660e+02   -1.58992e+05    2.98015e+04
   Total Energy  Conserved En.    Temperature Pressure (bar)
   -1.29190e+05   -1.29600e+05    3.07415e+02   -8.66749e+02


DD  step 249999  vol min/aver 0.935  load imb.: force  6.6%  pme mesh/force 0.652
           Step           Time
         250000      500.00000

   Energies (kJ/mol)
        LJ (SR)   Coulomb (SR)   Coul. recip.      Potential    Kinetic En.
    1.65992e+04   -1.76720e+05    5.88292e+02   -1.59533e+05    2.97188e+04
   Total Energy  Conserved En.    Temperature Pressure (bar)
   -1.29814e+05   -1.29591e+05    3.06561e+02   -9.40064e+02

           Step           Time
         255000      510.00000

   Energies (kJ/mol)
        LJ (SR)   Coulomb (SR)   Coul. recip.      Potential    Kinetic En.
    1.68633e+04   -1.76879e+05    6.07147e+02   -1.59408e+05    3.03137e+04
   Total Energy  Conserved En.    Temperature Pressure (bar)
   -1.29094e+05   -1.29588e+05    3.12698e+02   -8.23529e+02


DD  step 259999  vol min/aver 0.902  load imb.: force  7.4%  pme mesh/force 0.639
           Step           Time
         260000      520.00000

   Energies (kJ/mol)
        LJ (SR)   Coulomb (SR)   Coul. recip.      Potential    Kinetic En.
    1.66334e+04   -1.76883e+05    5.76310e+02   -1.59673e+05    2.95796e+04
   Total Energy  Conserved En.    Temperature Pressure (bar)
   -1.30093e+05   -1.29581e+05    3.05126e+02   -1.06169e+03

           Step           Time
         265000      530.00000

   Energies (kJ/mol)
        LJ (SR)   Coulomb (SR)   Coul. recip.      Potential    Kinetic En.
    1.59322e+04   -1.75779e+05    6.21908e+02   -1.59225e+05    3.01692e+04
   Total Energy  Conserved En.    Temperature Pressure (bar)
   -1.29056e+05   -1.29577e+05    3.11207e+02   -1.27578e+03


DD  step 269999  vol min/aver 0.901  load imb.: force  6.2%  pme mesh/force 0.675
           Step           Time
         270000      540.00000

   Energies (kJ/mol)
        LJ (SR)   Coulomb (SR)   Coul. recip.      Potential    Kinetic En.
    1.63272e+04   -1.76588e+05    5.49538e+02   -1.59711e+05    2.98162e+04
   Total Energy  Conserved En.    Temperature Pressure (bar)
   -1.29895e+05   -1.29565e+05    3.07565e+02   -1.18144e+03


step 273600 Turning off dynamic load balancing, because it is degrading performance.
Atom distribution over 40 domains: av 291 stddev 20 min 264 max 321
           Step           Time
         275000      550.00000

   Energies (kJ/mol)
        LJ (SR)   Coulomb (SR)   Coul. recip.      Potential    Kinetic En.
    1.65794e+04   -1.76884e+05    5.79971e+02   -1.59724e+05    3.02569e+04
   Total Energy  Conserved En.    Temperature Pressure (bar)
   -1.29468e+05   -1.29562e+05    3.12112e+02   -1.03860e+03


DD  step 279999 load imb.: force  7.2%  pme mesh/force 0.649
           Step           Time
         280000      560.00000

   Energies (kJ/mol)
        LJ (SR)   Coulomb (SR)   Coul. recip.      Potential    Kinetic En.
    1.61023e+04   -1.76039e+05    6.04459e+02   -1.59333e+05    3.01168e+04
   Total Energy  Conserved En.    Temperature Pressure (bar)
   -1.29216e+05   -1.29556e+05    3.10667e+02   -1.25538e+03

           Step           Time
         285000      570.00000

   Energies (kJ/mol)
        LJ (SR)   Coulomb (SR)   Coul. recip.      Potential    Kinetic En.
    1.67053e+04   -1.77085e+05    5.49548e+02   -1.59831e+05    3.02031e+04
   Total Energy  Conserved En.    Temperature Pressure (bar)
   -1.29627e+05   -1.29552e+05    3.11557e+02   -1.02018e+03


step 288000 Turning on dynamic load balancing, because the performance loss due to load imbalance is 6.9 %.
step 289600 Turning off dynamic load balancing, because it is degrading performance.
Atom distribution over 40 domains: av 291 stddev 21 min 255 max 331

DD  step 289999 load imb.: force 10.4%  pme mesh/force 0.675
           Step           Time
         290000      580.00000

   Energies (kJ/mol)
        LJ (SR)   Coulomb (SR)   Coul. recip.      Potential    Kinetic En.
    1.70163e+04   -1.76615e+05    6.29231e+02   -1.58970e+05    2.99692e+04
   Total Energy  Conserved En.    Temperature Pressure (bar)
   -1.29001e+05   -1.29545e+05    3.09144e+02   -7.30745e+02

           Step           Time
         295000      590.00000

   Energies (kJ/mol)
        LJ (SR)   Coulomb (SR)   Coul. recip.      Potential    Kinetic En.
    1.63678e+04   -1.77015e+05    5.68352e+02   -1.60079e+05    2.99406e+04
   Total Energy  Conserved En.    Temperature Pressure (bar)
   -1.30139e+05   -1.29540e+05    3.08850e+02   -1.21338e+03


step 296000 Will no longer try dynamic load balancing, as it degraded performance.

DD  step 299999 load imb.: force  8.3%  pme mesh/force 0.689
           Step           Time
         300000      600.00000

   Energies (kJ/mol)
        LJ (SR)   Coulomb (SR)   Coul. recip.      Potential    Kinetic En.
    1.63849e+04   -1.76662e+05    5.79104e+02   -1.59698e+05    3.02043e+04
   Total Energy  Conserved En.    Temperature Pressure (bar)
   -1.29494e+05   -1.29534e+05    3.11570e+02   -1.11319e+03

           Step           Time
         305000      610.00000

   Energies (kJ/mol)
        LJ (SR)   Coulomb (SR)   Coul. recip.      Potential    Kinetic En.
    1.69742e+04   -1.77425e+05    5.95304e+02   -1.59855e+05    2.98147e+04
   Total Energy  Conserved En.    Temperature Pressure (bar)
   -1.30040e+05   -1.29514e+05    3.07551e+02   -8.85903e+02


DD  step 309999 load imb.: force  7.1%  pme mesh/force 0.654
           Step           Time
         310000      620.00000

   Energies (kJ/mol)
        LJ (SR)   Coulomb (SR)   Coul. recip.      Potential    Kinetic En.
    1.70231e+04   -1.77482e+05    6.00829e+02   -1.59858e+05    2.97926e+04
   Total Energy  Conserved En.    Temperature Pressure (bar)
   -1.30066e+05   -1.29510e+05    3.07322e+02   -8.21183e+02

           Step           Time
         315000      630.00000

   Energies (kJ/mol)
        LJ (SR)   Coulomb (SR)   Coul. recip.      Potential    Kinetic En.
    1.68395e+04   -1.77202e+05    5.47452e+02   -1.59815e+05    2.98545e+04
   Total Energy  Conserved En.    Temperature Pressure (bar)
   -1.29961e+05   -1.29504e+05    3.07961e+02   -9.43025e+02


DD  step 319999 load imb.: force  8.2%  pme mesh/force 0.668
           Step           Time
         320000      640.00000

   Energies (kJ/mol)
        LJ (SR)   Coulomb (SR)   Coul. recip.      Potential    Kinetic En.
    1.60360e+04   -1.76343e+05    5.83213e+02   -1.59724e+05    3.04465e+04
   Total Energy  Conserved En.    Temperature Pressure (bar)
   -1.29277e+05   -1.29508e+05    3.14068e+02   -1.30506e+03

           Step           Time
         325000      650.00000

   Energies (kJ/mol)
        LJ (SR)   Coulomb (SR)   Coul. recip.      Potential    Kinetic En.
    1.64067e+04   -1.76684e+05    5.77522e+02   -1.59699e+05    3.00388e+04
   Total Energy  Conserved En.    Temperature Pressure (bar)
   -1.29661e+05   -1.29498e+05    3.09862e+02   -1.10011e+03


DD  step 329999 load imb.: force  8.1%  pme mesh/force 0.667
           Step           Time
         330000      660.00000

   Energies (kJ/mol)
        LJ (SR)   Coulomb (SR)   Coul. recip.      Potential    Kinetic En.
    1.71535e+04   -1.77898e+05    6.07552e+02   -1.60137e+05    3.03559e+04
   Total Energy  Conserved En.    Temperature Pressure (bar)
   -1.29782e+05   -1.29485e+05    3.13133e+02   -7.49899e+02

           Step           Time
         335000      670.00000

   Energies (kJ/mol)
        LJ (SR)   Coulomb (SR)   Coul. recip.      Potential    Kinetic En.
    1.66313e+04   -1.76763e+05    6.13552e+02   -1.59518e+05    2.98522e+04
   Total Energy  Conserved En.    Temperature Pressure (bar)
   -1.29666e+05   -1.29480e+05    3.07937e+02   -1.01086e+03


DD  step 339999 load imb.: force 11.1%  pme mesh/force 0.649
           Step           Time
         340000      680.00000

   Energies (kJ/mol)
        LJ (SR)   Coulomb (SR)   Coul. recip.      Potential    Kinetic En.
    1.67974e+04   -1.77195e+05    5.69487e+02   -1.59828e+05    2.99670e+04
   Total Energy  Conserved En.    Temperature Pressure (bar)
   -1.29861e+05   -1.29476e+05    3.09121e+02   -9.26803e+02

           Step           Time
         345000      690.00000

   Energies (kJ/mol)
        LJ (SR)   Coulomb (SR)   Coul. recip.      Potential    Kinetic En.
    1.65248e+04   -1.77305e+05    5.60558e+02   -1.60220e+05    3.02727e+04
   Total Energy  Conserved En.    Temperature Pressure (bar)
   -1.29947e+05   -1.29465e+05    3.12275e+02   -1.16776e+03


DD  step 349999 load imb.: force  8.2%  pme mesh/force 0.648
           Step           Time
         350000      700.00000

   Energies (kJ/mol)
        LJ (SR)   Coulomb (SR)   Coul. recip.      Potential    Kinetic En.
    1.71447e+04   -1.76901e+05    5.98646e+02   -1.59158e+05    3.04569e+04
   Total Energy  Conserved En.    Temperature Pressure (bar)
   -1.28701e+05   -1.29459e+05    3.14175e+02   -5.84582e+02

           Step           Time
         355000      710.00000

   Energies (kJ/mol)
        LJ (SR)   Coulomb (SR)   Coul. recip.      Potential    Kinetic En.
    1.69217e+04   -1.77296e+05    5.58558e+02   -1.59816e+05    2.98992e+04
   Total Energy  Conserved En.    Temperature Pressure (bar)
   -1.29916e+05   -1.29458e+05    3.08422e+02   -9.06239e+02


DD  step 359999 load imb.: force  7.3%  pme mesh/force 0.685
           Step           Time
         360000      720.00000

   Energies (kJ/mol)
        LJ (SR)   Coulomb (SR)   Coul. recip.      Potential    Kinetic En.
    1.63219e+04   -1.76817e+05    5.86001e+02   -1.59910e+05    3.05640e+04
   Total Energy  Conserved En.    Temperature Pressure (bar)
   -1.29345e+05   -1.29457e+05    3.15280e+02   -1.14154e+03

           Step           Time
         365000      730.00000

   Energies (kJ/mol)
        LJ (SR)   Coulomb (SR)   Coul. recip.      Potential    Kinetic En.
    1.64160e+04   -1.77029e+05    5.78226e+02   -1.60035e+05    3.05792e+04
   Total Energy  Conserved En.    Temperature Pressure (bar)
   -1.29456e+05   -1.29441e+05    3.15437e+02   -1.14501e+03


DD  step 369999 load imb.: force 11.9%  pme mesh/force 0.655
           Step           Time
         370000      740.00000

   Energies (kJ/mol)
        LJ (SR)   Coulomb (SR)   Coul. recip.      Potential    Kinetic En.
    1.65318e+04   -1.76802e+05    5.99339e+02   -1.59671e+05    2.98468e+04
   Total Energy  Conserved En.    Temperature Pressure (bar)
   -1.29824e+05   -1.29434e+05    3.07881e+02   -9.56221e+02

           Step           Time
         375000      750.00000

   Energies (kJ/mol)
        LJ (SR)   Coulomb (SR)   Coul. recip.      Potential    Kinetic En.
    1.65530e+04   -1.76794e+05    5.86440e+02   -1.59654e+05    3.00368e+04
   Total Energy  Conserved En.    Temperature Pressure (bar)
   -1.29618e+05   -1.29432e+05    3.09841e+02   -1.03547e+03


DD  step 379999 load imb.: force  7.0%  pme mesh/force 0.670
           Step           Time
         380000      760.00000

   Energies (kJ/mol)
        LJ (SR)   Coulomb (SR)   Coul. recip.      Potential    Kinetic En.
    1.68199e+04   -1.76445e+05    5.94279e+02   -1.59031e+05    3.00396e+04
   Total Energy  Conserved En.    Temperature Pressure (bar)
   -1.28991e+05   -1.29422e+05    3.09871e+02   -8.38008e+02

           Step           Time
         385000      770.00000

   Energies (kJ/mol)
        LJ (SR)   Coulomb (SR)   Coul. recip.      Potential    Kinetic En.
    1.73798e+04   -1.77462e+05    6.25769e+02   -1.59457e+05    2.98691e+04
   Total Energy  Conserved En.    Temperature Pressure (bar)
   -1.29588e+05   -1.29409e+05    3.08111e+02   -6.25424e+02


DD  step 389999 load imb.: force  9.6%  pme mesh/force 0.655
           Step           Time
         390000      780.00000

   Energies (kJ/mol)
        LJ (SR)   Coulomb (SR)   Coul. recip.      Potential    Kinetic En.
    1.66436e+04   -1.76664e+05    6.12989e+02   -1.59408e+05    3.01152e+04
   Total Energy  Conserved En.    Temperature Pressure (bar)
   -1.29292e+05   -1.29403e+05    3.10650e+02   -1.00364e+03

           Step           Time
         395000      790.00000

   Energies (kJ/mol)
        LJ (SR)   Coulomb (SR)   Coul. recip.      Potential    Kinetic En.
    1.67047e+04   -1.77051e+05    5.75603e+02   -1.59771e+05    2.98800e+04
   Total Energy  Conserved En.    Temperature Pressure (bar)
   -1.29891e+05   -1.29402e+05    3.08224e+02   -1.01267e+03


DD  step 399999 load imb.: force  8.1%  pme mesh/force 0.648
           Step           Time
         400000      800.00000

   Energies (kJ/mol)
        LJ (SR)   Coulomb (SR)   Coul. recip.      Potential    Kinetic En.
    1.70037e+04   -1.77733e+05    5.40106e+02   -1.60190e+05    3.03557e+04
   Total Energy  Conserved En.    Temperature Pressure (bar)
   -1.29834e+05   -1.29396e+05    3.13131e+02   -8.20313e+02

           Step           Time
         405000      810.00000

   Energies (kJ/mol)
        LJ (SR)   Coulomb (SR)   Coul. recip.      Potential    Kinetic En.
    1.66992e+04   -1.76368e+05    6.45040e+02   -1.59024e+05    2.93810e+04
   Total Energy  Conserved En.    Temperature Pressure (bar)
   -1.29643e+05   -1.29389e+05    3.03076e+02   -9.02917e+02


DD  step 409999 load imb.: force  8.2%  pme mesh/force 0.719
           Step           Time
         410000      820.00000

   Energies (kJ/mol)
        LJ (SR)   Coulomb (SR)   Coul. recip.      Potential    Kinetic En.
    1.72552e+04   -1.77989e+05    6.35405e+02   -1.60099e+05    3.01279e+04
   Total Energy  Conserved En.    Temperature Pressure (bar)
   -1.29971e+05   -1.29380e+05    3.10781e+02   -7.86529e+02

           Step           Time
         415000      830.00000

   Energies (kJ/mol)
        LJ (SR)   Coulomb (SR)   Coul. recip.      Potential    Kinetic En.
    1.67861e+04   -1.77817e+05    5.84142e+02   -1.60447e+05    3.01049e+04
   Total Energy  Conserved En.    Temperature Pressure (bar)
   -1.30342e+05   -1.29382e+05    3.10544e+02   -1.06546e+03


DD  step 419999 load imb.: force  9.0%  pme mesh/force 0.692
           Step           Time
         420000      840.00000

   Energies (kJ/mol)
        LJ (SR)   Coulomb (SR)   Coul. recip.      Potential    Kinetic En.
    1.75412e+04   -1.77885e+05    5.51769e+02   -1.59792e+05    2.94491e+04
   Total Energy  Conserved En.    Temperature Pressure (bar)
   -1.30343e+05   -1.29368e+05    3.03779e+02   -6.37566e+02

           Step           Time
         425000      850.00000

   Energies (kJ/mol)
        LJ (SR)   Coulomb (SR)   Coul. recip.      Potential    Kinetic En.
    1.67015e+04   -1.76318e+05    5.65114e+02   -1.59051e+05    3.03054e+04
   Total Energy  Conserved En.    Temperature Pressure (bar)
   -1.28746e+05   -1.29365e+05    3.12612e+02   -9.33774e+02


DD  step 429999 load imb.: force  8.0%  pme mesh/force 0.645
           Step           Time
         430000      860.00000

   Energies (kJ/mol)
        LJ (SR)   Coulomb (SR)   Coul. recip.      Potential    Kinetic En.
    1.64237e+04   -1.75567e+05    5.94932e+02   -1.58548e+05    3.02802e+04
   Total Energy  Conserved En.    Temperature Pressure (bar)
   -1.28268e+05   -1.29360e+05    3.12353e+02   -9.42560e+02

           Step           Time
         435000      870.00000

   Energies (kJ/mol)
        LJ (SR)   Coulomb (SR)   Coul. recip.      Potential    Kinetic En.
    1.71823e+04   -1.77257e+05    6.21320e+02   -1.59453e+05    2.98806e+04
   Total Energy  Conserved En.    Temperature Pressure (bar)
   -1.29573e+05   -1.29348e+05    3.08230e+02   -7.11748e+02


DD  step 439999 load imb.: force  9.3%  pme mesh/force 0.647
           Step           Time
         440000      880.00000

   Energies (kJ/mol)
        LJ (SR)   Coulomb (SR)   Coul. recip.      Potential    Kinetic En.
    1.62926e+04   -1.76264e+05    6.02474e+02   -1.59369e+05    2.98399e+04
   Total Energy  Conserved En.    Temperature Pressure (bar)
   -1.29529e+05   -1.29348e+05    3.07810e+02   -1.07897e+03

           Step           Time
         445000      890.00000

   Energies (kJ/mol)
        LJ (SR)   Coulomb (SR)   Coul. recip.      Potential    Kinetic En.
    1.67971e+04   -1.76865e+05    5.80362e+02   -1.59488e+05    3.00965e+04
   Total Energy  Conserved En.    Temperature Pressure (bar)
   -1.29391e+05   -1.29332e+05    3.10458e+02   -9.07952e+02


DD  step 449999 load imb.: force  8.0%  pme mesh/force 0.658
           Step           Time
         450000      900.00000

   Energies (kJ/mol)
        LJ (SR)   Coulomb (SR)   Coul. recip.      Potential    Kinetic En.
    1.65756e+04   -1.76544e+05    5.91033e+02   -1.59378e+05    3.03649e+04
   Total Energy  Conserved En.    Temperature Pressure (bar)
   -1.29013e+05   -1.29331e+05    3.13226e+02   -9.59670e+02

           Step           Time
         455000      910.00000

   Energies (kJ/mol)
        LJ (SR)   Coulomb (SR)   Coul. recip.      Potential    Kinetic En.
    1.70747e+04   -1.76828e+05    5.96813e+02   -1.59156e+05    3.00003e+04
   Total Energy  Conserved En.    Temperature Pressure (bar)
   -1.29156e+05   -1.29323e+05    3.09465e+02   -7.31446e+02


DD  step 459999 load imb.: force  8.6%  pme mesh/force 0.634
           Step           Time
         460000      920.00000

   Energies (kJ/mol)
        LJ (SR)   Coulomb (SR)   Coul. recip.      Potential    Kinetic En.
    1.66791e+04   -1.77769e+05    6.26507e+02   -1.60463e+05    3.01807e+04
   Total Energy  Conserved En.    Temperature Pressure (bar)
   -1.30282e+05   -1.29314e+05    3.11326e+02   -1.12038e+03

           Step           Time
         465000      930.00000

   Energies (kJ/mol)
        LJ (SR)   Coulomb (SR)   Coul. recip.      Potential    Kinetic En.
    1.62108e+04   -1.76725e+05    6.00257e+02   -1.59914e+05    3.00074e+04
   Total Energy  Conserved En.    Temperature Pressure (bar)
   -1.29907e+05   -1.29309e+05    3.09538e+02   -1.27432e+03


DD  step 469999 load imb.: force  6.4%  pme mesh/force 0.682
           Step           Time
         470000      940.00000

   Energies (kJ/mol)
        LJ (SR)   Coulomb (SR)   Coul. recip.      Potential    Kinetic En.
    1.74555e+04   -1.78153e+05    5.87654e+02   -1.60110e+05    3.01084e+04
   Total Energy  Conserved En.    Temperature Pressure (bar)
   -1.30002e+05   -1.29306e+05    3.10580e+02   -6.44861e+02

           Step           Time
         475000      950.00000

   Energies (kJ/mol)
        LJ (SR)   Coulomb (SR)   Coul. recip.      Potential    Kinetic En.
    1.69660e+04   -1.77535e+05    5.98330e+02   -1.59971e+05    2.96169e+04
   Total Energy  Conserved En.    Temperature Pressure (bar)
   -1.30354e+05   -1.29293e+05    3.05510e+02   -9.34141e+02


DD  step 479999 load imb.: force  8.2%  pme mesh/force 0.677
           Step           Time
         480000      960.00000

   Energies (kJ/mol)
        LJ (SR)   Coulomb (SR)   Coul. recip.      Potential    Kinetic En.
    1.67858e+04   -1.77063e+05    5.67461e+02   -1.59709e+05    2.98906e+04
   Total Energy  Conserved En.    Temperature Pressure (bar)
   -1.29819e+05   -1.29285e+05    3.08333e+02   -9.62185e+02

           Step           Time
         485000      970.00000

   Energies (kJ/mol)
        LJ (SR)   Coulomb (SR)   Coul. recip.      Potential    Kinetic En.
    1.68218e+04   -1.77440e+05    6.22775e+02   -1.59995e+05    3.07807e+04
   Total Energy  Conserved En.    Temperature Pressure (bar)
   -1.29215e+05   -1.29285e+05    3.17515e+02   -9.64730e+02


DD  step 489999 load imb.: force  9.0%  pme mesh/force 0.620
           Step           Time
         490000      980.00000

   Energies (kJ/mol)
        LJ (SR)   Coulomb (SR)   Coul. recip.      Potential    Kinetic En.
    1.66480e+04   -1.76098e+05    5.91620e+02   -1.58858e+05    2.95919e+04
   Total Energy  Conserved En.    Temperature Pressure (bar)
   -1.29266e+05   -1.29279e+05    3.05252e+02   -8.58292e+02

           Step           Time
         495000      990.00000

   Energies (kJ/mol)
        LJ (SR)   Coulomb (SR)   Coul. recip.      Potential    Kinetic En.
    1.70113e+04   -1.77122e+05    6.01125e+02   -1.59509e+05    2.97521e+04
   Total Energy  Conserved En.    Temperature Pressure (bar)
   -1.29757e+05   -1.29271e+05    3.06905e+02   -8.16015e+02


DD  step 499999 load imb.: force  7.0%  pme mesh/force 0.658
           Step           Time
         500000     1000.00000

Writing checkpoint, step 500000 at Thu Oct  3 12:04:26 2024


   Energies (kJ/mol)
        LJ (SR)   Coulomb (SR)   Coul. recip.      Potential    Kinetic En.
    1.65828e+04   -1.76414e+05    6.33241e+02   -1.59198e+05    2.98837e+04
   Total Energy  Conserved En.    Temperature Pressure (bar)
   -1.29314e+05   -1.29265e+05    3.08263e+02   -9.95822e+02


Energy conservation over simulation part #1 of length 1000 ps, time 0 to 1000 ps
  Conserved energy drift: 4.47e-05 kJ/mol/ps per atom


	<======  ###############  ==>
	<====  A V E R A G E S  ====>
	<==  ###############  ======>

	Statistics over 500001 steps using 5001 frames

   Energies (kJ/mol)
        LJ (SR)   Coulomb (SR)   Coul. recip.      Potential    Kinetic En.
    1.66760e+04   -1.76884e+05    5.89772e+02   -1.59618e+05    3.00453e+04
   Total Energy  Conserved En.    Temperature Pressure (bar)
   -1.29573e+05   -1.29593e+05    3.09929e+02   -9.85477e+02

   Total Virial (kJ/mol)
    1.37312e+04   -1.34587e+01    7.29815e-01
   -1.34562e+01    1.37148e+04   -9.29993e+00
    7.11489e-01   -9.30939e+00    1.37268e+04

   Pressure (bar)
   -9.87044e+02    3.68920e+00   -5.85454e-01
    3.68855e+00   -9.83130e+02    2.36882e+00
   -5.80586e-01    2.37133e+00   -9.86257e+02


	M E G A - F L O P S   A C C O U N T I N G

 NB=Group-cutoff nonbonded kernels    NxN=N-by-N cluster Verlet kernels
 RF=Reaction-Field  VdW=Van der Waals  QSTab=quadratic-spline table
 W3=SPC/TIP3p  W4=TIP4p (single or pairs)
 V&F=Potential and force  V=Potential only  F=Force only

 Computing:                               M-Number         M-Flops  % Flops
-----------------------------------------------------------------------------
 Pair Search distance check           43469.083330      391221.750     0.1
 NxN Ewald Elec. + LJ [F]           5128734.664272   400041303.813    94.4
 NxN Ewald Elec. + LJ [V&F]           51816.294304     6684301.965     1.6
 NxN Ewald Elec. [F]                  41820.860400     2551072.484     0.6
 NxN Ewald Elec. [V&F]                  422.442944       35485.207     0.0
 Calc Weights                         17481.034962      629317.259     0.1
 Spread Q Bspline                    372928.745856      745857.492     0.2
 Gather F Bspline                    372928.745856     2237572.475     0.5
 3D-FFT                             1198520.397036     9588163.176     2.3
 Solve PME                              882.001764       56448.113     0.0
 Reset In Box                            72.802538         218.408     0.0
 CG-CoM                                  72.849154         218.547     0.0
 Virial                                  67.283454        1211.102     0.0
 Stop-CM                                 58.281654         582.817     0.0
 Calc-Ekin                              116.563308        3147.209     0.0
 Constraint-V                          5820.011640       52380.105     0.0
 Constraint-Vir                          58.211640        1397.079     0.0
 Settle                                1940.003880      717801.436     0.2
-----------------------------------------------------------------------------
 Total                                               423737700.438   100.0
-----------------------------------------------------------------------------


    D O M A I N   D E C O M P O S I T I O N   S T A T I S T I C S

 av. #atoms communicated per step for force:  2 x 71364.1


Dynamic load balancing report:
 DLB got disabled because it was unsuitable to use.
 Average load imbalance: 8.1%.
 The balanceable part of the MD step is 86%, load imbalance is computed from this.
 Part of the total run time spent waiting due to load imbalance: 7.0%.
 Average PME mesh/force load: 0.673
 Part of the total run time spent waiting due to PP/PME imbalance: 5.1 %

NOTE: 7.0 % of the available CPU time was lost due to load imbalance
      in the domain decomposition.
      You can consider manually changing the decomposition (option -dd);
      e.g. by using fewer domains along the box dimension in which there is
      considerable inhomogeneity in the simulated system.
NOTE: 5.1 % performance was lost because the PME ranks
      had less work to do than the PP ranks.
      You might want to decrease the number of PME ranks
      or decrease the cut-off and the grid spacing.


      R E A L   C Y C L E   A N D   T I M E   A C C O U N T I N G

On 40 MPI ranks doing PP, and
on 8 MPI ranks doing PME

 Activity:              Num   Num      Call    Wall time         Giga-Cycles
                        Ranks Threads  Count      (s)         total sum    %
--------------------------------------------------------------------------------
 Domain decomp.           40    1       6250       2.632        304.538   0.8
 DD comm. load            40    1       2611       0.019          2.144   0.0
 DD comm. bounds          40    1       1699       0.079          9.186   0.0
 Send X to PME            40    1     500001       0.390         45.173   0.1
 Neighbor search          40    1       6251       4.137        478.762   1.2
 Comm. coord.             40    1     493750      17.443       2018.346   5.0
 Force                    40    1     500001     225.410      26082.863  65.2
 Wait + Comm. F           40    1     500001      28.233       3266.880   8.2
 PME mesh *                8    1     500001     170.609       3948.331   9.9
 PME wait for PP *                               117.276       2714.061   6.8
 Wait + Recv. PME F       40    1     500001       1.612        186.473   0.5
 NB X/F buffer ops.       40    1    1487501       4.492        519.834   1.3
 Write traj.              40    1        101       0.017          2.011   0.0
 Update                   40    1     500001       0.627         72.606   0.2
 Constraints              40    1     500001       1.298        150.140   0.4
 Comm. energies           40    1       5001       0.924        106.870   0.3
 Rest                                              0.758         87.742   0.2
--------------------------------------------------------------------------------
 Total                                           288.072      40000.280 100.0
--------------------------------------------------------------------------------
(*) Note that with separate PME ranks, the walltime column actually sums to
    twice the total reported, but the cycle count total and % are correct.
--------------------------------------------------------------------------------
 Breakdown of PME mesh activities
--------------------------------------------------------------------------------
 PME redist. X/F           8    1    1000002      23.540        544.765   1.4
 PME spread                8    1     500001      38.095        881.622   2.2
 PME gather                8    1     500001      25.523        590.667   1.5
 PME 3D-FFT                8    1    1000002      58.414       1351.852   3.4
 PME 3D-FFT Comm.          8    1    1000002      18.469        427.429   1.1
 PME solve Elec            8    1     500001       6.248        144.590   0.4
--------------------------------------------------------------------------------

               Core t (s)   Wall t (s)        (%)
       Time:    13825.803      288.072     4799.4
                 (ns/day)    (hour/ns)
Performance:      299.926        0.080
Finished mdrun on rank 0 Thu Oct  3 12:04:27 2024

