                      :-) GROMACS - gmx mdrun, 2023.3 (-:

Copyright 1991-2023 The GROMACS Authors.
GROMACS is free software; you can redistribute it and/or modify it
under the terms of the GNU Lesser General Public License
as published by the Free Software Foundation; either version 2.1
of the License, or (at your option) any later version.

                         Current GROMACS contributors:
       Mark Abraham           Andrey Alekseenko           Cathrine Bergh      
      Christian Blau            Eliane Briand             Mahesh Doijade      
    Stefan Fleischmann           Vytas Gapsys              Gaurav Garg        
      Sergey Gorelov         Gilles Gouaillardet            Alan Gray         
     M. Eric Irrgang         Farzaneh Jalalypour            Joe Jordan        
    Christoph Junghans        Prashanth Kanduri          Sebastian Keller     
     Carsten Kutzner           Justin A. Lemkul          Magnus Lundborg      
       Pascal Merz              Vedran Miletic            Dmitry Morozov      
       Szilard Pall             Roland Schulz             Michael Shirts      
     Alexey Shvetsov            Balint Soproni         David van der Spoel    
      Philip Turner             Carsten Uphoff           Alessandra Villa     
 Sebastian Wingbermuehle        Artem Zhmurov       

                         Previous GROMACS contributors:
        Emile Apol             Rossen Apostolov           James Barnett       
  Herman J.C. Berendsen          Par Bjelkmar           Viacheslav Bolnykh    
        Kevin Boyd            Aldert van Buuren          Carlo Camilloni      
     Rudi van Drunen            Anton Feenstra           Oliver Fleetwood     
     Gerrit Groenhof            Bert de Groot             Anca Hamuraru       
    Vincent Hindriksen          Victor Holanda           Aleksei Iupinov      
   Dimitrios Karkoulis           Peter Kasson             Sebastian Kehl      
        Jiri Kraus               Per Larsson              Viveca Lindahl      
      Erik Marklund           Pieter Meulenhoff           Teemu Murtola       
       Sander Pronk             Alfons Sijbers            Peter Tieleman      
       Jon Vincent             Teemu Virolainen         Christian Wennberg    
       Maarten Wolf       

                  Coordinated by the GROMACS project leaders:
                    Paul Bauer, Berk Hess, and Erik Lindahl

GROMACS:      gmx mdrun, version 2023.3
Executable:   /ext3/apps/gromacs/2023.3/openmpi/intel/bin/gmx_mpi
Data prefix:  /ext3/apps/gromacs/2023.3/openmpi/intel
Working dir:  /scratch/work/courses/CHEM-GA-2671-2024fa/students/zz10074/comp-lab-class-2024/Week4-CharmmGuiSetup/Setup/Ions_in_water_CHARMM36M/gromacs
Process ID:   781857
Command line:
  gmx_mpi mdrun -v -deffnm step5_2

GROMACS version:    2023.3
Precision:          mixed
Memory model:       64 bit
MPI library:        MPI
OpenMP support:     disabled
GPU support:        disabled
SIMD instructions:  AVX2_256
CPU FFT library:    fftw-3.3.8-sse2-avx-avx2-avx2_128
GPU FFT library:    none
Multi-GPU FFT:      none
RDTSCP usage:       enabled
TNG support:        enabled
Hwloc support:      disabled
Tracing support:    disabled
C compiler:         /share/apps/utils/intel/icc Intel 2021.5.0.20211109
C compiler flags:   -mavx2 -mfma -pthread -O3 -DNDEBUG
C++ compiler:       /share/apps/utils/intel/icpc Intel 2021.5.0.20211109
C++ compiler flags: -mavx2 -mfma -pthread -O3 -DNDEBUG
BLAS library:       External - detected on the system
LAPACK library:     External - detected on the system


Running on 2 nodes with total 48 cores, 48 processing units
  Cores per node:           24
  Logical processing units per node:   24
  OS CPU Limit / recommended threads to start per node:   24
Hardware detected on host cs155.hpc.nyu.edu (the node of MPI rank 0):
  CPU info:
    Vendor: Intel
    Brand:  Intel(R) Xeon(R) Platinum 8268 CPU @ 2.90GHz
    Family: 6   Model: 85   Stepping: 7
    Features: aes apic avx avx2 avx512f avx512cd avx512bw avx512vl avx512secondFMA clfsh cmov cx8 cx16 f16c fma htt intel lahf mmx msr nonstop_tsc pcid pclmuldq pdcm pdpe1gb popcnt pse rdrnd rdtscp sse2 sse3 sse4.1 sse4.2 ssse3 tdt x2apic
    Number of AVX-512 FMA units: 2
  Hardware topology: Basic
    Packages, cores, and logical processors:
    [indices refer to OS logical processors]
      Package  0: [   0] [   1] [   2] [   3] [   4] [   5] [   6] [   7] [   8] [   9] [  10] [  11] [  12] [  13] [  14] [  15] [  16] [  17] [  18] [  19] [  20] [  21] [  22] [  23]
    CPU limit set by OS: -1   Recommended max number of threads: 24

Likely fastest SIMD instructions supported by all nodes: AVX_512
SIMD instructions selected at compile time:              AVX2_256
Merely a note: it is unfortunately hard to know for sure which SIMD
instructons will perform best on this hardware. For non-GPU runs
on Intel CPUs with dual AVX-512 units, using AVX-512 can be good,
while AVX2 is often better for runs also using a GPU. Typically
this is just a few percent, so don't worry unless you are tuning.


++++ PLEASE READ AND CITE THE FOLLOWING REFERENCE ++++
M. J. Abraham, T. Murtola, R. Schulz, S. Páll, J. C. Smith, B. Hess, E.
Lindahl
GROMACS: High performance molecular simulations through multi-level
parallelism from laptops to supercomputers
SoftwareX 1 (2015) pp. 19-25
-------- -------- --- Thank You --- -------- --------


++++ PLEASE READ AND CITE THE FOLLOWING REFERENCE ++++
S. Páll, M. J. Abraham, C. Kutzner, B. Hess, E. Lindahl
Tackling Exascale Software Challenges in Molecular Dynamics Simulations with
GROMACS
In S. Markidis & E. Laure (Eds.), Solving Software Challenges for Exascale 8759 (2015) pp. 3-27
-------- -------- --- Thank You --- -------- --------


++++ PLEASE READ AND CITE THE FOLLOWING REFERENCE ++++
S. Pronk, S. Páll, R. Schulz, P. Larsson, P. Bjelkmar, R. Apostolov, M. R.
Shirts, J. C. Smith, P. M. Kasson, D. van der Spoel, B. Hess, and E. Lindahl
GROMACS 4.5: a high-throughput and highly parallel open source molecular
simulation toolkit
Bioinformatics 29 (2013) pp. 845-54
-------- -------- --- Thank You --- -------- --------


++++ PLEASE READ AND CITE THE FOLLOWING REFERENCE ++++
B. Hess and C. Kutzner and D. van der Spoel and E. Lindahl
GROMACS 4: Algorithms for highly efficient, load-balanced, and scalable
molecular simulation
J. Chem. Theory Comput. 4 (2008) pp. 435-447
-------- -------- --- Thank You --- -------- --------


++++ PLEASE READ AND CITE THE FOLLOWING REFERENCE ++++
D. van der Spoel, E. Lindahl, B. Hess, G. Groenhof, A. E. Mark and H. J. C.
Berendsen
GROMACS: Fast, Flexible and Free
J. Comp. Chem. 26 (2005) pp. 1701-1719
-------- -------- --- Thank You --- -------- --------


++++ PLEASE READ AND CITE THE FOLLOWING REFERENCE ++++
E. Lindahl and B. Hess and D. van der Spoel
GROMACS 3.0: A package for molecular simulation and trajectory analysis
J. Mol. Mod. 7 (2001) pp. 306-317
-------- -------- --- Thank You --- -------- --------


++++ PLEASE READ AND CITE THE FOLLOWING REFERENCE ++++
H. J. C. Berendsen, D. van der Spoel and R. van Drunen
GROMACS: A message-passing parallel molecular dynamics implementation
Comp. Phys. Comm. 91 (1995) pp. 43-56
-------- -------- --- Thank You --- -------- --------


++++ PLEASE CITE THE DOI FOR THIS VERSION OF GROMACS ++++
https://doi.org/10.5281/zenodo.10017686
-------- -------- --- Thank You --- -------- --------

Input Parameters:
   integrator                     = md
   tinit                          = 0
   dt                             = 0.002
   nsteps                         = 500000
   init-step                      = 0
   simulation-part                = 1
   mts                            = false
   comm-mode                      = Linear
   nstcomm                        = 100
   bd-fric                        = 0
   ld-seed                        = 399079391
   emtol                          = 10
   emstep                         = 0.01
   niter                          = 20
   fcstep                         = 0
   nstcgsteep                     = 1000
   nbfgscorr                      = 10
   rtpi                           = 0.05
   nstxout                        = 5000
   nstvout                        = 5000
   nstfout                        = 5000
   nstlog                         = 5000
   nstcalcenergy                  = 100
   nstenergy                      = 5000
   nstxout-compressed             = 50000
   compressed-x-precision         = 1000
   cutoff-scheme                  = Verlet
   nstlist                        = 20
   pbc                            = xyz
   periodic-molecules             = false
   verlet-buffer-tolerance        = 0.005
   rlist                          = 1.225
   coulombtype                    = PME
   coulomb-modifier               = Potential-shift
   rcoulomb-switch                = 0
   rcoulomb                       = 1.2
   epsilon-r                      = 1
   epsilon-rf                     = inf
   vdw-type                       = Cut-off
   vdw-modifier                   = Force-switch
   rvdw-switch                    = 1
   rvdw                           = 1.2
   DispCorr                       = No
   table-extension                = 1
   fourierspacing                 = 0.12
   fourier-nx                     = 42
   fourier-ny                     = 42
   fourier-nz                     = 42
   pme-order                      = 4
   ewald-rtol                     = 1e-05
   ewald-rtol-lj                  = 0.001
   lj-pme-comb-rule               = Geometric
   ewald-geometry                 = 3d
   epsilon-surface                = 0
   ensemble-temperature-setting   = constant
   ensemble-temperature           = 310
   tcoupl                         = V-rescale
   nsttcouple                     = 100
   nh-chain-length                = 0
   print-nose-hoover-chain-variables = false
   pcoupl                         = No
   pcoupltype                     = Isotropic
   nstpcouple                     = -1
   tau-p                          = 1
   compressibility (3x3):
      compressibility[    0]={ 0.00000e+00,  0.00000e+00,  0.00000e+00}
      compressibility[    1]={ 0.00000e+00,  0.00000e+00,  0.00000e+00}
      compressibility[    2]={ 0.00000e+00,  0.00000e+00,  0.00000e+00}
   ref-p (3x3):
      ref-p[    0]={ 0.00000e+00,  0.00000e+00,  0.00000e+00}
      ref-p[    1]={ 0.00000e+00,  0.00000e+00,  0.00000e+00}
      ref-p[    2]={ 0.00000e+00,  0.00000e+00,  0.00000e+00}
   refcoord-scaling               = No
   posres-com (3):
      posres-com[0]= 0.00000e+00
      posres-com[1]= 0.00000e+00
      posres-com[2]= 0.00000e+00
   posres-comB (3):
      posres-comB[0]= 0.00000e+00
      posres-comB[1]= 0.00000e+00
      posres-comB[2]= 0.00000e+00
   QMMM                           = false
qm-opts:
   ngQM                           = 0
   constraint-algorithm           = Lincs
   continuation                   = true
   Shake-SOR                      = false
   shake-tol                      = 0.0001
   lincs-order                    = 4
   lincs-iter                     = 1
   lincs-warnangle                = 30
   nwall                          = 0
   wall-type                      = 9-3
   wall-r-linpot                  = -1
   wall-atomtype[0]               = -1
   wall-atomtype[1]               = -1
   wall-density[0]                = 0
   wall-density[1]                = 0
   wall-ewald-zfac                = 3
   pull                           = false
   awh                            = false
   rotation                       = false
   interactiveMD                  = false
   disre                          = No
   disre-weighting                = Conservative
   disre-mixed                    = false
   dr-fc                          = 1000
   dr-tau                         = 0
   nstdisreout                    = 100
   orire-fc                       = 0
   orire-tau                      = 0
   nstorireout                    = 100
   free-energy                    = no
   cos-acceleration               = 0
   deform (3x3):
      deform[    0]={ 0.00000e+00,  0.00000e+00,  0.00000e+00}
      deform[    1]={ 0.00000e+00,  0.00000e+00,  0.00000e+00}
      deform[    2]={ 0.00000e+00,  0.00000e+00,  0.00000e+00}
   simulated-tempering            = false
   swapcoords                     = no
   userint1                       = 0
   userint2                       = 0
   userint3                       = 0
   userint4                       = 0
   userreal1                      = 0
   userreal2                      = 0
   userreal3                      = 0
   userreal4                      = 0
   applied-forces:
     electric-field:
       x:
         E0                       = 0
         omega                    = 0
         t0                       = 0
         sigma                    = 0
       y:
         E0                       = 0
         omega                    = 0
         t0                       = 0
         sigma                    = 0
       z:
         E0                       = 0
         omega                    = 0
         t0                       = 0
         sigma                    = 0
     density-guided-simulation:
       active                     = false
       group                      = protein
       similarity-measure         = inner-product
       atom-spreading-weight      = unity
       force-constant             = 1e+09
       gaussian-transform-spreading-width = 0.2
       gaussian-transform-spreading-range-in-multiples-of-width = 4
       reference-density-filename = reference.mrc
       nst                        = 1
       normalize-densities        = true
       adaptive-force-scaling     = false
       adaptive-force-scaling-time-constant = 4
       shift-vector               = 
       transformation-matrix      = 
     qmmm-cp2k:
       active                     = false
       qmgroup                    = System
       qmmethod                   = PBE
       qmfilenames                = 
       qmcharge                   = 0
       qmmultiplicity             = 1
grpopts:
   nrdf:       23319
   ref-t:         310
   tau-t:           1
annealing:          No
annealing-npoints:           0
   acc:	           0           0           0
   nfreeze:           N           N           N
   energygrp-flags[  0]: 0

Changing nstlist from 20 to 80, rlist from 1.225 to 1.322


Initializing Domain Decomposition on 48 ranks
Dynamic load balancing: auto
Using update groups, nr 3894, average size 3.0 atoms, max. radius 0.078 nm
Minimum cell size due to atom displacement: 0.448 nm
Scaling the initial minimum size with 1/0.8 (option -dds) = 1.25
Guess for relative PME load: 0.15
Will use 40 particle-particle and 8 PME only ranks
This is a guess, check the performance at the end of the log file
Using 8 separate PME ranks, as guessed by mdrun
Optimizing the DD grid for 40 cells with a minimum initial size of 0.560 nm
The maximum allowed number of cells is: X 8 Y 8 Z 8
Domain decomposition grid 8 x 5 x 1, separate PME ranks 8
PME domain decomposition: 8 x 1 x 1
Interleaving PP and PME ranks
This rank does only particle-particle work.
Domain decomposition rank 0, coordinates 0 0 0

The initial number of communication pulses is: X 3 Y 2
The initial domain decomposition cell size is: X 0.62 nm Y 1.00 nm

When dynamic load balancing gets turned on, these settings will change to:
The maximum number of communication pulses is: X 3 Y 3
The minimum size for domain decomposition cells is 0.493 nm
The requested allowed shrink of DD cells (option -dds) is: 0.80
The allowed shrink of domain decomposition cells is: X 0.79 Y 0.49
Using two step summing over 2 groups of on average 20.0 ranks


Using 48 MPI processes

Non-default thread affinity set, disabling internal thread affinity
System total charge: 0.000
Will do PME sum in reciprocal space for electrostatic interactions.

++++ PLEASE READ AND CITE THE FOLLOWING REFERENCE ++++
U. Essmann, L. Perera, M. L. Berkowitz, T. Darden, H. Lee and L. G. Pedersen 
A smooth particle mesh Ewald method
J. Chem. Phys. 103 (1995) pp. 8577-8592
-------- -------- --- Thank You --- -------- --------

Using a Gaussian width (1/beta) of 0.384195 nm for Ewald
Potential shift: LJ r^-12: -2.648e-01 r^-6: -5.349e-01, Ewald -8.333e-06
Initialized non-bonded Coulomb Ewald tables, spacing: 1.02e-03 size: 1176



Using SIMD 4x8 nonbonded short-range kernels

Using a dual 4x8 pair-list setup updated with dynamic pruning:
  outer list: updated every 80 steps, buffer 0.122 nm, rlist 1.322 nm
  inner list: updated every 12 steps, buffer 0.001 nm, rlist 1.201 nm
At tolerance 0.005 kJ/mol/ps per atom, equivalent classical 1x1 list would be:
  outer list: updated every 80 steps, buffer 0.266 nm, rlist 1.466 nm
  inner list: updated every 12 steps, buffer 0.047 nm, rlist 1.247 nm

The non-bonded pair calculation algorithm tolerates a few missing pair interactions close to the cut-off. This can lead to a systematic overestimation of the pressure due to missing LJ interactions. The error in the average pressure due to missing LJ interactions is at most 0.11 bar.
The pressure error can be controlled by setting the environment variable GMX_VERLET_BUFFER_PRESSURE_TOLERANCE to the allowed error in units of bar.

Linking all bonded interactions to atoms


++++ PLEASE READ AND CITE THE FOLLOWING REFERENCE ++++
S. Miyamoto and P. A. Kollman
SETTLE: An Analytical Version of the SHAKE and RATTLE Algorithms for Rigid
Water Models
J. Comp. Chem. 13 (1992) pp. 952-962
-------- -------- --- Thank You --- -------- --------


Intra-simulation communication will occur every 100 steps.

++++ PLEASE READ AND CITE THE FOLLOWING REFERENCE ++++
G. Bussi, D. Donadio and M. Parrinello
Canonical sampling through velocity rescaling
J. Chem. Phys. 126 (2007) pp. 014101
-------- -------- --- Thank You --- -------- --------

There are: 11654 Atoms
Atom distribution over 40 domains: av 291 stddev 18 min 268 max 313
Center of mass motion removal mode is Linear
We have the following groups for center of mass motion removal:
  0:  SOLV

Started mdrun on rank 0 Thu Oct  3 12:04:33 2024

           Step           Time
              0        0.00000

   Energies (kJ/mol)
        LJ (SR)   Coulomb (SR)   Coul. recip.      Potential    Kinetic En.
    1.65828e+04   -1.76414e+05    6.33241e+02   -1.59198e+05    2.98837e+04
   Total Energy  Conserved En.    Temperature Pressure (bar)
   -1.29314e+05   -1.29314e+05    3.08263e+02   -9.95824e+02


DD  step 79 load imb.: force  6.9%  pme mesh/force 1.279
           Step           Time
           5000       10.00000

   Energies (kJ/mol)
        LJ (SR)   Coulomb (SR)   Coul. recip.      Potential    Kinetic En.
    1.69428e+04   -1.77190e+05    5.89188e+02   -1.59658e+05    3.00559e+04
   Total Energy  Conserved En.    Temperature Pressure (bar)
   -1.29602e+05   -1.29306e+05    3.10039e+02   -8.32597e+02


step 8000 Turning on dynamic load balancing, because the performance loss due to load imbalance is 5.4 %.

DD  step 9999  vol min/aver 0.893  load imb.: force  7.8%  pme mesh/force 0.653
           Step           Time
          10000       20.00000

   Energies (kJ/mol)
        LJ (SR)   Coulomb (SR)   Coul. recip.      Potential    Kinetic En.
    1.63485e+04   -1.76602e+05    5.84755e+02   -1.59668e+05    3.01145e+04
   Total Energy  Conserved En.    Temperature Pressure (bar)
   -1.29554e+05   -1.29306e+05    3.10643e+02   -1.14884e+03

           Step           Time
          15000       30.00000

   Energies (kJ/mol)
        LJ (SR)   Coulomb (SR)   Coul. recip.      Potential    Kinetic En.
    1.67374e+04   -1.77541e+05    6.19615e+02   -1.60184e+05    3.02067e+04
   Total Energy  Conserved En.    Temperature Pressure (bar)
   -1.29977e+05   -1.29294e+05    3.11594e+02   -1.01947e+03


DD  step 19999  vol min/aver 0.888  load imb.: force  8.8%  pme mesh/force 0.654
           Step           Time
          20000       40.00000

   Energies (kJ/mol)
        LJ (SR)   Coulomb (SR)   Coul. recip.      Potential    Kinetic En.
    1.63383e+04   -1.77036e+05    5.80147e+02   -1.60117e+05    2.98100e+04
   Total Energy  Conserved En.    Temperature Pressure (bar)
   -1.30307e+05   -1.29288e+05    3.07502e+02   -1.24618e+03

           Step           Time
          25000       50.00000

   Energies (kJ/mol)
        LJ (SR)   Coulomb (SR)   Coul. recip.      Potential    Kinetic En.
    1.64064e+04   -1.76280e+05    5.83683e+02   -1.59290e+05    3.02802e+04
   Total Energy  Conserved En.    Temperature Pressure (bar)
   -1.29010e+05   -1.29286e+05    3.12352e+02   -1.07941e+03


DD  step 29999  vol min/aver 0.907  load imb.: force  9.7%  pme mesh/force 0.638
           Step           Time
          30000       60.00000

   Energies (kJ/mol)
        LJ (SR)   Coulomb (SR)   Coul. recip.      Potential    Kinetic En.
    1.63697e+04   -1.76574e+05    5.62447e+02   -1.59642e+05    3.00458e+04
   Total Energy  Conserved En.    Temperature Pressure (bar)
   -1.29596e+05   -1.29283e+05    3.09934e+02   -1.15517e+03

           Step           Time
          35000       70.00000

   Energies (kJ/mol)
        LJ (SR)   Coulomb (SR)   Coul. recip.      Potential    Kinetic En.
    1.68130e+04   -1.77165e+05    5.89288e+02   -1.59762e+05    2.95735e+04
   Total Energy  Conserved En.    Temperature Pressure (bar)
   -1.30189e+05   -1.29275e+05    3.05062e+02   -9.90866e+02


DD  step 39999  vol min/aver 0.909  load imb.: force  8.8%  pme mesh/force 0.661
           Step           Time
          40000       80.00000

   Energies (kJ/mol)
        LJ (SR)   Coulomb (SR)   Coul. recip.      Potential    Kinetic En.
    1.73239e+04   -1.77604e+05    5.61790e+02   -1.59718e+05    3.03271e+04
   Total Energy  Conserved En.    Temperature Pressure (bar)
   -1.29391e+05   -1.29270e+05    3.12836e+02   -6.72361e+02

           Step           Time
          45000       90.00000

   Energies (kJ/mol)
        LJ (SR)   Coulomb (SR)   Coul. recip.      Potential    Kinetic En.
    1.71366e+04   -1.77698e+05    5.83871e+02   -1.59977e+05    2.98132e+04
   Total Energy  Conserved En.    Temperature Pressure (bar)
   -1.30164e+05   -1.29261e+05    3.07535e+02   -8.24056e+02


DD  step 49999  vol min/aver 0.877  load imb.: force  9.1%  pme mesh/force 0.676
           Step           Time
          50000      100.00000

   Energies (kJ/mol)
        LJ (SR)   Coulomb (SR)   Coul. recip.      Potential    Kinetic En.
    1.71469e+04   -1.77279e+05    5.55862e+02   -1.59576e+05    3.02146e+04
   Total Energy  Conserved En.    Temperature Pressure (bar)
   -1.29361e+05   -1.29256e+05    3.11675e+02   -7.42345e+02

           Step           Time
          55000      110.00000

   Energies (kJ/mol)
        LJ (SR)   Coulomb (SR)   Coul. recip.      Potential    Kinetic En.
    1.66412e+04   -1.76723e+05    6.22342e+02   -1.59460e+05    2.99449e+04
   Total Energy  Conserved En.    Temperature Pressure (bar)
   -1.29515e+05   -1.29244e+05    3.08893e+02   -1.00502e+03


DD  step 59999  vol min/aver 0.868  load imb.: force 10.4%  pme mesh/force 0.675
           Step           Time
          60000      120.00000

   Energies (kJ/mol)
        LJ (SR)   Coulomb (SR)   Coul. recip.      Potential    Kinetic En.
    1.64766e+04   -1.76937e+05    5.98651e+02   -1.59862e+05    3.00294e+04
   Total Energy  Conserved En.    Temperature Pressure (bar)
   -1.29833e+05   -1.29242e+05    3.09765e+02   -1.10243e+03

           Step           Time
          65000      130.00000

   Energies (kJ/mol)
        LJ (SR)   Coulomb (SR)   Coul. recip.      Potential    Kinetic En.
    1.66697e+04   -1.76519e+05    5.60340e+02   -1.59289e+05    3.01961e+04
   Total Energy  Conserved En.    Temperature Pressure (bar)
   -1.29093e+05   -1.29237e+05    3.11484e+02   -8.99744e+02


DD  step 69999  vol min/aver 0.911  load imb.: force  8.8%  pme mesh/force 0.693
           Step           Time
          70000      140.00000

   Energies (kJ/mol)
        LJ (SR)   Coulomb (SR)   Coul. recip.      Potential    Kinetic En.
    1.64976e+04   -1.77430e+05    5.45797e+02   -1.60386e+05    3.02165e+04
   Total Energy  Conserved En.    Temperature Pressure (bar)
   -1.30170e+05   -1.29236e+05    3.11695e+02   -1.10698e+03


step 73600 Turning off dynamic load balancing, because it is degrading performance.
Atom distribution over 40 domains: av 291 stddev 19 min 270 max 319
           Step           Time
          75000      150.00000

   Energies (kJ/mol)
        LJ (SR)   Coulomb (SR)   Coul. recip.      Potential    Kinetic En.
    1.72197e+04   -1.77486e+05    5.80902e+02   -1.59685e+05    3.02207e+04
   Total Energy  Conserved En.    Temperature Pressure (bar)
   -1.29465e+05   -1.29222e+05    3.11738e+02   -7.60770e+02


DD  step 79999 load imb.: force  9.1%  pme mesh/force 0.663
           Step           Time
          80000      160.00000

   Energies (kJ/mol)
        LJ (SR)   Coulomb (SR)   Coul. recip.      Potential    Kinetic En.
    1.65773e+04   -1.76285e+05    5.56572e+02   -1.59151e+05    3.00007e+04
   Total Energy  Conserved En.    Temperature Pressure (bar)
   -1.29150e+05   -1.29222e+05    3.09469e+02   -9.22286e+02

           Step           Time
          85000      170.00000

   Energies (kJ/mol)
        LJ (SR)   Coulomb (SR)   Coul. recip.      Potential    Kinetic En.
    1.62494e+04   -1.76029e+05    5.99675e+02   -1.59180e+05    2.98184e+04
   Total Energy  Conserved En.    Temperature Pressure (bar)
   -1.29362e+05   -1.29209e+05    3.07589e+02   -1.17157e+03


step 88000 Turning on dynamic load balancing, because the performance loss due to load imbalance is 7.0 %.

DD  step 89999  vol min/aver 0.894  load imb.: force  7.1%  pme mesh/force 0.716
           Step           Time
          90000      180.00000

   Energies (kJ/mol)
        LJ (SR)   Coulomb (SR)   Coul. recip.      Potential    Kinetic En.
    1.67331e+04   -1.77002e+05    5.76326e+02   -1.59693e+05    2.97084e+04
   Total Energy  Conserved En.    Temperature Pressure (bar)
   -1.29984e+05   -1.29200e+05    3.06454e+02   -9.92810e+02

           Step           Time
          95000      190.00000

   Energies (kJ/mol)
        LJ (SR)   Coulomb (SR)   Coul. recip.      Potential    Kinetic En.
    1.67497e+04   -1.76775e+05    5.65170e+02   -1.59461e+05    2.99584e+04
   Total Energy  Conserved En.    Temperature Pressure (bar)
   -1.29502e+05   -1.29198e+05    3.09033e+02   -8.88012e+02


DD  step 99999  vol min/aver 0.894  load imb.: force  8.2%  pme mesh/force 0.692
           Step           Time
         100000      200.00000

   Energies (kJ/mol)
        LJ (SR)   Coulomb (SR)   Coul. recip.      Potential    Kinetic En.
    1.73972e+04   -1.77209e+05    5.89406e+02   -1.59223e+05    2.99446e+04
   Total Energy  Conserved En.    Temperature Pressure (bar)
   -1.29278e+05   -1.29193e+05    3.08890e+02   -6.20451e+02

           Step           Time
         105000      210.00000

   Energies (kJ/mol)
        LJ (SR)   Coulomb (SR)   Coul. recip.      Potential    Kinetic En.
    1.66687e+04   -1.76649e+05    5.65686e+02   -1.59415e+05    2.99802e+04
   Total Energy  Conserved En.    Temperature Pressure (bar)
   -1.29434e+05   -1.29190e+05    3.09257e+02   -9.69197e+02


DD  step 109999  vol min/aver 0.890  load imb.: force  8.3%  pme mesh/force 0.687
           Step           Time
         110000      220.00000

   Energies (kJ/mol)
        LJ (SR)   Coulomb (SR)   Coul. recip.      Potential    Kinetic En.
    1.67268e+04   -1.77278e+05    5.84947e+02   -1.59966e+05    2.99930e+04
   Total Energy  Conserved En.    Temperature Pressure (bar)
   -1.29973e+05   -1.29173e+05    3.09390e+02   -1.00842e+03

           Step           Time
         115000      230.00000

   Energies (kJ/mol)
        LJ (SR)   Coulomb (SR)   Coul. recip.      Potential    Kinetic En.
    1.68560e+04   -1.76561e+05    5.71788e+02   -1.59133e+05    3.02449e+04
   Total Energy  Conserved En.    Temperature Pressure (bar)
   -1.28888e+05   -1.29174e+05    3.11988e+02   -8.20808e+02


DD  step 119999  vol min/aver 0.893  load imb.: force  7.3%  pme mesh/force 0.669
           Step           Time
         120000      240.00000

   Energies (kJ/mol)
        LJ (SR)   Coulomb (SR)   Coul. recip.      Potential    Kinetic En.
    1.67771e+04   -1.76816e+05    6.02870e+02   -1.59436e+05    3.01642e+04
   Total Energy  Conserved En.    Temperature Pressure (bar)
   -1.29272e+05   -1.29164e+05    3.11155e+02   -9.64753e+02

           Step           Time
         125000      250.00000

   Energies (kJ/mol)
        LJ (SR)   Coulomb (SR)   Coul. recip.      Potential    Kinetic En.
    1.59627e+04   -1.75937e+05    5.79118e+02   -1.59395e+05    3.02184e+04
   Total Energy  Conserved En.    Temperature Pressure (bar)
   -1.29176e+05   -1.29165e+05    3.11715e+02   -1.34221e+03


DD  step 129999  vol min/aver 0.912  load imb.: force  7.6%  pme mesh/force 0.669
           Step           Time
         130000      260.00000

   Energies (kJ/mol)
        LJ (SR)   Coulomb (SR)   Coul. recip.      Potential    Kinetic En.
    1.65880e+04   -1.76774e+05    5.63052e+02   -1.59623e+05    3.01736e+04
   Total Energy  Conserved En.    Temperature Pressure (bar)
   -1.29449e+05   -1.29155e+05    3.11253e+02   -1.05897e+03

           Step           Time
         135000      270.00000

   Energies (kJ/mol)
        LJ (SR)   Coulomb (SR)   Coul. recip.      Potential    Kinetic En.
    1.61518e+04   -1.75958e+05    6.02342e+02   -1.59204e+05    3.00801e+04
   Total Energy  Conserved En.    Temperature Pressure (bar)
   -1.29123e+05   -1.29147e+05    3.10288e+02   -1.20424e+03


step 137600 Turning off dynamic load balancing, because it is degrading performance.
Atom distribution over 40 domains: av 291 stddev 21 min 255 max 322

DD  step 139999 load imb.: force  7.5%  pme mesh/force 0.634
           Step           Time
         140000      280.00000

   Energies (kJ/mol)
        LJ (SR)   Coulomb (SR)   Coul. recip.      Potential    Kinetic En.
    1.63913e+04   -1.76164e+05    6.16410e+02   -1.59156e+05    3.00422e+04
   Total Energy  Conserved En.    Temperature Pressure (bar)
   -1.29114e+05   -1.29140e+05    3.09897e+02   -1.06214e+03


step 144000 Will no longer try dynamic load balancing, as it degraded performance.
           Step           Time
         145000      290.00000

   Energies (kJ/mol)
        LJ (SR)   Coulomb (SR)   Coul. recip.      Potential    Kinetic En.
    1.67276e+04   -1.76798e+05    5.74817e+02   -1.59495e+05    2.99482e+04
   Total Energy  Conserved En.    Temperature Pressure (bar)
   -1.29547e+05   -1.29132e+05    3.08928e+02   -9.85807e+02


DD  step 149999 load imb.: force  9.8%  pme mesh/force 0.738
           Step           Time
         150000      300.00000

   Energies (kJ/mol)
        LJ (SR)   Coulomb (SR)   Coul. recip.      Potential    Kinetic En.
    1.60640e+04   -1.75943e+05    5.96808e+02   -1.59282e+05    3.05847e+04
   Total Energy  Conserved En.    Temperature Pressure (bar)
   -1.28697e+05   -1.29128e+05    3.15493e+02   -1.17138e+03

           Step           Time
         155000      310.00000

   Energies (kJ/mol)
        LJ (SR)   Coulomb (SR)   Coul. recip.      Potential    Kinetic En.
    1.67770e+04   -1.77240e+05    5.93105e+02   -1.59870e+05    3.01524e+04
   Total Energy  Conserved En.    Temperature Pressure (bar)
   -1.29717e+05   -1.29113e+05    3.11034e+02   -9.52362e+02


DD  step 159999 load imb.: force  8.0%  pme mesh/force 0.661
           Step           Time
         160000      320.00000

   Energies (kJ/mol)
        LJ (SR)   Coulomb (SR)   Coul. recip.      Potential    Kinetic En.
    1.64908e+04   -1.76347e+05    5.97004e+02   -1.59259e+05    3.01177e+04
   Total Energy  Conserved En.    Temperature Pressure (bar)
   -1.29141e+05   -1.29108e+05    3.10676e+02   -9.87532e+02

           Step           Time
         165000      330.00000

   Energies (kJ/mol)
        LJ (SR)   Coulomb (SR)   Coul. recip.      Potential    Kinetic En.
    1.61664e+04   -1.76601e+05    5.46761e+02   -1.59888e+05    3.03743e+04
   Total Energy  Conserved En.    Temperature Pressure (bar)
   -1.29514e+05   -1.29109e+05    3.13323e+02   -1.22329e+03


DD  step 169999 load imb.: force  6.1%  pme mesh/force 0.664
           Step           Time
         170000      340.00000

   Energies (kJ/mol)
        LJ (SR)   Coulomb (SR)   Coul. recip.      Potential    Kinetic En.
    1.60720e+04   -1.75912e+05    6.15498e+02   -1.59225e+05    2.95898e+04
   Total Energy  Conserved En.    Temperature Pressure (bar)
   -1.29635e+05   -1.29092e+05    3.05231e+02   -1.25558e+03

           Step           Time
         175000      350.00000

   Energies (kJ/mol)
        LJ (SR)   Coulomb (SR)   Coul. recip.      Potential    Kinetic En.
    1.69514e+04   -1.77377e+05    5.71303e+02   -1.59854e+05    2.98762e+04
   Total Energy  Conserved En.    Temperature Pressure (bar)
   -1.29978e+05   -1.29092e+05    3.08185e+02   -9.03770e+02


DD  step 179999 load imb.: force 10.1%  pme mesh/force 0.680
           Step           Time
         180000      360.00000

   Energies (kJ/mol)
        LJ (SR)   Coulomb (SR)   Coul. recip.      Potential    Kinetic En.
    1.63183e+04   -1.76878e+05    5.84556e+02   -1.59975e+05    3.04549e+04
   Total Energy  Conserved En.    Temperature Pressure (bar)
   -1.29520e+05   -1.29079e+05    3.14155e+02   -1.21330e+03

           Step           Time
         185000      370.00000

   Energies (kJ/mol)
        LJ (SR)   Coulomb (SR)   Coul. recip.      Potential    Kinetic En.
    1.62489e+04   -1.76141e+05    6.40263e+02   -1.59252e+05    2.96918e+04
   Total Energy  Conserved En.    Temperature Pressure (bar)
   -1.29560e+05   -1.29068e+05    3.06282e+02   -1.16608e+03


DD  step 189999 load imb.: force  7.2%  pme mesh/force 0.666
           Step           Time
         190000      380.00000

   Energies (kJ/mol)
        LJ (SR)   Coulomb (SR)   Coul. recip.      Potential    Kinetic En.
    1.68022e+04   -1.77030e+05    5.77992e+02   -1.59650e+05    2.99914e+04
   Total Energy  Conserved En.    Temperature Pressure (bar)
   -1.29659e+05   -1.29063e+05    3.09373e+02   -9.20457e+02

           Step           Time
         195000      390.00000

   Energies (kJ/mol)
        LJ (SR)   Coulomb (SR)   Coul. recip.      Potential    Kinetic En.
    1.70546e+04   -1.77432e+05    6.01148e+02   -1.59776e+05    3.00497e+04
   Total Energy  Conserved En.    Temperature Pressure (bar)
   -1.29726e+05   -1.29064e+05    3.09974e+02   -8.40491e+02


DD  step 199999 load imb.: force  8.3%  pme mesh/force 0.649
           Step           Time
         200000      400.00000

   Energies (kJ/mol)
        LJ (SR)   Coulomb (SR)   Coul. recip.      Potential    Kinetic En.
    1.65129e+04   -1.76719e+05    5.74875e+02   -1.59631e+05    3.00502e+04
   Total Energy  Conserved En.    Temperature Pressure (bar)
   -1.29581e+05   -1.29050e+05    3.09980e+02   -1.03706e+03

           Step           Time
         205000      410.00000

   Energies (kJ/mol)
        LJ (SR)   Coulomb (SR)   Coul. recip.      Potential    Kinetic En.
    1.64883e+04   -1.77330e+05    6.13453e+02   -1.60228e+05    2.97290e+04
   Total Energy  Conserved En.    Temperature Pressure (bar)
   -1.30499e+05   -1.29046e+05    3.06666e+02   -1.28090e+03


DD  step 209999 load imb.: force  6.9%  pme mesh/force 0.639
           Step           Time
         210000      420.00000

   Energies (kJ/mol)
        LJ (SR)   Coulomb (SR)   Coul. recip.      Potential    Kinetic En.
    1.64024e+04   -1.76789e+05    5.73323e+02   -1.59814e+05    3.00244e+04
   Total Energy  Conserved En.    Temperature Pressure (bar)
   -1.29789e+05   -1.29039e+05    3.09714e+02   -1.10379e+03

           Step           Time
         215000      430.00000

   Energies (kJ/mol)
        LJ (SR)   Coulomb (SR)   Coul. recip.      Potential    Kinetic En.
    1.68593e+04   -1.77200e+05    6.25378e+02   -1.59715e+05    3.01124e+04
   Total Energy  Conserved En.    Temperature Pressure (bar)
   -1.29603e+05   -1.29028e+05    3.10621e+02   -9.40582e+02


DD  step 219999 load imb.: force  9.6%  pme mesh/force 0.681
           Step           Time
         220000      440.00000

   Energies (kJ/mol)
        LJ (SR)   Coulomb (SR)   Coul. recip.      Potential    Kinetic En.
    1.66301e+04   -1.77232e+05    6.33082e+02   -1.59969e+05    3.02303e+04
   Total Energy  Conserved En.    Temperature Pressure (bar)
   -1.29739e+05   -1.29022e+05    3.11838e+02   -1.14174e+03

           Step           Time
         225000      450.00000

   Energies (kJ/mol)
        LJ (SR)   Coulomb (SR)   Coul. recip.      Potential    Kinetic En.
    1.62766e+04   -1.76201e+05    5.68902e+02   -1.59356e+05    3.00628e+04
   Total Energy  Conserved En.    Temperature Pressure (bar)
   -1.29293e+05   -1.29018e+05    3.10110e+02   -1.09474e+03


DD  step 229999 load imb.: force  7.0%  pme mesh/force 0.648
           Step           Time
         230000      460.00000

   Energies (kJ/mol)
        LJ (SR)   Coulomb (SR)   Coul. recip.      Potential    Kinetic En.
    1.68208e+04   -1.76706e+05    5.87105e+02   -1.59298e+05    3.02063e+04
   Total Energy  Conserved En.    Temperature Pressure (bar)
   -1.29091e+05   -1.29018e+05    3.11590e+02   -7.76803e+02

           Step           Time
         235000      470.00000

   Energies (kJ/mol)
        LJ (SR)   Coulomb (SR)   Coul. recip.      Potential    Kinetic En.
    1.65326e+04   -1.76166e+05    5.80740e+02   -1.59053e+05    3.03545e+04
   Total Energy  Conserved En.    Temperature Pressure (bar)
   -1.28698e+05   -1.29012e+05    3.13119e+02   -9.27299e+02


DD  step 239999 load imb.: force  8.1%  pme mesh/force 0.662
           Step           Time
         240000      480.00000

   Energies (kJ/mol)
        LJ (SR)   Coulomb (SR)   Coul. recip.      Potential    Kinetic En.
    1.67601e+04   -1.76626e+05    5.86471e+02   -1.59279e+05    2.97786e+04
   Total Energy  Conserved En.    Temperature Pressure (bar)
   -1.29501e+05   -1.28998e+05    3.07178e+02   -8.96415e+02

           Step           Time
         245000      490.00000

   Energies (kJ/mol)
        LJ (SR)   Coulomb (SR)   Coul. recip.      Potential    Kinetic En.
    1.68969e+04   -1.77413e+05    5.59323e+02   -1.59956e+05    2.99462e+04
   Total Energy  Conserved En.    Temperature Pressure (bar)
   -1.30010e+05   -1.29000e+05    3.08907e+02   -9.85895e+02


DD  step 249999 load imb.: force  9.2%  pme mesh/force 0.666
           Step           Time
         250000      500.00000

   Energies (kJ/mol)
        LJ (SR)   Coulomb (SR)   Coul. recip.      Potential    Kinetic En.
    1.66985e+04   -1.77714e+05    5.97453e+02   -1.60418e+05    3.03788e+04
   Total Energy  Conserved En.    Temperature Pressure (bar)
   -1.30039e+05   -1.28989e+05    3.13369e+02   -1.09048e+03

           Step           Time
         255000      510.00000

   Energies (kJ/mol)
        LJ (SR)   Coulomb (SR)   Coul. recip.      Potential    Kinetic En.
    1.68678e+04   -1.77400e+05    5.31629e+02   -1.60000e+05    2.99145e+04
   Total Energy  Conserved En.    Temperature Pressure (bar)
   -1.30086e+05   -1.28983e+05    3.08580e+02   -9.47859e+02


DD  step 259999 load imb.: force  9.5%  pme mesh/force 0.657
           Step           Time
         260000      520.00000

   Energies (kJ/mol)
        LJ (SR)   Coulomb (SR)   Coul. recip.      Potential    Kinetic En.
    1.66762e+04   -1.76497e+05    6.20117e+02   -1.59201e+05    2.97150e+04
   Total Energy  Conserved En.    Temperature Pressure (bar)
   -1.29486e+05   -1.28973e+05    3.06522e+02   -9.37403e+02

           Step           Time
         265000      530.00000

   Energies (kJ/mol)
        LJ (SR)   Coulomb (SR)   Coul. recip.      Potential    Kinetic En.
    1.72041e+04   -1.76860e+05    6.41178e+02   -1.59015e+05    3.01375e+04
   Total Energy  Conserved En.    Temperature Pressure (bar)
   -1.28877e+05   -1.28968e+05    3.10880e+02   -6.44740e+02


DD  step 269999 load imb.: force  7.6%  pme mesh/force 0.669
           Step           Time
         270000      540.00000

   Energies (kJ/mol)
        LJ (SR)   Coulomb (SR)   Coul. recip.      Potential    Kinetic En.
    1.56323e+04   -1.75350e+05    5.90145e+02   -1.59128e+05    2.99335e+04
   Total Energy  Conserved En.    Temperature Pressure (bar)
   -1.29194e+05   -1.28965e+05    3.08776e+02   -1.44582e+03

           Step           Time
         275000      550.00000

   Energies (kJ/mol)
        LJ (SR)   Coulomb (SR)   Coul. recip.      Potential    Kinetic En.
    1.68592e+04   -1.76865e+05    5.90414e+02   -1.59416e+05    3.03488e+04
   Total Energy  Conserved En.    Temperature Pressure (bar)
   -1.29067e+05   -1.28955e+05    3.13060e+02   -7.92884e+02


DD  step 279999 load imb.: force  7.5%  pme mesh/force 0.645
           Step           Time
         280000      560.00000

   Energies (kJ/mol)
        LJ (SR)   Coulomb (SR)   Coul. recip.      Potential    Kinetic En.
    1.69642e+04   -1.77835e+05    5.97298e+02   -1.60274e+05    2.97810e+04
   Total Energy  Conserved En.    Temperature Pressure (bar)
   -1.30493e+05   -1.28945e+05    3.07203e+02   -9.48989e+02

           Step           Time
         285000      570.00000

   Energies (kJ/mol)
        LJ (SR)   Coulomb (SR)   Coul. recip.      Potential    Kinetic En.
    1.68012e+04   -1.76765e+05    5.61423e+02   -1.59402e+05    3.02948e+04
   Total Energy  Conserved En.    Temperature Pressure (bar)
   -1.29107e+05   -1.28938e+05    3.12503e+02   -9.24681e+02


DD  step 289999 load imb.: force  7.9%  pme mesh/force 0.645
           Step           Time
         290000      580.00000

   Energies (kJ/mol)
        LJ (SR)   Coulomb (SR)   Coul. recip.      Potential    Kinetic En.
    1.59188e+04   -1.75637e+05    6.09465e+02   -1.59109e+05    3.04166e+04
   Total Energy  Conserved En.    Temperature Pressure (bar)
   -1.28692e+05   -1.28935e+05    3.13759e+02   -1.26370e+03

           Step           Time
         295000      590.00000

   Energies (kJ/mol)
        LJ (SR)   Coulomb (SR)   Coul. recip.      Potential    Kinetic En.
    1.65111e+04   -1.77047e+05    5.51842e+02   -1.59984e+05    2.99863e+04
   Total Energy  Conserved En.    Temperature Pressure (bar)
   -1.29998e+05   -1.28925e+05    3.09320e+02   -1.06655e+03


DD  step 299999 load imb.: force  7.6%  pme mesh/force 0.658
           Step           Time
         300000      600.00000

   Energies (kJ/mol)
        LJ (SR)   Coulomb (SR)   Coul. recip.      Potential    Kinetic En.
    1.68601e+04   -1.77160e+05    5.98708e+02   -1.59701e+05    3.01170e+04
   Total Energy  Conserved En.    Temperature Pressure (bar)
   -1.29584e+05   -1.28924e+05    3.10669e+02   -9.09944e+02

           Step           Time
         305000      610.00000

   Energies (kJ/mol)
        LJ (SR)   Coulomb (SR)   Coul. recip.      Potential    Kinetic En.
    1.71720e+04   -1.77516e+05    6.56334e+02   -1.59688e+05    3.03713e+04
   Total Energy  Conserved En.    Temperature Pressure (bar)
   -1.29316e+05   -1.28916e+05    3.13292e+02   -7.36889e+02


DD  step 309999 load imb.: force  7.7%  pme mesh/force 0.649
           Step           Time
         310000      620.00000

   Energies (kJ/mol)
        LJ (SR)   Coulomb (SR)   Coul. recip.      Potential    Kinetic En.
    1.68158e+04   -1.76768e+05    5.97942e+02   -1.59354e+05    2.99495e+04
   Total Energy  Conserved En.    Temperature Pressure (bar)
   -1.29404e+05   -1.28909e+05    3.08941e+02   -8.62488e+02

           Step           Time
         315000      630.00000

   Energies (kJ/mol)
        LJ (SR)   Coulomb (SR)   Coul. recip.      Potential    Kinetic En.
    1.67356e+04   -1.77794e+05    5.87568e+02   -1.60470e+05    2.96198e+04
   Total Energy  Conserved En.    Temperature Pressure (bar)
   -1.30851e+05   -1.28900e+05    3.05540e+02   -1.04889e+03


DD  step 319999 load imb.: force  9.6%  pme mesh/force 0.662
           Step           Time
         320000      640.00000

   Energies (kJ/mol)
        LJ (SR)   Coulomb (SR)   Coul. recip.      Potential    Kinetic En.
    1.73580e+04   -1.77420e+05    5.71897e+02   -1.59490e+05    2.95936e+04
   Total Energy  Conserved En.    Temperature Pressure (bar)
   -1.29897e+05   -1.28886e+05    3.05270e+02   -6.12743e+02

           Step           Time
         325000      650.00000

   Energies (kJ/mol)
        LJ (SR)   Coulomb (SR)   Coul. recip.      Potential    Kinetic En.
    1.70046e+04   -1.77153e+05    5.99330e+02   -1.59549e+05    3.00987e+04
   Total Energy  Conserved En.    Temperature Pressure (bar)
   -1.29451e+05   -1.28888e+05    3.10480e+02   -8.25873e+02


DD  step 329999 load imb.: force  7.2%  pme mesh/force 0.680
           Step           Time
         330000      660.00000

   Energies (kJ/mol)
        LJ (SR)   Coulomb (SR)   Coul. recip.      Potential    Kinetic En.
    1.70309e+04   -1.77126e+05    5.71540e+02   -1.59524e+05    2.94652e+04
   Total Energy  Conserved En.    Temperature Pressure (bar)
   -1.30059e+05   -1.28877e+05    3.03945e+02   -8.12531e+02

           Step           Time
         335000      670.00000

   Energies (kJ/mol)
        LJ (SR)   Coulomb (SR)   Coul. recip.      Potential    Kinetic En.
    1.62353e+04   -1.76200e+05    5.49358e+02   -1.59415e+05    3.03540e+04
   Total Energy  Conserved En.    Temperature Pressure (bar)
   -1.29061e+05   -1.28879e+05    3.13114e+02   -1.13480e+03


DD  step 339999 load imb.: force  8.8%  pme mesh/force 0.692
           Step           Time
         340000      680.00000

   Energies (kJ/mol)
        LJ (SR)   Coulomb (SR)   Coul. recip.      Potential    Kinetic En.
    1.64456e+04   -1.75885e+05    6.10797e+02   -1.58829e+05    2.98661e+04
   Total Energy  Conserved En.    Temperature Pressure (bar)
   -1.28962e+05   -1.28868e+05    3.08081e+02   -1.03755e+03

           Step           Time
         345000      690.00000

   Energies (kJ/mol)
        LJ (SR)   Coulomb (SR)   Coul. recip.      Potential    Kinetic En.
    1.71774e+04   -1.77071e+05    5.43485e+02   -1.59350e+05    3.00600e+04
   Total Energy  Conserved En.    Temperature Pressure (bar)
   -1.29290e+05   -1.28856e+05    3.10080e+02   -7.08916e+02


DD  step 349999 load imb.: force  7.1%  pme mesh/force 0.655
           Step           Time
         350000      700.00000

   Energies (kJ/mol)
        LJ (SR)   Coulomb (SR)   Coul. recip.      Potential    Kinetic En.
    1.69715e+04   -1.76615e+05    5.96466e+02   -1.59047e+05    3.00488e+04
   Total Energy  Conserved En.    Temperature Pressure (bar)
   -1.28999e+05   -1.28853e+05    3.09965e+02   -7.57182e+02

           Step           Time
         355000      710.00000

   Energies (kJ/mol)
        LJ (SR)   Coulomb (SR)   Coul. recip.      Potential    Kinetic En.
    1.67703e+04   -1.77528e+05    5.67161e+02   -1.60191e+05    3.04012e+04
   Total Energy  Conserved En.    Temperature Pressure (bar)
   -1.29790e+05   -1.28853e+05    3.13600e+02   -9.93473e+02


DD  step 359999 load imb.: force  8.8%  pme mesh/force 0.695
           Step           Time
         360000      720.00000

   Energies (kJ/mol)
        LJ (SR)   Coulomb (SR)   Coul. recip.      Potential    Kinetic En.
    1.68094e+04   -1.77875e+05    5.86975e+02   -1.60478e+05    3.02651e+04
   Total Energy  Conserved En.    Temperature Pressure (bar)
   -1.30213e+05   -1.28839e+05    3.12197e+02   -1.10724e+03

           Step           Time
         365000      730.00000

   Energies (kJ/mol)
        LJ (SR)   Coulomb (SR)   Coul. recip.      Potential    Kinetic En.
    1.71110e+04   -1.77230e+05    5.63161e+02   -1.59556e+05    2.98347e+04
   Total Energy  Conserved En.    Temperature Pressure (bar)
   -1.29722e+05   -1.28827e+05    3.07756e+02   -7.25193e+02


DD  step 369999 load imb.: force  7.6%  pme mesh/force 0.641
           Step           Time
         370000      740.00000

   Energies (kJ/mol)
        LJ (SR)   Coulomb (SR)   Coul. recip.      Potential    Kinetic En.
    1.61022e+04   -1.76050e+05    5.61460e+02   -1.59386e+05    2.96454e+04
   Total Energy  Conserved En.    Temperature Pressure (bar)
   -1.29741e+05   -1.28826e+05    3.05804e+02   -1.24374e+03

           Step           Time
         375000      750.00000

   Energies (kJ/mol)
        LJ (SR)   Coulomb (SR)   Coul. recip.      Potential    Kinetic En.
    1.64226e+04   -1.76736e+05    5.67746e+02   -1.59746e+05    2.97396e+04
   Total Energy  Conserved En.    Temperature Pressure (bar)
   -1.30006e+05   -1.28822e+05    3.06776e+02   -1.15522e+03


DD  step 379999 load imb.: force  7.6%  pme mesh/force 0.672
           Step           Time
         380000      760.00000

   Energies (kJ/mol)
        LJ (SR)   Coulomb (SR)   Coul. recip.      Potential    Kinetic En.
    1.65872e+04   -1.77191e+05    5.75584e+02   -1.60029e+05    2.97830e+04
   Total Energy  Conserved En.    Temperature Pressure (bar)
   -1.30246e+05   -1.28811e+05    3.07223e+02   -1.10251e+03

           Step           Time
         385000      770.00000

   Energies (kJ/mol)
        LJ (SR)   Coulomb (SR)   Coul. recip.      Potential    Kinetic En.
    1.59562e+04   -1.75711e+05    6.10542e+02   -1.59145e+05    2.96909e+04
   Total Energy  Conserved En.    Temperature Pressure (bar)
   -1.29454e+05   -1.28807e+05    3.06273e+02   -1.26276e+03


DD  step 389999 load imb.: force  8.8%  pme mesh/force 0.643
           Step           Time
         390000      780.00000

   Energies (kJ/mol)
        LJ (SR)   Coulomb (SR)   Coul. recip.      Potential    Kinetic En.
    1.61039e+04   -1.76653e+05    5.76369e+02   -1.59973e+05    3.02837e+04
   Total Energy  Conserved En.    Temperature Pressure (bar)
   -1.29689e+05   -1.28803e+05    3.12389e+02   -1.29915e+03

           Step           Time
         395000      790.00000

   Energies (kJ/mol)
        LJ (SR)   Coulomb (SR)   Coul. recip.      Potential    Kinetic En.
    1.66978e+04   -1.76960e+05    6.02074e+02   -1.59660e+05    3.02799e+04
   Total Energy  Conserved En.    Temperature Pressure (bar)
   -1.29380e+05   -1.28797e+05    3.12349e+02   -9.27901e+02


DD  step 399999 load imb.: force  7.8%  pme mesh/force 0.630
           Step           Time
         400000      800.00000

   Energies (kJ/mol)
        LJ (SR)   Coulomb (SR)   Coul. recip.      Potential    Kinetic En.
    1.71082e+04   -1.77171e+05    5.85188e+02   -1.59478e+05    3.00236e+04
   Total Energy  Conserved En.    Temperature Pressure (bar)
   -1.29454e+05   -1.28785e+05    3.09705e+02   -7.29197e+02

           Step           Time
         405000      810.00000

   Energies (kJ/mol)
        LJ (SR)   Coulomb (SR)   Coul. recip.      Potential    Kinetic En.
    1.63987e+04   -1.76308e+05    6.00492e+02   -1.59309e+05    3.01976e+04
   Total Energy  Conserved En.    Temperature Pressure (bar)
   -1.29111e+05   -1.28780e+05    3.11500e+02   -1.06137e+03


DD  step 409999 load imb.: force  7.9%  pme mesh/force 0.674
           Step           Time
         410000      820.00000

   Energies (kJ/mol)
        LJ (SR)   Coulomb (SR)   Coul. recip.      Potential    Kinetic En.
    1.66439e+04   -1.76308e+05    5.98077e+02   -1.59066e+05    2.99979e+04
   Total Energy  Conserved En.    Temperature Pressure (bar)
   -1.29069e+05   -1.28775e+05    3.09440e+02   -8.89561e+02

           Step           Time
         415000      830.00000

   Energies (kJ/mol)
        LJ (SR)   Coulomb (SR)   Coul. recip.      Potential    Kinetic En.
    1.67153e+04   -1.77208e+05    5.96993e+02   -1.59896e+05    3.01282e+04
   Total Energy  Conserved En.    Temperature Pressure (bar)
   -1.29768e+05   -1.28770e+05    3.10785e+02   -1.05143e+03


DD  step 419999 load imb.: force  7.7%  pme mesh/force 0.651
           Step           Time
         420000      840.00000

   Energies (kJ/mol)
        LJ (SR)   Coulomb (SR)   Coul. recip.      Potential    Kinetic En.
    1.71498e+04   -1.77223e+05    5.67654e+02   -1.59506e+05    3.02101e+04
   Total Energy  Conserved En.    Temperature Pressure (bar)
   -1.29296e+05   -1.28761e+05    3.11629e+02   -7.39775e+02

           Step           Time
         425000      850.00000

   Energies (kJ/mol)
        LJ (SR)   Coulomb (SR)   Coul. recip.      Potential    Kinetic En.
    1.65611e+04   -1.77352e+05    5.79379e+02   -1.60212e+05    3.04935e+04
   Total Energy  Conserved En.    Temperature Pressure (bar)
   -1.29718e+05   -1.28756e+05    3.14553e+02   -1.11889e+03


DD  step 429999 load imb.: force  8.8%  pme mesh/force 0.705
           Step           Time
         430000      860.00000

   Energies (kJ/mol)
        LJ (SR)   Coulomb (SR)   Coul. recip.      Potential    Kinetic En.
    1.71396e+04   -1.77028e+05    5.58159e+02   -1.59330e+05    3.01195e+04
   Total Energy  Conserved En.    Temperature Pressure (bar)
   -1.29210e+05   -1.28745e+05    3.10695e+02   -7.15417e+02

           Step           Time
         435000      870.00000

   Energies (kJ/mol)
        LJ (SR)   Coulomb (SR)   Coul. recip.      Potential    Kinetic En.
    1.66908e+04   -1.76255e+05    6.46682e+02   -1.58918e+05    2.93196e+04
   Total Energy  Conserved En.    Temperature Pressure (bar)
   -1.29598e+05   -1.28736e+05    3.02443e+02   -8.47975e+02


DD  step 439999 load imb.: force  8.1%  pme mesh/force 0.636
           Step           Time
         440000      880.00000

   Energies (kJ/mol)
        LJ (SR)   Coulomb (SR)   Coul. recip.      Potential    Kinetic En.
    1.66329e+04   -1.76938e+05    5.88928e+02   -1.59716e+05    3.01596e+04
   Total Energy  Conserved En.    Temperature Pressure (bar)
   -1.29557e+05   -1.28733e+05    3.11108e+02   -1.02819e+03

           Step           Time
         445000      890.00000

   Energies (kJ/mol)
        LJ (SR)   Coulomb (SR)   Coul. recip.      Potential    Kinetic En.
    1.72570e+04   -1.77608e+05    5.65471e+02   -1.59785e+05    2.99470e+04
   Total Energy  Conserved En.    Temperature Pressure (bar)
   -1.29838e+05   -1.28728e+05    3.08915e+02   -7.72714e+02


DD  step 449999 load imb.: force  8.0%  pme mesh/force 0.666
           Step           Time
         450000      900.00000

   Energies (kJ/mol)
        LJ (SR)   Coulomb (SR)   Coul. recip.      Potential    Kinetic En.
    1.67374e+04   -1.77035e+05    5.71477e+02   -1.59726e+05    3.03401e+04
   Total Energy  Conserved En.    Temperature Pressure (bar)
   -1.29386e+05   -1.28720e+05    3.12970e+02   -9.73347e+02

           Step           Time
         455000      910.00000

   Energies (kJ/mol)
        LJ (SR)   Coulomb (SR)   Coul. recip.      Potential    Kinetic En.
    1.63459e+04   -1.76773e+05    6.11600e+02   -1.59816e+05    3.03848e+04
   Total Energy  Conserved En.    Temperature Pressure (bar)
   -1.29431e+05   -1.28715e+05    3.13432e+02   -1.20164e+03


DD  step 459999 load imb.: force  7.1%  pme mesh/force 0.685
           Step           Time
         460000      920.00000

   Energies (kJ/mol)
        LJ (SR)   Coulomb (SR)   Coul. recip.      Potential    Kinetic En.
    1.62740e+04   -1.75977e+05    6.06998e+02   -1.59096e+05    3.02622e+04
   Total Energy  Conserved En.    Temperature Pressure (bar)
   -1.28834e+05   -1.28706e+05    3.12167e+02   -1.02876e+03

           Step           Time
         465000      930.00000

   Energies (kJ/mol)
        LJ (SR)   Coulomb (SR)   Coul. recip.      Potential    Kinetic En.
    1.68188e+04   -1.77249e+05    5.94378e+02   -1.59836e+05    3.01655e+04
   Total Energy  Conserved En.    Temperature Pressure (bar)
   -1.29671e+05   -1.28697e+05    3.11169e+02   -9.59422e+02


DD  step 469999 load imb.: force  9.6%  pme mesh/force 0.706
           Step           Time
         470000      940.00000

   Energies (kJ/mol)
        LJ (SR)   Coulomb (SR)   Coul. recip.      Potential    Kinetic En.
    1.67376e+04   -1.77304e+05    5.82495e+02   -1.59984e+05    3.01198e+04
   Total Energy  Conserved En.    Temperature Pressure (bar)
   -1.29865e+05   -1.28699e+05    3.10697e+02   -1.05622e+03

           Step           Time
         475000      950.00000

   Energies (kJ/mol)
        LJ (SR)   Coulomb (SR)   Coul. recip.      Potential    Kinetic En.
    1.65032e+04   -1.76923e+05    5.67676e+02   -1.59852e+05    3.00898e+04
   Total Energy  Conserved En.    Temperature Pressure (bar)
   -1.29763e+05   -1.28689e+05    3.10388e+02   -1.08282e+03


DD  step 479999 load imb.: force 10.1%  pme mesh/force 0.696
           Step           Time
         480000      960.00000

   Energies (kJ/mol)
        LJ (SR)   Coulomb (SR)   Coul. recip.      Potential    Kinetic En.
    1.67388e+04   -1.76967e+05    5.52263e+02   -1.59676e+05    3.01686e+04
   Total Energy  Conserved En.    Temperature Pressure (bar)
   -1.29507e+05   -1.28675e+05    3.11201e+02   -9.72106e+02

           Step           Time
         485000      970.00000

   Energies (kJ/mol)
        LJ (SR)   Coulomb (SR)   Coul. recip.      Potential    Kinetic En.
    1.70831e+04   -1.77068e+05    5.87349e+02   -1.59398e+05    3.00312e+04
   Total Energy  Conserved En.    Temperature Pressure (bar)
   -1.29366e+05   -1.28670e+05    3.09784e+02   -7.72327e+02


DD  step 489999 load imb.: force 10.1%  pme mesh/force 0.640
           Step           Time
         490000      980.00000

   Energies (kJ/mol)
        LJ (SR)   Coulomb (SR)   Coul. recip.      Potential    Kinetic En.
    1.68476e+04   -1.76754e+05    5.93996e+02   -1.59312e+05    3.07767e+04
   Total Energy  Conserved En.    Temperature Pressure (bar)
   -1.28536e+05   -1.28665e+05    3.17473e+02   -7.81368e+02

           Step           Time
         495000      990.00000

   Energies (kJ/mol)
        LJ (SR)   Coulomb (SR)   Coul. recip.      Potential    Kinetic En.
    1.62363e+04   -1.76247e+05    5.71913e+02   -1.59439e+05    3.00937e+04
   Total Energy  Conserved En.    Temperature Pressure (bar)
   -1.29345e+05   -1.28656e+05    3.10428e+02   -1.16534e+03


DD  step 499999 load imb.: force  8.6%  pme mesh/force 0.676
           Step           Time
         500000     1000.00000

Writing checkpoint, step 500000 at Thu Oct  3 12:09:22 2024


   Energies (kJ/mol)
        LJ (SR)   Coulomb (SR)   Coul. recip.      Potential    Kinetic En.
    1.68875e+04   -1.77064e+05    5.59484e+02   -1.59617e+05    3.02984e+04
   Total Energy  Conserved En.    Temperature Pressure (bar)
   -1.29319e+05   -1.28649e+05    3.12540e+02   -8.67855e+02


Energy conservation over simulation part #1 of length 1000 ps, time 0 to 1000 ps
  Conserved energy drift: 5.71e-05 kJ/mol/ps per atom


	<======  ###############  ==>
	<====  A V E R A G E S  ====>
	<==  ###############  ======>

	Statistics over 500001 steps using 5001 frames

   Energies (kJ/mol)
        LJ (SR)   Coulomb (SR)   Coul. recip.      Potential    Kinetic En.
    1.66780e+04   -1.76890e+05    5.88898e+02   -1.59624e+05    3.00516e+04
   Total Energy  Conserved En.    Temperature Pressure (bar)
   -1.29572e+05   -1.28987e+05    3.09994e+02   -9.83399e+02

   Total Virial (kJ/mol)
    1.37191e+04   -2.96239e+00   -9.11024e+00
   -2.93806e+00    1.37076e+04    1.32936e+01
   -9.08856e+00    1.32930e+01    1.37290e+04

   Pressure (bar)
   -9.83961e+02    9.83072e-01    2.82135e+00
    9.76607e-01   -9.80615e+02   -3.39574e+00
    2.81559e+00   -3.39559e+00   -9.85620e+02


	M E G A - F L O P S   A C C O U N T I N G

 NB=Group-cutoff nonbonded kernels    NxN=N-by-N cluster Verlet kernels
 RF=Reaction-Field  VdW=Van der Waals  QSTab=quadratic-spline table
 W3=SPC/TIP3p  W4=TIP4p (single or pairs)
 V&F=Potential and force  V=Potential only  F=Force only

 Computing:                               M-Number         M-Flops  % Flops
-----------------------------------------------------------------------------
 Pair Search distance check           43444.299070      390998.692     0.1
 NxN Ewald Elec. + LJ [F]           5126736.329888   399885433.731    94.4
 NxN Ewald Elec. + LJ [V&F]           51795.359136     6681601.329     1.6
 NxN Ewald Elec. [F]                  42228.408896     2575932.943     0.6
 NxN Ewald Elec. [V&F]                  426.675392       35840.733     0.0
 Calc Weights                         17481.034962      629317.259     0.1
 Spread Q Bspline                    372928.745856      745857.492     0.2
 Gather F Bspline                    372928.745856     2237572.475     0.5
 3D-FFT                             1198520.397036     9588163.176     2.3
 Solve PME                              882.001764       56448.113     0.0
 Reset In Box                            72.814192         218.443     0.0
 CG-CoM                                  72.849154         218.547     0.0
 Virial                                  67.283454        1211.102     0.0
 Stop-CM                                 58.281654         582.817     0.0
 Calc-Ekin                              116.563308        3147.209     0.0
 Constraint-V                          5820.011640       52380.105     0.0
 Constraint-Vir                          58.211640        1397.079     0.0
 Settle                                1940.003880      717801.436     0.2
-----------------------------------------------------------------------------
 Total                                               423604122.679   100.0
-----------------------------------------------------------------------------


    D O M A I N   D E C O M P O S I T I O N   S T A T I S T I C S

 av. #atoms communicated per step for force:  2 x 71198.0


Dynamic load balancing report:
 DLB got disabled because it was unsuitable to use.
 Average load imbalance: 8.2%.
 The balanceable part of the MD step is 86%, load imbalance is computed from this.
 Part of the total run time spent waiting due to load imbalance: 7.0%.
 Average PME mesh/force load: 0.673
 Part of the total run time spent waiting due to PP/PME imbalance: 5.0 %

NOTE: 7.0 % of the available CPU time was lost due to load imbalance
      in the domain decomposition.
      You can consider manually changing the decomposition (option -dd);
      e.g. by using fewer domains along the box dimension in which there is
      considerable inhomogeneity in the simulated system.
NOTE: 5.0 % performance was lost because the PME ranks
      had less work to do than the PP ranks.
      You might want to decrease the number of PME ranks
      or decrease the cut-off and the grid spacing.


      R E A L   C Y C L E   A N D   T I M E   A C C O U N T I N G

On 40 MPI ranks doing PP, and
on 8 MPI ranks doing PME

 Activity:              Num   Num      Call    Wall time         Giga-Cycles
                        Ranks Threads  Count      (s)         total sum    %
--------------------------------------------------------------------------------
 Domain decomp.           40    1       6250       2.622        303.441   0.8
 DD comm. load            40    1       1828       0.013          1.536   0.0
 DD comm. bounds          40    1        720       0.039          4.534   0.0
 Send X to PME            40    1     500001       0.388         44.921   0.1
 Neighbor search          40    1       6251       4.138        478.802   1.2
 Comm. coord.             40    1     493750      17.181       1988.032   4.9
 Force                    40    1     500001     226.171      26171.017  65.1
 Wait + Comm. F           40    1     500001      28.238       3267.478   8.1
 PME mesh *                8    1     500001     171.243       3963.018   9.9
 PME wait for PP *                               118.252       2736.671   6.8
 Wait + Recv. PME F       40    1     500001       2.581        298.665   0.7
 NB X/F buffer ops.       40    1    1487501       4.480        518.430   1.3
 Write traj.              40    1        101       0.022          2.524   0.0
 Update                   40    1     500001       0.628         72.660   0.2
 Constraints              40    1     500001       1.303        150.816   0.4
 Comm. energies           40    1       5001       1.133        131.101   0.3
 Rest                                              0.756         87.489   0.2
--------------------------------------------------------------------------------
 Total                                           289.694      40225.736 100.0
--------------------------------------------------------------------------------
(*) Note that with separate PME ranks, the walltime column actually sums to
    twice the total reported, but the cycle count total and % are correct.
--------------------------------------------------------------------------------
 Breakdown of PME mesh activities
--------------------------------------------------------------------------------
 PME redist. X/F           8    1    1000002      23.416        541.907   1.3
 PME spread                8    1     500001      38.125        882.312   2.2
 PME gather                8    1     500001      25.493        589.985   1.5
 PME 3D-FFT                8    1    1000002      58.389       1351.278   3.4
 PME 3D-FFT Comm.          8    1    1000002      19.213        444.646   1.1
 PME solve Elec            8    1     500001       6.291        145.597   0.4
--------------------------------------------------------------------------------

               Core t (s)   Wall t (s)        (%)
       Time:    13903.730      289.694     4799.4
                 (ns/day)    (hour/ns)
Performance:      298.246        0.080
Finished mdrun on rank 0 Thu Oct  3 12:09:23 2024

