                      :-) GROMACS - gmx mdrun, 2023.3 (-:

Copyright 1991-2023 The GROMACS Authors.
GROMACS is free software; you can redistribute it and/or modify it
under the terms of the GNU Lesser General Public License
as published by the Free Software Foundation; either version 2.1
of the License, or (at your option) any later version.

                         Current GROMACS contributors:
       Mark Abraham           Andrey Alekseenko           Cathrine Bergh      
      Christian Blau            Eliane Briand             Mahesh Doijade      
    Stefan Fleischmann           Vytas Gapsys              Gaurav Garg        
      Sergey Gorelov         Gilles Gouaillardet            Alan Gray         
     M. Eric Irrgang         Farzaneh Jalalypour            Joe Jordan        
    Christoph Junghans        Prashanth Kanduri          Sebastian Keller     
     Carsten Kutzner           Justin A. Lemkul          Magnus Lundborg      
       Pascal Merz              Vedran Miletic            Dmitry Morozov      
       Szilard Pall             Roland Schulz             Michael Shirts      
     Alexey Shvetsov            Balint Soproni         David van der Spoel    
      Philip Turner             Carsten Uphoff           Alessandra Villa     
 Sebastian Wingbermuehle        Artem Zhmurov       

                         Previous GROMACS contributors:
        Emile Apol             Rossen Apostolov           James Barnett       
  Herman J.C. Berendsen          Par Bjelkmar           Viacheslav Bolnykh    
        Kevin Boyd            Aldert van Buuren          Carlo Camilloni      
     Rudi van Drunen            Anton Feenstra           Oliver Fleetwood     
     Gerrit Groenhof            Bert de Groot             Anca Hamuraru       
    Vincent Hindriksen          Victor Holanda           Aleksei Iupinov      
   Dimitrios Karkoulis           Peter Kasson             Sebastian Kehl      
        Jiri Kraus               Per Larsson              Viveca Lindahl      
      Erik Marklund           Pieter Meulenhoff           Teemu Murtola       
       Sander Pronk             Alfons Sijbers            Peter Tieleman      
       Jon Vincent             Teemu Virolainen         Christian Wennberg    
       Maarten Wolf       

                  Coordinated by the GROMACS project leaders:
                    Paul Bauer, Berk Hess, and Erik Lindahl

GROMACS:      gmx mdrun, version 2023.3
Executable:   /ext3/apps/gromacs/2023.3/openmpi/intel/bin/gmx_mpi
Data prefix:  /ext3/apps/gromacs/2023.3/openmpi/intel
Working dir:  /scratch/work/courses/CHEM-GA-2671-2024fa/students/zz10074/comp-lab-class-2024/Week4-CharmmGuiSetup/Setup/Ions_in_water_CHARMM36M/gromacs
Process ID:   2847086
Command line:
  gmx_mpi mdrun -v -deffnm step4.1_equilibration

GROMACS version:    2023.3
Precision:          mixed
Memory model:       64 bit
MPI library:        MPI
OpenMP support:     disabled
GPU support:        disabled
SIMD instructions:  AVX2_256
CPU FFT library:    fftw-3.3.8-sse2-avx-avx2-avx2_128
GPU FFT library:    none
Multi-GPU FFT:      none
RDTSCP usage:       enabled
TNG support:        enabled
Hwloc support:      disabled
Tracing support:    disabled
C compiler:         /share/apps/utils/intel/icc Intel 2021.5.0.20211109
C compiler flags:   -mavx2 -mfma -pthread -O3 -DNDEBUG
C++ compiler:       /share/apps/utils/intel/icpc Intel 2021.5.0.20211109
C++ compiler flags: -mavx2 -mfma -pthread -O3 -DNDEBUG
BLAS library:       External - detected on the system
LAPACK library:     External - detected on the system


Running on 2 nodes with total 48 cores, 48 processing units
  Cores per node:           24
  Logical processing units per node:   24
  OS CPU Limit / recommended threads to start per node:   24
Hardware detected on host cs098.hpc.nyu.edu (the node of MPI rank 0):
  CPU info:
    Vendor: Intel
    Brand:  Intel(R) Xeon(R) Platinum 8268 CPU @ 2.90GHz
    Family: 6   Model: 85   Stepping: 7
    Features: aes apic avx avx2 avx512f avx512cd avx512bw avx512vl avx512secondFMA clfsh cmov cx8 cx16 f16c fma htt intel lahf mmx msr nonstop_tsc pcid pclmuldq pdcm pdpe1gb popcnt pse rdrnd rdtscp sse2 sse3 sse4.1 sse4.2 ssse3 tdt x2apic
    Number of AVX-512 FMA units: 2
  Hardware topology: Basic
    Packages, cores, and logical processors:
    [indices refer to OS logical processors]
      Package  0: [   5] [   6] [   7] [   8] [   9] [  10] [  11] [  12] [  13] [  14] [  15] [  16] [  17] [  18] [  19] [  20] [  21] [  22] [  23]
      Package  1: [  24] [  25] [  26] [  27] [  28]
    CPU limit set by OS: -1   Recommended max number of threads: 24

Likely fastest SIMD instructions supported by all nodes: AVX_512
SIMD instructions selected at compile time:              AVX2_256
Merely a note: it is unfortunately hard to know for sure which SIMD
instructons will perform best on this hardware. For non-GPU runs
on Intel CPUs with dual AVX-512 units, using AVX-512 can be good,
while AVX2 is often better for runs also using a GPU. Typically
this is just a few percent, so don't worry unless you are tuning.


++++ PLEASE READ AND CITE THE FOLLOWING REFERENCE ++++
M. J. Abraham, T. Murtola, R. Schulz, S. Páll, J. C. Smith, B. Hess, E.
Lindahl
GROMACS: High performance molecular simulations through multi-level
parallelism from laptops to supercomputers
SoftwareX 1 (2015) pp. 19-25
-------- -------- --- Thank You --- -------- --------


++++ PLEASE READ AND CITE THE FOLLOWING REFERENCE ++++
S. Páll, M. J. Abraham, C. Kutzner, B. Hess, E. Lindahl
Tackling Exascale Software Challenges in Molecular Dynamics Simulations with
GROMACS
In S. Markidis & E. Laure (Eds.), Solving Software Challenges for Exascale 8759 (2015) pp. 3-27
-------- -------- --- Thank You --- -------- --------


++++ PLEASE READ AND CITE THE FOLLOWING REFERENCE ++++
S. Pronk, S. Páll, R. Schulz, P. Larsson, P. Bjelkmar, R. Apostolov, M. R.
Shirts, J. C. Smith, P. M. Kasson, D. van der Spoel, B. Hess, and E. Lindahl
GROMACS 4.5: a high-throughput and highly parallel open source molecular
simulation toolkit
Bioinformatics 29 (2013) pp. 845-54
-------- -------- --- Thank You --- -------- --------


++++ PLEASE READ AND CITE THE FOLLOWING REFERENCE ++++
B. Hess and C. Kutzner and D. van der Spoel and E. Lindahl
GROMACS 4: Algorithms for highly efficient, load-balanced, and scalable
molecular simulation
J. Chem. Theory Comput. 4 (2008) pp. 435-447
-------- -------- --- Thank You --- -------- --------


++++ PLEASE READ AND CITE THE FOLLOWING REFERENCE ++++
D. van der Spoel, E. Lindahl, B. Hess, G. Groenhof, A. E. Mark and H. J. C.
Berendsen
GROMACS: Fast, Flexible and Free
J. Comp. Chem. 26 (2005) pp. 1701-1719
-------- -------- --- Thank You --- -------- --------


++++ PLEASE READ AND CITE THE FOLLOWING REFERENCE ++++
E. Lindahl and B. Hess and D. van der Spoel
GROMACS 3.0: A package for molecular simulation and trajectory analysis
J. Mol. Mod. 7 (2001) pp. 306-317
-------- -------- --- Thank You --- -------- --------


++++ PLEASE READ AND CITE THE FOLLOWING REFERENCE ++++
H. J. C. Berendsen, D. van der Spoel and R. van Drunen
GROMACS: A message-passing parallel molecular dynamics implementation
Comp. Phys. Comm. 91 (1995) pp. 43-56
-------- -------- --- Thank You --- -------- --------


++++ PLEASE CITE THE DOI FOR THIS VERSION OF GROMACS ++++
https://doi.org/10.5281/zenodo.10017686
-------- -------- --- Thank You --- -------- --------

Input Parameters:
   integrator                     = md
   tinit                          = 0
   dt                             = 0.001
   nsteps                         = 125000
   init-step                      = 0
   simulation-part                = 1
   mts                            = false
   comm-mode                      = Linear
   nstcomm                        = 100
   bd-fric                        = 0
   ld-seed                        = -67641413
   emtol                          = 10
   emstep                         = 0.01
   niter                          = 20
   fcstep                         = 0
   nstcgsteep                     = 1000
   nbfgscorr                      = 10
   rtpi                           = 0.05
   nstxout                        = 0
   nstvout                        = 0
   nstfout                        = 0
   nstlog                         = 1000
   nstcalcenergy                  = 100
   nstenergy                      = 1000
   nstxout-compressed             = 5000
   compressed-x-precision         = 1000
   cutoff-scheme                  = Verlet
   nstlist                        = 20
   pbc                            = xyz
   periodic-molecules             = false
   verlet-buffer-tolerance        = 0.005
   rlist                          = 1.2
   coulombtype                    = PME
   coulomb-modifier               = Potential-shift
   rcoulomb-switch                = 0
   rcoulomb                       = 1.2
   epsilon-r                      = 1
   epsilon-rf                     = inf
   vdw-type                       = Cut-off
   vdw-modifier                   = Force-switch
   rvdw-switch                    = 1
   rvdw                           = 1.2
   DispCorr                       = No
   table-extension                = 1
   fourierspacing                 = 0.12
   fourier-nx                     = 42
   fourier-ny                     = 42
   fourier-nz                     = 42
   pme-order                      = 4
   ewald-rtol                     = 1e-05
   ewald-rtol-lj                  = 0.001
   lj-pme-comb-rule               = Geometric
   ewald-geometry                 = 3d
   epsilon-surface                = 0
   ensemble-temperature-setting   = constant
   ensemble-temperature           = 310
   tcoupl                         = V-rescale
   nsttcouple                     = 100
   nh-chain-length                = 0
   print-nose-hoover-chain-variables = false
   pcoupl                         = No
   pcoupltype                     = Isotropic
   nstpcouple                     = -1
   tau-p                          = 1
   compressibility (3x3):
      compressibility[    0]={ 0.00000e+00,  0.00000e+00,  0.00000e+00}
      compressibility[    1]={ 0.00000e+00,  0.00000e+00,  0.00000e+00}
      compressibility[    2]={ 0.00000e+00,  0.00000e+00,  0.00000e+00}
   ref-p (3x3):
      ref-p[    0]={ 0.00000e+00,  0.00000e+00,  0.00000e+00}
      ref-p[    1]={ 0.00000e+00,  0.00000e+00,  0.00000e+00}
      ref-p[    2]={ 0.00000e+00,  0.00000e+00,  0.00000e+00}
   refcoord-scaling               = No
   posres-com (3):
      posres-com[0]= 0.00000e+00
      posres-com[1]= 0.00000e+00
      posres-com[2]= 0.00000e+00
   posres-comB (3):
      posres-comB[0]= 0.00000e+00
      posres-comB[1]= 0.00000e+00
      posres-comB[2]= 0.00000e+00
   QMMM                           = false
qm-opts:
   ngQM                           = 0
   constraint-algorithm           = Lincs
   continuation                   = false
   Shake-SOR                      = false
   shake-tol                      = 0.0001
   lincs-order                    = 4
   lincs-iter                     = 1
   lincs-warnangle                = 30
   nwall                          = 0
   wall-type                      = 9-3
   wall-r-linpot                  = -1
   wall-atomtype[0]               = -1
   wall-atomtype[1]               = -1
   wall-density[0]                = 0
   wall-density[1]                = 0
   wall-ewald-zfac                = 3
   pull                           = false
   awh                            = false
   rotation                       = false
   interactiveMD                  = false
   disre                          = No
   disre-weighting                = Conservative
   disre-mixed                    = false
   dr-fc                          = 1000
   dr-tau                         = 0
   nstdisreout                    = 100
   orire-fc                       = 0
   orire-tau                      = 0
   nstorireout                    = 100
   free-energy                    = no
   cos-acceleration               = 0
   deform (3x3):
      deform[    0]={ 0.00000e+00,  0.00000e+00,  0.00000e+00}
      deform[    1]={ 0.00000e+00,  0.00000e+00,  0.00000e+00}
      deform[    2]={ 0.00000e+00,  0.00000e+00,  0.00000e+00}
   simulated-tempering            = false
   swapcoords                     = no
   userint1                       = 0
   userint2                       = 0
   userint3                       = 0
   userint4                       = 0
   userreal1                      = 0
   userreal2                      = 0
   userreal3                      = 0
   userreal4                      = 0
   applied-forces:
     electric-field:
       x:
         E0                       = 0
         omega                    = 0
         t0                       = 0
         sigma                    = 0
       y:
         E0                       = 0
         omega                    = 0
         t0                       = 0
         sigma                    = 0
       z:
         E0                       = 0
         omega                    = 0
         t0                       = 0
         sigma                    = 0
     density-guided-simulation:
       active                     = false
       group                      = protein
       similarity-measure         = inner-product
       atom-spreading-weight      = unity
       force-constant             = 1e+09
       gaussian-transform-spreading-width = 0.2
       gaussian-transform-spreading-range-in-multiples-of-width = 4
       reference-density-filename = reference.mrc
       nst                        = 1
       normalize-densities        = true
       adaptive-force-scaling     = false
       adaptive-force-scaling-time-constant = 4
       shift-vector               = 
       transformation-matrix      = 
     qmmm-cp2k:
       active                     = false
       qmgroup                    = System
       qmmethod                   = PBE
       qmfilenames                = 
       qmcharge                   = 0
       qmmultiplicity             = 1
grpopts:
   nrdf:       23319
   ref-t:         310
   tau-t:           1
annealing:          No
annealing-npoints:           0
   acc:	           0           0           0
   nfreeze:           N           N           N
   energygrp-flags[  0]: 0

Changing nstlist from 20 to 100, rlist from 1.2 to 1.3


Initializing Domain Decomposition on 48 ranks
Dynamic load balancing: auto
Using update groups, nr 3894, average size 3.0 atoms, max. radius 0.078 nm
Minimum cell size due to atom displacement: 0.301 nm
Scaling the initial minimum size with 1/0.8 (option -dds) = 1.25
Guess for relative PME load: 0.15
Will use 40 particle-particle and 8 PME only ranks
This is a guess, check the performance at the end of the log file
Using 8 separate PME ranks, as guessed by mdrun
Optimizing the DD grid for 40 cells with a minimum initial size of 0.376 nm
The maximum allowed number of cells is: X 13 Y 13 Z 13
Domain decomposition grid 8 x 5 x 1, separate PME ranks 8
PME domain decomposition: 8 x 1 x 1
Interleaving PP and PME ranks
This rank does only particle-particle work.
Domain decomposition rank 0, coordinates 0 0 0

The initial number of communication pulses is: X 3 Y 2
The initial domain decomposition cell size is: X 0.62 nm Y 1.00 nm

When dynamic load balancing gets turned on, these settings will change to:
The maximum number of communication pulses is: X 3 Y 3
The minimum size for domain decomposition cells is 0.485 nm
The requested allowed shrink of DD cells (option -dds) is: 0.80
The allowed shrink of domain decomposition cells is: X 0.78 Y 0.49
Using two step summing over 2 groups of on average 20.0 ranks


Using 48 MPI processes

Non-default thread affinity set, disabling internal thread affinity
System total charge: 0.000
Will do PME sum in reciprocal space for electrostatic interactions.

++++ PLEASE READ AND CITE THE FOLLOWING REFERENCE ++++
U. Essmann, L. Perera, M. L. Berkowitz, T. Darden, H. Lee and L. G. Pedersen 
A smooth particle mesh Ewald method
J. Chem. Phys. 103 (1995) pp. 8577-8592
-------- -------- --- Thank You --- -------- --------

Using a Gaussian width (1/beta) of 0.384195 nm for Ewald
Potential shift: LJ r^-12: -2.648e-01 r^-6: -5.349e-01, Ewald -8.333e-06
Initialized non-bonded Coulomb Ewald tables, spacing: 1.02e-03 size: 1176



Using SIMD 4x8 nonbonded short-range kernels

Using a dual 4x8 pair-list setup updated with dynamic pruning:
  outer list: updated every 100 steps, buffer 0.100 nm, rlist 1.300 nm
  inner list: updated every  23 steps, buffer 0.001 nm, rlist 1.201 nm
At tolerance 0.005 kJ/mol/ps per atom, equivalent classical 1x1 list would be:
  outer list: updated every 100 steps, buffer 0.230 nm, rlist 1.430 nm
  inner list: updated every  23 steps, buffer 0.048 nm, rlist 1.248 nm

The non-bonded pair calculation algorithm tolerates a few missing pair interactions close to the cut-off. This can lead to a systematic overestimation of the pressure due to missing LJ interactions. The error in the average pressure due to missing LJ interactions is at most 0.03 bar.
The pressure error can be controlled by setting the environment variable GMX_VERLET_BUFFER_PRESSURE_TOLERANCE to the allowed error in units of bar.
Removing pbc first time

Linking all bonded interactions to atoms


++++ PLEASE READ AND CITE THE FOLLOWING REFERENCE ++++
S. Miyamoto and P. A. Kollman
SETTLE: An Analytical Version of the SHAKE and RATTLE Algorithms for Rigid
Water Models
J. Comp. Chem. 13 (1992) pp. 952-962
-------- -------- --- Thank You --- -------- --------


Intra-simulation communication will occur every 100 steps.

++++ PLEASE READ AND CITE THE FOLLOWING REFERENCE ++++
G. Bussi, D. Donadio and M. Parrinello
Canonical sampling through velocity rescaling
J. Chem. Phys. 126 (2007) pp. 014101
-------- -------- --- Thank You --- -------- --------

There are: 11654 Atoms
Atom distribution over 40 domains: av 291 stddev 25 min 243 max 336

Constraining the starting coordinates (step 0)

Constraining the coordinates at t0-dt (step 0)
Center of mass motion removal mode is Linear
We have the following groups for center of mass motion removal:
  0:  SOLV
RMS relative constraint deviation after constraining: 0.00e+00
Initial temperature: 308.103 K

Started mdrun on rank 0 Thu Oct  3 11:33:32 2024

           Step           Time
              0        0.00000

   Energies (kJ/mol)
        LJ (SR)   Coulomb (SR)   Coul. recip.      Potential    Kinetic En.
    2.71261e+04   -2.15276e+05    6.35336e+02   -1.87514e+05    2.98749e+04
   Total Energy  Conserved En.    Temperature Pressure (bar)
   -1.57639e+05   -1.57639e+05    3.08172e+02   -9.86875e+02


DD  step 99 load imb.: force 11.8%  pme mesh/force 1.098

step 200 Turning on dynamic load balancing, because the performance loss due to load imbalance is 3.0 %.

DD  step 999  vol min/aver 0.847  load imb.: force  6.1%  pme mesh/force 0.704
           Step           Time
           1000        1.00000

   Energies (kJ/mol)
        LJ (SR)   Coulomb (SR)   Coul. recip.      Potential    Kinetic En.
    2.05422e+04   -1.93306e+05    4.39126e+02   -1.72325e+05    2.29020e+04
   Total Energy  Conserved En.    Temperature Pressure (bar)
   -1.49423e+05   -1.57593e+05    2.36243e+02   -1.52576e+03


DD  step 1999  vol min/aver 0.882  load imb.: force  5.9%  pme mesh/force 0.721
           Step           Time
           2000        2.00000

   Energies (kJ/mol)
        LJ (SR)   Coulomb (SR)   Coul. recip.      Potential    Kinetic En.
    1.95117e+04   -1.88861e+05    5.29047e+02   -1.68820e+05    2.53279e+04
   Total Energy  Conserved En.    Temperature Pressure (bar)
   -1.43492e+05   -1.57593e+05    2.61267e+02   -1.32014e+03


DD  step 2999  vol min/aver 0.845  load imb.: force  6.7%  pme mesh/force 0.696
           Step           Time
           3000        3.00000

   Energies (kJ/mol)
        LJ (SR)   Coulomb (SR)   Coul. recip.      Potential    Kinetic En.
    1.85120e+04   -1.85515e+05    5.11122e+02   -1.66492e+05    2.67388e+04
   Total Energy  Conserved En.    Temperature Pressure (bar)
   -1.39753e+05   -1.57596e+05    2.75821e+02   -1.42449e+03


DD  step 3999  vol min/aver 0.838  load imb.: force  7.5%  pme mesh/force 0.697
           Step           Time
           4000        4.00000

   Energies (kJ/mol)
        LJ (SR)   Coulomb (SR)   Coul. recip.      Potential    Kinetic En.
    1.81668e+04   -1.83273e+05    5.60311e+02   -1.64546e+05    2.75629e+04
   Total Energy  Conserved En.    Temperature Pressure (bar)
   -1.36983e+05   -1.57596e+05    2.84322e+02   -1.17611e+03


DD  step 4999  vol min/aver 0.888  load imb.: force  4.9%  pme mesh/force 0.702
           Step           Time
           5000        5.00000

   Energies (kJ/mol)
        LJ (SR)   Coulomb (SR)   Coul. recip.      Potential    Kinetic En.
    1.76238e+04   -1.81006e+05    5.59708e+02   -1.62823e+05    2.79627e+04
   Total Energy  Conserved En.    Temperature Pressure (bar)
   -1.34860e+05   -1.57597e+05    2.88447e+02   -1.13031e+03


DD  step 5999  vol min/aver 0.913  load imb.: force  6.0%  pme mesh/force 0.690
           Step           Time
           6000        6.00000

   Energies (kJ/mol)
        LJ (SR)   Coulomb (SR)   Coul. recip.      Potential    Kinetic En.
    1.77478e+04   -1.80420e+05    5.66698e+02   -1.62105e+05    2.89012e+04
   Total Energy  Conserved En.    Temperature Pressure (bar)
   -1.33204e+05   -1.57600e+05    2.98128e+02   -9.25529e+02


DD  step 6999  vol min/aver 0.864  load imb.: force  5.9%  pme mesh/force 0.728
           Step           Time
           7000        7.00000

   Energies (kJ/mol)
        LJ (SR)   Coulomb (SR)   Coul. recip.      Potential    Kinetic En.
    1.69039e+04   -1.79045e+05    5.72115e+02   -1.61569e+05    2.92631e+04
   Total Energy  Conserved En.    Temperature Pressure (bar)
   -1.32306e+05   -1.57603e+05    3.01861e+02   -1.20440e+03


DD  step 7999  vol min/aver 0.874  load imb.: force  6.7%  pme mesh/force 0.677
           Step           Time
           8000        8.00000

   Energies (kJ/mol)
        LJ (SR)   Coulomb (SR)   Coul. recip.      Potential    Kinetic En.
    1.69320e+04   -1.77862e+05    5.81822e+02   -1.60348e+05    2.94664e+04
   Total Energy  Conserved En.    Temperature Pressure (bar)
   -1.30882e+05   -1.57603e+05    3.03958e+02   -9.96422e+02


DD  step 8999  vol min/aver 0.913  load imb.: force  9.5%  pme mesh/force 0.708
           Step           Time
           9000        9.00000

   Energies (kJ/mol)
        LJ (SR)   Coulomb (SR)   Coul. recip.      Potential    Kinetic En.
    1.70917e+04   -1.77901e+05    6.04474e+02   -1.60204e+05    2.96124e+04
   Total Energy  Conserved En.    Temperature Pressure (bar)
   -1.30592e+05   -1.57604e+05    3.05463e+02   -8.91474e+02


DD  step 9999  vol min/aver 0.895  load imb.: force  7.7%  pme mesh/force 0.700
           Step           Time
          10000       10.00000

   Energies (kJ/mol)
        LJ (SR)   Coulomb (SR)   Coul. recip.      Potential    Kinetic En.
    1.62103e+04   -1.76718e+05    5.59688e+02   -1.59949e+05    2.95718e+04
   Total Energy  Conserved En.    Temperature Pressure (bar)
   -1.30377e+05   -1.57607e+05    3.05045e+02   -1.30946e+03


DD  step 10999  vol min/aver 0.881  load imb.: force  7.9%  pme mesh/force 0.717
           Step           Time
          11000       11.00000

   Energies (kJ/mol)
        LJ (SR)   Coulomb (SR)   Coul. recip.      Potential    Kinetic En.
    1.61934e+04   -1.76528e+05    5.74221e+02   -1.59761e+05    2.98655e+04
   Total Energy  Conserved En.    Temperature Pressure (bar)
   -1.29895e+05   -1.57609e+05    3.08074e+02   -1.16666e+03


DD  step 11999  vol min/aver 0.917  load imb.: force  7.3%  pme mesh/force 0.681
           Step           Time
          12000       12.00000

   Energies (kJ/mol)
        LJ (SR)   Coulomb (SR)   Coul. recip.      Potential    Kinetic En.
    1.68470e+04   -1.77157e+05    6.15671e+02   -1.59694e+05    2.97878e+04
   Total Energy  Conserved En.    Temperature Pressure (bar)
   -1.29906e+05   -1.57608e+05    3.07273e+02   -8.65782e+02


DD  step 12999  vol min/aver 0.866  load imb.: force  7.3%  pme mesh/force 0.698
           Step           Time
          13000       13.00000

   Energies (kJ/mol)
        LJ (SR)   Coulomb (SR)   Coul. recip.      Potential    Kinetic En.
    1.61243e+04   -1.76715e+05    5.99176e+02   -1.59991e+05    3.00562e+04
   Total Energy  Conserved En.    Temperature Pressure (bar)
   -1.29935e+05   -1.57611e+05    3.10041e+02   -1.32587e+03


DD  step 13999  vol min/aver 0.805  load imb.: force  6.1%  pme mesh/force 0.676
           Step           Time
          14000       14.00000

   Energies (kJ/mol)
        LJ (SR)   Coulomb (SR)   Coul. recip.      Potential    Kinetic En.
    1.64825e+04   -1.76841e+05    5.65281e+02   -1.59793e+05    2.99875e+04
   Total Energy  Conserved En.    Temperature Pressure (bar)
   -1.29806e+05   -1.57611e+05    3.09333e+02   -1.13640e+03


DD  step 14999  vol min/aver 0.864  load imb.: force  8.5%  pme mesh/force 0.701
           Step           Time
          15000       15.00000

   Energies (kJ/mol)
        LJ (SR)   Coulomb (SR)   Coul. recip.      Potential    Kinetic En.
    1.70738e+04   -1.76924e+05    5.89620e+02   -1.59260e+05    3.02767e+04
   Total Energy  Conserved En.    Temperature Pressure (bar)
   -1.28984e+05   -1.57613e+05    3.12316e+02   -7.11308e+02


DD  step 15999  vol min/aver 0.922  load imb.: force  4.6%  pme mesh/force 0.694
           Step           Time
          16000       16.00000

   Energies (kJ/mol)
        LJ (SR)   Coulomb (SR)   Coul. recip.      Potential    Kinetic En.
    1.65769e+04   -1.76189e+05    5.50829e+02   -1.59061e+05    3.00524e+04
   Total Energy  Conserved En.    Temperature Pressure (bar)
   -1.29009e+05   -1.57614e+05    3.10003e+02   -9.21761e+02


DD  step 16999  vol min/aver 0.850  load imb.: force  7.3%  pme mesh/force 0.679
           Step           Time
          17000       17.00000

   Energies (kJ/mol)
        LJ (SR)   Coulomb (SR)   Coul. recip.      Potential    Kinetic En.
    1.69629e+04   -1.77064e+05    6.12923e+02   -1.59488e+05    3.03913e+04
   Total Energy  Conserved En.    Temperature Pressure (bar)
   -1.29096e+05   -1.57615e+05    3.13499e+02   -8.37620e+02


DD  step 17999  vol min/aver 0.898  load imb.: force  6.0%  pme mesh/force 0.696
           Step           Time
          18000       18.00000

   Energies (kJ/mol)
        LJ (SR)   Coulomb (SR)   Coul. recip.      Potential    Kinetic En.
    1.63154e+04   -1.76538e+05    6.06924e+02   -1.59616e+05    3.02097e+04
   Total Energy  Conserved En.    Temperature Pressure (bar)
   -1.29406e+05   -1.57617e+05    3.11625e+02   -1.16951e+03


DD  step 18999  vol min/aver 0.893  load imb.: force  6.4%  pme mesh/force 0.681
           Step           Time
          19000       19.00000

   Energies (kJ/mol)
        LJ (SR)   Coulomb (SR)   Coul. recip.      Potential    Kinetic En.
    1.61535e+04   -1.76539e+05    6.13726e+02   -1.59772e+05    2.97295e+04
   Total Energy  Conserved En.    Temperature Pressure (bar)
   -1.30042e+05   -1.57618e+05    3.06672e+02   -1.25757e+03


DD  step 19999  vol min/aver 0.874  load imb.: force  5.4%  pme mesh/force 0.697
           Step           Time
          20000       20.00000

   Energies (kJ/mol)
        LJ (SR)   Coulomb (SR)   Coul. recip.      Potential    Kinetic En.
    1.64904e+04   -1.76864e+05    5.72333e+02   -1.59801e+05    3.01948e+04
   Total Energy  Conserved En.    Temperature Pressure (bar)
   -1.29606e+05   -1.57619e+05    3.11472e+02   -1.05730e+03


DD  step 20999  vol min/aver 0.898  load imb.: force  8.0%  pme mesh/force 0.682
           Step           Time
          21000       21.00000

   Energies (kJ/mol)
        LJ (SR)   Coulomb (SR)   Coul. recip.      Potential    Kinetic En.
    1.66058e+04   -1.76506e+05    5.64361e+02   -1.59336e+05    3.03932e+04
   Total Energy  Conserved En.    Temperature Pressure (bar)
   -1.28943e+05   -1.57622e+05    3.13517e+02   -1.02779e+03


DD  step 21999  vol min/aver 0.917  load imb.: force  7.5%  pme mesh/force 0.702
           Step           Time
          22000       22.00000

   Energies (kJ/mol)
        LJ (SR)   Coulomb (SR)   Coul. recip.      Potential    Kinetic En.
    1.68649e+04   -1.77160e+05    5.92656e+02   -1.59702e+05    3.00679e+04
   Total Energy  Conserved En.    Temperature Pressure (bar)
   -1.29634e+05   -1.57622e+05    3.10162e+02   -9.28162e+02


DD  step 22999  vol min/aver 0.900  load imb.: force  6.7%  pme mesh/force 0.668
           Step           Time
          23000       23.00000

   Energies (kJ/mol)
        LJ (SR)   Coulomb (SR)   Coul. recip.      Potential    Kinetic En.
    1.70359e+04   -1.77461e+05    5.85655e+02   -1.59839e+05    3.01417e+04
   Total Energy  Conserved En.    Temperature Pressure (bar)
   -1.29698e+05   -1.57622e+05    3.10924e+02   -8.42448e+02


DD  step 23999  vol min/aver 0.834  load imb.: force  6.6%  pme mesh/force 0.682
           Step           Time
          24000       24.00000

   Energies (kJ/mol)
        LJ (SR)   Coulomb (SR)   Coul. recip.      Potential    Kinetic En.
    1.70594e+04   -1.77203e+05    6.14262e+02   -1.59529e+05    2.99267e+04
   Total Energy  Conserved En.    Temperature Pressure (bar)
   -1.29602e+05   -1.57622e+05    3.08705e+02   -7.73536e+02


DD  step 24999  vol min/aver 0.867  load imb.: force  5.4%  pme mesh/force 0.708
           Step           Time
          25000       25.00000

   Energies (kJ/mol)
        LJ (SR)   Coulomb (SR)   Coul. recip.      Potential    Kinetic En.
    1.67284e+04   -1.76650e+05    5.88137e+02   -1.59333e+05    2.96897e+04
   Total Energy  Conserved En.    Temperature Pressure (bar)
   -1.29643e+05   -1.57622e+05    3.06261e+02   -9.53868e+02


DD  step 25999  vol min/aver 0.899  load imb.: force  6.3%  pme mesh/force 0.748
           Step           Time
          26000       26.00000

   Energies (kJ/mol)
        LJ (SR)   Coulomb (SR)   Coul. recip.      Potential    Kinetic En.
    1.68390e+04   -1.76908e+05    5.68894e+02   -1.59500e+05    2.99791e+04
   Total Energy  Conserved En.    Temperature Pressure (bar)
   -1.29521e+05   -1.57625e+05    3.09246e+02   -9.33470e+02


DD  step 26999  vol min/aver 0.913  load imb.: force  5.7%  pme mesh/force 0.683
           Step           Time
          27000       27.00000

   Energies (kJ/mol)
        LJ (SR)   Coulomb (SR)   Coul. recip.      Potential    Kinetic En.
    1.66875e+04   -1.76349e+05    5.58081e+02   -1.59103e+05    2.96912e+04
   Total Energy  Conserved En.    Temperature Pressure (bar)
   -1.29412e+05   -1.57625e+05    3.06276e+02   -9.24551e+02


DD  step 27999  vol min/aver 0.933  load imb.: force  5.9%  pme mesh/force 0.681
           Step           Time
          28000       28.00000

   Energies (kJ/mol)
        LJ (SR)   Coulomb (SR)   Coul. recip.      Potential    Kinetic En.
    1.59520e+04   -1.75814e+05    5.91544e+02   -1.59270e+05    2.99984e+04
   Total Energy  Conserved En.    Temperature Pressure (bar)
   -1.29272e+05   -1.57626e+05    3.09445e+02   -1.23781e+03


DD  step 28999  vol min/aver 0.874  load imb.: force  6.3%  pme mesh/force 0.707
           Step           Time
          29000       29.00000

   Energies (kJ/mol)
        LJ (SR)   Coulomb (SR)   Coul. recip.      Potential    Kinetic En.
    1.66801e+04   -1.76831e+05    5.98316e+02   -1.59553e+05    2.93766e+04
   Total Energy  Conserved En.    Temperature Pressure (bar)
   -1.30176e+05   -1.57626e+05    3.03031e+02   -1.01274e+03


DD  step 29999  vol min/aver 0.883  load imb.: force  5.3%  pme mesh/force 0.714
           Step           Time
          30000       30.00000

   Energies (kJ/mol)
        LJ (SR)   Coulomb (SR)   Coul. recip.      Potential    Kinetic En.
    1.74966e+04   -1.78170e+05    6.03921e+02   -1.60069e+05    3.00975e+04
   Total Energy  Conserved En.    Temperature Pressure (bar)
   -1.29972e+05   -1.57629e+05    3.10468e+02   -6.41160e+02


DD  step 30999  vol min/aver 0.904  load imb.: force  6.1%  pme mesh/force 0.707
           Step           Time
          31000       31.00000

   Energies (kJ/mol)
        LJ (SR)   Coulomb (SR)   Coul. recip.      Potential    Kinetic En.
    1.66525e+04   -1.77173e+05    5.92379e+02   -1.59928e+05    2.98290e+04
   Total Energy  Conserved En.    Temperature Pressure (bar)
   -1.30099e+05   -1.57629e+05    3.07698e+02   -1.02886e+03


DD  step 31999  vol min/aver 0.883  load imb.: force  6.3%  pme mesh/force 0.700
           Step           Time
          32000       32.00000

   Energies (kJ/mol)
        LJ (SR)   Coulomb (SR)   Coul. recip.      Potential    Kinetic En.
    1.68908e+04   -1.77308e+05    6.15604e+02   -1.59802e+05    3.00097e+04
   Total Energy  Conserved En.    Temperature Pressure (bar)
   -1.29792e+05   -1.57631e+05    3.09562e+02   -9.10291e+02


DD  step 32999  vol min/aver 0.918  load imb.: force  7.9%  pme mesh/force 0.668
           Step           Time
          33000       33.00000

   Energies (kJ/mol)
        LJ (SR)   Coulomb (SR)   Coul. recip.      Potential    Kinetic En.
    1.65675e+04   -1.77023e+05    5.97006e+02   -1.59859e+05    2.97966e+04
   Total Energy  Conserved En.    Temperature Pressure (bar)
   -1.30062e+05   -1.57633e+05    3.07364e+02   -1.06165e+03


DD  step 33999  vol min/aver 0.899  load imb.: force  5.7%  pme mesh/force 0.704
           Step           Time
          34000       34.00000

   Energies (kJ/mol)
        LJ (SR)   Coulomb (SR)   Coul. recip.      Potential    Kinetic En.
    1.68227e+04   -1.77013e+05    5.51053e+02   -1.59639e+05    2.98547e+04
   Total Energy  Conserved En.    Temperature Pressure (bar)
   -1.29784e+05   -1.57633e+05    3.07963e+02   -9.39089e+02


DD  step 34999  vol min/aver 0.876  load imb.: force  5.5%  pme mesh/force 0.696
           Step           Time
          35000       35.00000

   Energies (kJ/mol)
        LJ (SR)   Coulomb (SR)   Coul. recip.      Potential    Kinetic En.
    1.76160e+04   -1.78400e+05    5.51789e+02   -1.60232e+05    3.01580e+04
   Total Energy  Conserved En.    Temperature Pressure (bar)
   -1.30074e+05   -1.57635e+05    3.11092e+02   -5.94954e+02


DD  load balancing is limited by minimum cell size in dimension X
DD  step 35999  vol min/aver 0.573! load imb.: force 27.0%  pme mesh/force 0.662

step 36000 Turning off dynamic load balancing, because it is degrading performance.
Atom distribution over 40 domains: av 291 stddev 19 min 270 max 322
           Step           Time
          36000       36.00000

   Energies (kJ/mol)
        LJ (SR)   Coulomb (SR)   Coul. recip.      Potential    Kinetic En.
    1.69737e+04   -1.77438e+05    5.80760e+02   -1.59884e+05    3.00138e+04
   Total Energy  Conserved En.    Temperature Pressure (bar)
   -1.29870e+05   -1.57635e+05    3.09604e+02   -8.74992e+02


DD  step 36999 load imb.: force 23.7%  pme mesh/force 0.787
           Step           Time
          37000       37.00000

   Energies (kJ/mol)
        LJ (SR)   Coulomb (SR)   Coul. recip.      Potential    Kinetic En.
    1.69157e+04   -1.77395e+05    5.67786e+02   -1.59911e+05    2.97469e+04
   Total Energy  Conserved En.    Temperature Pressure (bar)
   -1.30164e+05   -1.57636e+05    3.06851e+02   -8.93779e+02


DD  step 37999 load imb.: force 16.5%  pme mesh/force 0.750
           Step           Time
          38000       38.00000

   Energies (kJ/mol)
        LJ (SR)   Coulomb (SR)   Coul. recip.      Potential    Kinetic En.
    1.67440e+04   -1.77182e+05    5.90694e+02   -1.59848e+05    3.01132e+04
   Total Energy  Conserved En.    Temperature Pressure (bar)
   -1.29734e+05   -1.57637e+05    3.10630e+02   -9.81508e+02


DD  step 38999 load imb.: force 14.6%  pme mesh/force 0.753
           Step           Time
          39000       39.00000

   Energies (kJ/mol)
        LJ (SR)   Coulomb (SR)   Coul. recip.      Potential    Kinetic En.
    1.63085e+04   -1.75810e+05    5.68101e+02   -1.58934e+05    2.98712e+04
   Total Energy  Conserved En.    Temperature Pressure (bar)
   -1.29063e+05   -1.57638e+05    3.08133e+02   -1.06731e+03


DD  step 39999 load imb.: force  7.9%  pme mesh/force 0.721
           Step           Time
          40000       40.00000

   Energies (kJ/mol)
        LJ (SR)   Coulomb (SR)   Coul. recip.      Potential    Kinetic En.
    1.64901e+04   -1.76523e+05    5.58488e+02   -1.59474e+05    3.03239e+04
   Total Energy  Conserved En.    Temperature Pressure (bar)
   -1.29150e+05   -1.57641e+05    3.12803e+02   -1.01777e+03


DD  step 40999 load imb.: force  7.8%  pme mesh/force 0.689
           Step           Time
          41000       41.00000

   Energies (kJ/mol)
        LJ (SR)   Coulomb (SR)   Coul. recip.      Potential    Kinetic En.
    1.62784e+04   -1.76390e+05    5.93369e+02   -1.59518e+05    3.02279e+04
   Total Energy  Conserved En.    Temperature Pressure (bar)
   -1.29290e+05   -1.57643e+05    3.11812e+02   -1.17068e+03


DD  step 41999 load imb.: force  8.0%  pme mesh/force 0.686
           Step           Time
          42000       42.00000

   Energies (kJ/mol)
        LJ (SR)   Coulomb (SR)   Coul. recip.      Potential    Kinetic En.
    1.67683e+04   -1.76606e+05    5.97741e+02   -1.59240e+05    3.03056e+04
   Total Energy  Conserved En.    Temperature Pressure (bar)
   -1.28934e+05   -1.57641e+05    3.12615e+02   -8.53234e+02


DD  step 42999 load imb.: force  8.1%  pme mesh/force 0.680
           Step           Time
          43000       43.00000

   Energies (kJ/mol)
        LJ (SR)   Coulomb (SR)   Coul. recip.      Potential    Kinetic En.
    1.60384e+04   -1.76108e+05    6.25398e+02   -1.59444e+05    3.03800e+04
   Total Energy  Conserved En.    Temperature Pressure (bar)
   -1.29064e+05   -1.57644e+05    3.13381e+02   -1.19735e+03


DD  step 43999 load imb.: force  9.1%  pme mesh/force 0.703
           Step           Time
          44000       44.00000

   Energies (kJ/mol)
        LJ (SR)   Coulomb (SR)   Coul. recip.      Potential    Kinetic En.
    1.61071e+04   -1.76451e+05    5.90712e+02   -1.59753e+05    3.01830e+04
   Total Energy  Conserved En.    Temperature Pressure (bar)
   -1.29570e+05   -1.57644e+05    3.11350e+02   -1.27196e+03


DD  step 44999 load imb.: force  7.7%  pme mesh/force 0.714
           Step           Time
          45000       45.00000

   Energies (kJ/mol)
        LJ (SR)   Coulomb (SR)   Coul. recip.      Potential    Kinetic En.
    1.66397e+04   -1.76953e+05    6.25071e+02   -1.59688e+05    3.00767e+04
   Total Energy  Conserved En.    Temperature Pressure (bar)
   -1.29611e+05   -1.57645e+05    3.10253e+02   -1.00370e+03


DD  step 45999 load imb.: force  8.7%  pme mesh/force 0.679
           Step           Time
          46000       46.00000

   Energies (kJ/mol)
        LJ (SR)   Coulomb (SR)   Coul. recip.      Potential    Kinetic En.
    1.63611e+04   -1.76858e+05    6.33959e+02   -1.59863e+05    3.01543e+04
   Total Energy  Conserved En.    Temperature Pressure (bar)
   -1.29708e+05   -1.57647e+05    3.11054e+02   -1.19454e+03


DD  step 46999 load imb.: force  7.9%  pme mesh/force 0.683
           Step           Time
          47000       47.00000

   Energies (kJ/mol)
        LJ (SR)   Coulomb (SR)   Coul. recip.      Potential    Kinetic En.
    1.66268e+04   -1.76781e+05    5.87934e+02   -1.59566e+05    2.98032e+04
   Total Energy  Conserved En.    Temperature Pressure (bar)
   -1.29763e+05   -1.57648e+05    3.07432e+02   -1.06526e+03


DD  step 47999 load imb.: force  7.1%  pme mesh/force 0.671
           Step           Time
          48000       48.00000

   Energies (kJ/mol)
        LJ (SR)   Coulomb (SR)   Coul. recip.      Potential    Kinetic En.
    1.68321e+04   -1.77296e+05    5.32165e+02   -1.59931e+05    2.95285e+04
   Total Energy  Conserved En.    Temperature Pressure (bar)
   -1.30403e+05   -1.57649e+05    3.04598e+02   -9.76472e+02


DD  step 48999 load imb.: force 10.3%  pme mesh/force 0.683
           Step           Time
          49000       49.00000

   Energies (kJ/mol)
        LJ (SR)   Coulomb (SR)   Coul. recip.      Potential    Kinetic En.
    1.67285e+04   -1.77104e+05    6.06820e+02   -1.59768e+05    2.96839e+04
   Total Energy  Conserved En.    Temperature Pressure (bar)
   -1.30084e+05   -1.57649e+05    3.06202e+02   -9.93828e+02


DD  step 49999 load imb.: force  8.8%  pme mesh/force 0.683

step 50000 Turning on dynamic load balancing, because the performance loss due to load imbalance is 7.4 %.
           Step           Time
          50000       50.00000

   Energies (kJ/mol)
        LJ (SR)   Coulomb (SR)   Coul. recip.      Potential    Kinetic En.
    1.75221e+04   -1.78018e+05    5.56339e+02   -1.59940e+05    3.00749e+04
   Total Energy  Conserved En.    Temperature Pressure (bar)
   -1.29865e+05   -1.57650e+05    3.10234e+02   -6.21749e+02


DD  step 50999  vol min/aver 0.898  load imb.: force  8.8%  pme mesh/force 0.686
           Step           Time
          51000       51.00000

   Energies (kJ/mol)
        LJ (SR)   Coulomb (SR)   Coul. recip.      Potential    Kinetic En.
    1.71674e+04   -1.77696e+05    5.52325e+02   -1.59976e+05    3.04424e+04
   Total Energy  Conserved En.    Temperature Pressure (bar)
   -1.29534e+05   -1.57653e+05    3.14025e+02   -8.09639e+02


DD  step 51999  vol min/aver 0.857  load imb.: force 15.8%  pme mesh/force 0.713

step 52000 Turning off dynamic load balancing, because it is degrading performance.
Atom distribution over 40 domains: av 291 stddev 21 min 250 max 315
           Step           Time
          52000       52.00000

   Energies (kJ/mol)
        LJ (SR)   Coulomb (SR)   Coul. recip.      Potential    Kinetic En.
    1.71819e+04   -1.77609e+05    5.92599e+02   -1.59834e+05    3.07816e+04
   Total Energy  Conserved En.    Temperature Pressure (bar)
   -1.29052e+05   -1.57654e+05    3.17525e+02   -7.64692e+02


DD  step 52999 load imb.: force 26.9%  pme mesh/force 0.810
           Step           Time
          53000       53.00000

   Energies (kJ/mol)
        LJ (SR)   Coulomb (SR)   Coul. recip.      Potential    Kinetic En.
    1.62563e+04   -1.76515e+05    5.96937e+02   -1.59662e+05    3.04475e+04
   Total Energy  Conserved En.    Temperature Pressure (bar)
   -1.29215e+05   -1.57654e+05    3.14078e+02   -1.22189e+03


DD  step 53999 load imb.: force 21.1%  pme mesh/force 0.751
           Step           Time
          54000       54.00000

   Energies (kJ/mol)
        LJ (SR)   Coulomb (SR)   Coul. recip.      Potential    Kinetic En.
    1.65781e+04   -1.77140e+05    6.25363e+02   -1.59937e+05    3.03915e+04
   Total Energy  Conserved En.    Temperature Pressure (bar)
   -1.29545e+05   -1.57655e+05    3.13500e+02   -1.06072e+03


DD  step 54999 load imb.: force 25.1%  pme mesh/force 0.818
           Step           Time
          55000       55.00000

   Energies (kJ/mol)
        LJ (SR)   Coulomb (SR)   Coul. recip.      Potential    Kinetic En.
    1.59998e+04   -1.75923e+05    6.05423e+02   -1.59318e+05    2.99320e+04
   Total Energy  Conserved En.    Temperature Pressure (bar)
   -1.29386e+05   -1.57656e+05    3.08760e+02   -1.29995e+03


DD  step 55999 load imb.: force  9.6%  pme mesh/force 0.671
           Step           Time
          56000       56.00000

   Energies (kJ/mol)
        LJ (SR)   Coulomb (SR)   Coul. recip.      Potential    Kinetic En.
    1.69048e+04   -1.77167e+05    5.76435e+02   -1.59685e+05    3.02888e+04
   Total Energy  Conserved En.    Temperature Pressure (bar)
   -1.29397e+05   -1.57657e+05    3.12441e+02   -8.74172e+02


DD  step 56999 load imb.: force 15.9%  pme mesh/force 0.741
           Step           Time
          57000       57.00000

   Energies (kJ/mol)
        LJ (SR)   Coulomb (SR)   Coul. recip.      Potential    Kinetic En.
    1.69356e+04   -1.77385e+05    5.91585e+02   -1.59858e+05    2.99951e+04
   Total Energy  Conserved En.    Temperature Pressure (bar)
   -1.29863e+05   -1.57658e+05    3.09411e+02   -9.40098e+02


DD  step 57999 load imb.: force 15.2%  pme mesh/force 0.711
           Step           Time
          58000       58.00000

   Energies (kJ/mol)
        LJ (SR)   Coulomb (SR)   Coul. recip.      Potential    Kinetic En.
    1.64767e+04   -1.76612e+05    6.13057e+02   -1.59522e+05    3.01012e+04
   Total Energy  Conserved En.    Temperature Pressure (bar)
   -1.29421e+05   -1.57660e+05    3.10506e+02   -1.06149e+03


DD  step 58999 load imb.: force 15.7%  pme mesh/force 0.746
           Step           Time
          59000       59.00000

   Energies (kJ/mol)
        LJ (SR)   Coulomb (SR)   Coul. recip.      Potential    Kinetic En.
    1.64025e+04   -1.76504e+05    5.74391e+02   -1.59527e+05    3.03588e+04
   Total Energy  Conserved En.    Temperature Pressure (bar)
   -1.29168e+05   -1.57661e+05    3.13163e+02   -1.03306e+03


DD  step 59999 load imb.: force 10.0%  pme mesh/force 0.703

step 60000 Will no longer try dynamic load balancing, as it degraded performance.
           Step           Time
          60000       60.00000

   Energies (kJ/mol)
        LJ (SR)   Coulomb (SR)   Coul. recip.      Potential    Kinetic En.
    1.62023e+04   -1.75627e+05    5.77972e+02   -1.58846e+05    3.01971e+04
   Total Energy  Conserved En.    Temperature Pressure (bar)
   -1.28649e+05   -1.57661e+05    3.11495e+02   -1.09857e+03


DD  step 60999 load imb.: force  8.5%  pme mesh/force 0.681
           Step           Time
          61000       61.00000

   Energies (kJ/mol)
        LJ (SR)   Coulomb (SR)   Coul. recip.      Potential    Kinetic En.
    1.65699e+04   -1.76377e+05    5.62734e+02   -1.59244e+05    3.04248e+04
   Total Energy  Conserved En.    Temperature Pressure (bar)
   -1.28819e+05   -1.57663e+05    3.13844e+02   -9.72675e+02


DD  step 61999 load imb.: force  7.1%  pme mesh/force 0.704
           Step           Time
          62000       62.00000

   Energies (kJ/mol)
        LJ (SR)   Coulomb (SR)   Coul. recip.      Potential    Kinetic En.
    1.64107e+04   -1.76096e+05    5.75571e+02   -1.59110e+05    2.97711e+04
   Total Energy  Conserved En.    Temperature Pressure (bar)
   -1.29339e+05   -1.57662e+05    3.07101e+02   -1.07968e+03


DD  step 62999 load imb.: force  8.8%  pme mesh/force 0.699
           Step           Time
          63000       63.00000

   Energies (kJ/mol)
        LJ (SR)   Coulomb (SR)   Coul. recip.      Potential    Kinetic En.
    1.61738e+04   -1.76069e+05    5.93103e+02   -1.59302e+05    2.98161e+04
   Total Energy  Conserved En.    Temperature Pressure (bar)
   -1.29486e+05   -1.57663e+05    3.07565e+02   -1.16162e+03


DD  step 63999 load imb.: force 20.4%  pme mesh/force 0.822
           Step           Time
          64000       64.00000

   Energies (kJ/mol)
        LJ (SR)   Coulomb (SR)   Coul. recip.      Potential    Kinetic En.
    1.66526e+04   -1.76897e+05    6.18786e+02   -1.59626e+05    2.95917e+04
   Total Energy  Conserved En.    Temperature Pressure (bar)
   -1.30034e+05   -1.57664e+05    3.05250e+02   -1.01622e+03


DD  step 64999 load imb.: force 16.2%  pme mesh/force 0.752
           Step           Time
          65000       65.00000

   Energies (kJ/mol)
        LJ (SR)   Coulomb (SR)   Coul. recip.      Potential    Kinetic En.
    1.74117e+04   -1.77326e+05    6.13337e+02   -1.59301e+05    2.95986e+04
   Total Energy  Conserved En.    Temperature Pressure (bar)
   -1.29702e+05   -1.57665e+05    3.05321e+02   -6.44748e+02


DD  step 65999 load imb.: force 12.9%  pme mesh/force 0.706
           Step           Time
          66000       66.00000

   Energies (kJ/mol)
        LJ (SR)   Coulomb (SR)   Coul. recip.      Potential    Kinetic En.
    1.73851e+04   -1.77918e+05    6.09117e+02   -1.59924e+05    3.01718e+04
   Total Energy  Conserved En.    Temperature Pressure (bar)
   -1.29752e+05   -1.57668e+05    3.11234e+02   -7.17930e+02


DD  step 66999 load imb.: force 17.6%  pme mesh/force 0.738
           Step           Time
          67000       67.00000

   Energies (kJ/mol)
        LJ (SR)   Coulomb (SR)   Coul. recip.      Potential    Kinetic En.
    1.68395e+04   -1.77305e+05    6.01834e+02   -1.59864e+05    3.00837e+04
   Total Energy  Conserved En.    Temperature Pressure (bar)
   -1.29780e+05   -1.57669e+05    3.10326e+02   -8.96738e+02


DD  step 67999 load imb.: force  6.8%  pme mesh/force 0.684
           Step           Time
          68000       68.00000

   Energies (kJ/mol)
        LJ (SR)   Coulomb (SR)   Coul. recip.      Potential    Kinetic En.
    1.69773e+04   -1.77802e+05    5.98551e+02   -1.60226e+05    2.97152e+04
   Total Energy  Conserved En.    Temperature Pressure (bar)
   -1.30511e+05   -1.57671e+05    3.06524e+02   -9.71759e+02


DD  step 68999 load imb.: force 17.3%  pme mesh/force 0.740
           Step           Time
          69000       69.00000

   Energies (kJ/mol)
        LJ (SR)   Coulomb (SR)   Coul. recip.      Potential    Kinetic En.
    1.65196e+04   -1.77042e+05    5.56646e+02   -1.59965e+05    2.93525e+04
   Total Energy  Conserved En.    Temperature Pressure (bar)
   -1.30613e+05   -1.57670e+05    3.02783e+02   -1.16959e+03


DD  step 69999 load imb.: force 11.4%  pme mesh/force 0.710
           Step           Time
          70000       70.00000

   Energies (kJ/mol)
        LJ (SR)   Coulomb (SR)   Coul. recip.      Potential    Kinetic En.
    1.72199e+04   -1.78009e+05    5.73862e+02   -1.60215e+05    2.96387e+04
   Total Energy  Conserved En.    Temperature Pressure (bar)
   -1.30577e+05   -1.57672e+05    3.05735e+02   -8.69077e+02


DD  step 70999 load imb.: force 13.7%  pme mesh/force 0.712
           Step           Time
          71000       71.00000

   Energies (kJ/mol)
        LJ (SR)   Coulomb (SR)   Coul. recip.      Potential    Kinetic En.
    1.64013e+04   -1.76803e+05    5.86707e+02   -1.59814e+05    2.92098e+04
   Total Energy  Conserved En.    Temperature Pressure (bar)
   -1.30605e+05   -1.57672e+05    3.01311e+02   -1.15044e+03


DD  step 71999 load imb.: force 10.4%  pme mesh/force 0.669
           Step           Time
          72000       72.00000

   Energies (kJ/mol)
        LJ (SR)   Coulomb (SR)   Coul. recip.      Potential    Kinetic En.
    1.68443e+04   -1.77419e+05    5.53725e+02   -1.60021e+05    2.95322e+04
   Total Energy  Conserved En.    Temperature Pressure (bar)
   -1.30489e+05   -1.57674e+05    3.04636e+02   -9.79821e+02


DD  step 72999 load imb.: force 10.9%  pme mesh/force 0.706
           Step           Time
          73000       73.00000

   Energies (kJ/mol)
        LJ (SR)   Coulomb (SR)   Coul. recip.      Potential    Kinetic En.
    1.72704e+04   -1.77702e+05    5.73362e+02   -1.59858e+05    2.96519e+04
   Total Energy  Conserved En.    Temperature Pressure (bar)
   -1.30206e+05   -1.57675e+05    3.05872e+02   -7.48135e+02


DD  step 73999 load imb.: force 10.9%  pme mesh/force 0.683
           Step           Time
          74000       74.00000

   Energies (kJ/mol)
        LJ (SR)   Coulomb (SR)   Coul. recip.      Potential    Kinetic En.
    1.61443e+04   -1.77045e+05    5.87843e+02   -1.60313e+05    3.03500e+04
   Total Energy  Conserved En.    Temperature Pressure (bar)
   -1.29963e+05   -1.57678e+05    3.13072e+02   -1.32680e+03


DD  step 74999 load imb.: force 16.7%  pme mesh/force 0.722
           Step           Time
          75000       75.00000

   Energies (kJ/mol)
        LJ (SR)   Coulomb (SR)   Coul. recip.      Potential    Kinetic En.
    1.62426e+04   -1.76253e+05    5.89350e+02   -1.59421e+05    2.96150e+04
   Total Energy  Conserved En.    Temperature Pressure (bar)
   -1.29806e+05   -1.57676e+05    3.05490e+02   -1.21322e+03


DD  step 75999 load imb.: force 10.8%  pme mesh/force 0.682
           Step           Time
          76000       76.00000

   Energies (kJ/mol)
        LJ (SR)   Coulomb (SR)   Coul. recip.      Potential    Kinetic En.
    1.62202e+04   -1.76074e+05    6.14646e+02   -1.59240e+05    2.99601e+04
   Total Energy  Conserved En.    Temperature Pressure (bar)
   -1.29280e+05   -1.57678e+05    3.09051e+02   -1.12342e+03


DD  step 76999 load imb.: force 19.4%  pme mesh/force 0.743
           Step           Time
          77000       77.00000

   Energies (kJ/mol)
        LJ (SR)   Coulomb (SR)   Coul. recip.      Potential    Kinetic En.
    1.67329e+04   -1.76810e+05    6.27176e+02   -1.59450e+05    3.01544e+04
   Total Energy  Conserved En.    Temperature Pressure (bar)
   -1.29295e+05   -1.57679e+05    3.11055e+02   -9.42799e+02


DD  step 77999 load imb.: force  8.9%  pme mesh/force 0.674
           Step           Time
          78000       78.00000

   Energies (kJ/mol)
        LJ (SR)   Coulomb (SR)   Coul. recip.      Potential    Kinetic En.
    1.71230e+04   -1.77707e+05    6.00880e+02   -1.59983e+05    3.01915e+04
   Total Energy  Conserved En.    Temperature Pressure (bar)
   -1.29791e+05   -1.57681e+05    3.11437e+02   -8.16221e+02


DD  step 78999 load imb.: force 25.2%  pme mesh/force 0.767
           Step           Time
          79000       79.00000

   Energies (kJ/mol)
        LJ (SR)   Coulomb (SR)   Coul. recip.      Potential    Kinetic En.
    1.69299e+04   -1.77281e+05    5.63825e+02   -1.59787e+05    2.99865e+04
   Total Energy  Conserved En.    Temperature Pressure (bar)
   -1.29801e+05   -1.57683e+05    3.09323e+02   -9.01724e+02


DD  step 79999 load imb.: force 10.7%  pme mesh/force 0.698
           Step           Time
          80000       80.00000

   Energies (kJ/mol)
        LJ (SR)   Coulomb (SR)   Coul. recip.      Potential    Kinetic En.
    1.63596e+04   -1.76467e+05    6.05757e+02   -1.59502e+05    2.98194e+04
   Total Energy  Conserved En.    Temperature Pressure (bar)
   -1.29682e+05   -1.57684e+05    3.07599e+02   -1.12142e+03


DD  step 80999 load imb.: force  8.8%  pme mesh/force 0.715
           Step           Time
          81000       81.00000

   Energies (kJ/mol)
        LJ (SR)   Coulomb (SR)   Coul. recip.      Potential    Kinetic En.
    1.66019e+04   -1.76641e+05    5.93215e+02   -1.59446e+05    2.97341e+04
   Total Energy  Conserved En.    Temperature Pressure (bar)
   -1.29712e+05   -1.57684e+05    3.06719e+02   -9.71207e+02


DD  step 81999 load imb.: force  8.7%  pme mesh/force 0.689
           Step           Time
          82000       82.00000

   Energies (kJ/mol)
        LJ (SR)   Coulomb (SR)   Coul. recip.      Potential    Kinetic En.
    1.62042e+04   -1.76547e+05    5.57882e+02   -1.59785e+05    2.99053e+04
   Total Energy  Conserved En.    Temperature Pressure (bar)
   -1.29880e+05   -1.57685e+05    3.08485e+02   -1.25662e+03


DD  step 82999 load imb.: force 14.5%  pme mesh/force 0.732
           Step           Time
          83000       83.00000

   Energies (kJ/mol)
        LJ (SR)   Coulomb (SR)   Coul. recip.      Potential    Kinetic En.
    1.64196e+04   -1.76270e+05    6.28962e+02   -1.59221e+05    2.99343e+04
   Total Energy  Conserved En.    Temperature Pressure (bar)
   -1.29287e+05   -1.57684e+05    3.08784e+02   -1.03979e+03


DD  step 83999 load imb.: force 10.4%  pme mesh/force 0.684
           Step           Time
          84000       84.00000

   Energies (kJ/mol)
        LJ (SR)   Coulomb (SR)   Coul. recip.      Potential    Kinetic En.
    1.66991e+04   -1.76272e+05    5.71773e+02   -1.59001e+05    2.97095e+04
   Total Energy  Conserved En.    Temperature Pressure (bar)
   -1.29292e+05   -1.57687e+05    3.06465e+02   -8.41737e+02


DD  step 84999 load imb.: force 11.6%  pme mesh/force 0.727
           Step           Time
          85000       85.00000

   Energies (kJ/mol)
        LJ (SR)   Coulomb (SR)   Coul. recip.      Potential    Kinetic En.
    1.68373e+04   -1.77192e+05    5.94996e+02   -1.59759e+05    3.02407e+04
   Total Energy  Conserved En.    Temperature Pressure (bar)
   -1.29519e+05   -1.57687e+05    3.11945e+02   -9.07665e+02


DD  step 85999 load imb.: force  9.2%  pme mesh/force 0.679
           Step           Time
          86000       86.00000

   Energies (kJ/mol)
        LJ (SR)   Coulomb (SR)   Coul. recip.      Potential    Kinetic En.
    1.65237e+04   -1.76222e+05    5.50864e+02   -1.59147e+05    3.02424e+04
   Total Energy  Conserved En.    Temperature Pressure (bar)
   -1.28905e+05   -1.57689e+05    3.11963e+02   -9.48335e+02


DD  step 86999 load imb.: force  9.0%  pme mesh/force 0.670
           Step           Time
          87000       87.00000

   Energies (kJ/mol)
        LJ (SR)   Coulomb (SR)   Coul. recip.      Potential    Kinetic En.
    1.68662e+04   -1.76871e+05    5.91723e+02   -1.59414e+05    3.03170e+04
   Total Energy  Conserved En.    Temperature Pressure (bar)
   -1.29097e+05   -1.57691e+05    3.12731e+02   -8.40349e+02


DD  step 87999 load imb.: force  9.0%  pme mesh/force 0.684
           Step           Time
          88000       88.00000

   Energies (kJ/mol)
        LJ (SR)   Coulomb (SR)   Coul. recip.      Potential    Kinetic En.
    1.66164e+04   -1.76070e+05    5.99997e+02   -1.58853e+05    2.97002e+04
   Total Energy  Conserved En.    Temperature Pressure (bar)
   -1.29153e+05   -1.57690e+05    3.06369e+02   -9.04260e+02


DD  step 88999 load imb.: force  7.7%  pme mesh/force 0.668
           Step           Time
          89000       89.00000

   Energies (kJ/mol)
        LJ (SR)   Coulomb (SR)   Coul. recip.      Potential    Kinetic En.
    1.64376e+04   -1.76594e+05    5.59817e+02   -1.59597e+05    3.06655e+04
   Total Energy  Conserved En.    Temperature Pressure (bar)
   -1.28931e+05   -1.57692e+05    3.16327e+02   -1.09117e+03


DD  step 89999 load imb.: force  7.3%  pme mesh/force 0.678
           Step           Time
          90000       90.00000

   Energies (kJ/mol)
        LJ (SR)   Coulomb (SR)   Coul. recip.      Potential    Kinetic En.
    1.62871e+04   -1.75923e+05    5.94528e+02   -1.59041e+05    3.00778e+04
   Total Energy  Conserved En.    Temperature Pressure (bar)
   -1.28963e+05   -1.57693e+05    3.10264e+02   -1.07938e+03


DD  step 90999 load imb.: force  7.7%  pme mesh/force 0.680
           Step           Time
          91000       91.00000

   Energies (kJ/mol)
        LJ (SR)   Coulomb (SR)   Coul. recip.      Potential    Kinetic En.
    1.66893e+04   -1.77100e+05    5.56485e+02   -1.59854e+05    3.06264e+04
   Total Energy  Conserved En.    Temperature Pressure (bar)
   -1.29228e+05   -1.57695e+05    3.15924e+02   -9.82739e+02


DD  step 91999 load imb.: force  7.6%  pme mesh/force 0.670
           Step           Time
          92000       92.00000

   Energies (kJ/mol)
        LJ (SR)   Coulomb (SR)   Coul. recip.      Potential    Kinetic En.
    1.63395e+04   -1.76666e+05    5.85908e+02   -1.59740e+05    3.07637e+04
   Total Energy  Conserved En.    Temperature Pressure (bar)
   -1.28977e+05   -1.57696e+05    3.17340e+02   -1.15450e+03


DD  step 92999 load imb.: force  8.8%  pme mesh/force 0.652
           Step           Time
          93000       93.00000

   Energies (kJ/mol)
        LJ (SR)   Coulomb (SR)   Coul. recip.      Potential    Kinetic En.
    1.64167e+04   -1.76182e+05    5.89507e+02   -1.59175e+05    3.02382e+04
   Total Energy  Conserved En.    Temperature Pressure (bar)
   -1.28937e+05   -1.57699e+05    3.11919e+02   -1.04256e+03


DD  step 93999 load imb.: force  8.6%  pme mesh/force 0.709
           Step           Time
          94000       94.00000

   Energies (kJ/mol)
        LJ (SR)   Coulomb (SR)   Coul. recip.      Potential    Kinetic En.
    1.75647e+04   -1.77266e+05    5.84901e+02   -1.59116e+05    3.04598e+04
   Total Energy  Conserved En.    Temperature Pressure (bar)
   -1.28656e+05   -1.57696e+05    3.14205e+02   -4.99520e+02


DD  step 94999 load imb.: force 10.2%  pme mesh/force 0.648
           Step           Time
          95000       95.00000

   Energies (kJ/mol)
        LJ (SR)   Coulomb (SR)   Coul. recip.      Potential    Kinetic En.
    1.61994e+04   -1.76124e+05    5.84123e+02   -1.59340e+05    3.04201e+04
   Total Energy  Conserved En.    Temperature Pressure (bar)
   -1.28920e+05   -1.57699e+05    3.13795e+02   -1.17373e+03


DD  step 95999 load imb.: force  8.6%  pme mesh/force 0.695
           Step           Time
          96000       96.00000

   Energies (kJ/mol)
        LJ (SR)   Coulomb (SR)   Coul. recip.      Potential    Kinetic En.
    1.70327e+04   -1.76623e+05    6.36325e+02   -1.58954e+05    3.01817e+04
   Total Energy  Conserved En.    Temperature Pressure (bar)
   -1.28773e+05   -1.57700e+05    3.11336e+02   -7.44376e+02


DD  step 96999 load imb.: force  9.1%  pme mesh/force 0.699
           Step           Time
          97000       97.00000

   Energies (kJ/mol)
        LJ (SR)   Coulomb (SR)   Coul. recip.      Potential    Kinetic En.
    1.63915e+04   -1.77077e+05    6.20055e+02   -1.60065e+05    3.00411e+04
   Total Energy  Conserved En.    Temperature Pressure (bar)
   -1.30024e+05   -1.57700e+05    3.09886e+02   -1.18848e+03


DD  step 97999 load imb.: force  7.6%  pme mesh/force 0.701
           Step           Time
          98000       98.00000

   Energies (kJ/mol)
        LJ (SR)   Coulomb (SR)   Coul. recip.      Potential    Kinetic En.
    1.74467e+04   -1.78068e+05    5.85328e+02   -1.60036e+05    3.00307e+04
   Total Energy  Conserved En.    Temperature Pressure (bar)
   -1.30005e+05   -1.57701e+05    3.09779e+02   -6.80347e+02


DD  step 98999 load imb.: force  6.7%  pme mesh/force 0.668
           Step           Time
          99000       99.00000

   Energies (kJ/mol)
        LJ (SR)   Coulomb (SR)   Coul. recip.      Potential    Kinetic En.
    1.67788e+04   -1.76832e+05    5.97332e+02   -1.59456e+05    2.95621e+04
   Total Energy  Conserved En.    Temperature Pressure (bar)
   -1.29894e+05   -1.57702e+05    3.04945e+02   -9.63886e+02


DD  step 99999 load imb.: force  7.1%  pme mesh/force 0.671
           Step           Time
         100000      100.00000

   Energies (kJ/mol)
        LJ (SR)   Coulomb (SR)   Coul. recip.      Potential    Kinetic En.
    1.72173e+04   -1.77374e+05    5.72749e+02   -1.59584e+05    3.00466e+04
   Total Energy  Conserved En.    Temperature Pressure (bar)
   -1.29537e+05   -1.57703e+05    3.09942e+02   -7.07768e+02


DD  step 100999 load imb.: force  8.0%  pme mesh/force 0.690
           Step           Time
         101000      101.00000

   Energies (kJ/mol)
        LJ (SR)   Coulomb (SR)   Coul. recip.      Potential    Kinetic En.
    1.74688e+04   -1.77679e+05    6.13515e+02   -1.59597e+05    3.01887e+04
   Total Energy  Conserved En.    Temperature Pressure (bar)
   -1.29408e+05   -1.57704e+05    3.11408e+02   -5.95100e+02


DD  step 101999 load imb.: force  7.3%  pme mesh/force 0.672
           Step           Time
         102000      102.00000

   Energies (kJ/mol)
        LJ (SR)   Coulomb (SR)   Coul. recip.      Potential    Kinetic En.
    1.69944e+04   -1.77441e+05    5.98727e+02   -1.59848e+05    3.02054e+04
   Total Energy  Conserved En.    Temperature Pressure (bar)
   -1.29643e+05   -1.57705e+05    3.11581e+02   -8.84606e+02


DD  step 102999 load imb.: force  7.7%  pme mesh/force 0.704
           Step           Time
         103000      103.00000

   Energies (kJ/mol)
        LJ (SR)   Coulomb (SR)   Coul. recip.      Potential    Kinetic En.
    1.67368e+04   -1.76706e+05    5.76883e+02   -1.59393e+05    2.99024e+04
   Total Energy  Conserved En.    Temperature Pressure (bar)
   -1.29490e+05   -1.57705e+05    3.08456e+02   -9.12395e+02


DD  step 103999 load imb.: force  6.3%  pme mesh/force 0.687
           Step           Time
         104000      104.00000

   Energies (kJ/mol)
        LJ (SR)   Coulomb (SR)   Coul. recip.      Potential    Kinetic En.
    1.62816e+04   -1.76234e+05    5.53562e+02   -1.59399e+05    2.99733e+04
   Total Energy  Conserved En.    Temperature Pressure (bar)
   -1.29426e+05   -1.57708e+05    3.09187e+02   -1.16323e+03


DD  step 104999 load imb.: force  8.8%  pme mesh/force 0.699
           Step           Time
         105000      105.00000

   Energies (kJ/mol)
        LJ (SR)   Coulomb (SR)   Coul. recip.      Potential    Kinetic En.
    1.68340e+04   -1.77388e+05    5.50465e+02   -1.60003e+05    3.01176e+04
   Total Energy  Conserved En.    Temperature Pressure (bar)
   -1.29886e+05   -1.57708e+05    3.10675e+02   -9.46542e+02


DD  step 105999 load imb.: force  7.4%  pme mesh/force 0.703
           Step           Time
         106000      106.00000

   Energies (kJ/mol)
        LJ (SR)   Coulomb (SR)   Coul. recip.      Potential    Kinetic En.
    1.68463e+04   -1.77617e+05    5.74326e+02   -1.60197e+05    3.03408e+04
   Total Energy  Conserved En.    Temperature Pressure (bar)
   -1.29856e+05   -1.57710e+05    3.12978e+02   -9.69024e+02


DD  step 106999 load imb.: force  7.9%  pme mesh/force 0.766
           Step           Time
         107000      107.00000

   Energies (kJ/mol)
        LJ (SR)   Coulomb (SR)   Coul. recip.      Potential    Kinetic En.
    1.66289e+04   -1.77239e+05    5.80230e+02   -1.60029e+05    3.01472e+04
   Total Energy  Conserved En.    Temperature Pressure (bar)
   -1.29882e+05   -1.57709e+05    3.10980e+02   -1.05074e+03


DD  step 107999 load imb.: force  5.3%  pme mesh/force 0.679
           Step           Time
         108000      108.00000

   Energies (kJ/mol)
        LJ (SR)   Coulomb (SR)   Coul. recip.      Potential    Kinetic En.
    1.68221e+04   -1.76760e+05    5.79826e+02   -1.59358e+05    2.95270e+04
   Total Energy  Conserved En.    Temperature Pressure (bar)
   -1.29831e+05   -1.57711e+05    3.04583e+02   -9.44883e+02


DD  step 108999 load imb.: force  6.2%  pme mesh/force 0.701
           Step           Time
         109000      109.00000

   Energies (kJ/mol)
        LJ (SR)   Coulomb (SR)   Coul. recip.      Potential    Kinetic En.
    1.76084e+04   -1.77680e+05    6.18771e+02   -1.59453e+05    2.97413e+04
   Total Energy  Conserved En.    Temperature Pressure (bar)
   -1.29712e+05   -1.57712e+05    3.06793e+02   -5.14519e+02


DD  step 109999 load imb.: force  9.1%  pme mesh/force 0.691
           Step           Time
         110000      110.00000

   Energies (kJ/mol)
        LJ (SR)   Coulomb (SR)   Coul. recip.      Potential    Kinetic En.
    1.70255e+04   -1.77562e+05    5.63700e+02   -1.59973e+05    3.07608e+04
   Total Energy  Conserved En.    Temperature Pressure (bar)
   -1.29212e+05   -1.57715e+05    3.17310e+02   -8.75798e+02


DD  step 110999 load imb.: force  9.0%  pme mesh/force 0.691
           Step           Time
         111000      111.00000

   Energies (kJ/mol)
        LJ (SR)   Coulomb (SR)   Coul. recip.      Potential    Kinetic En.
    1.64732e+04   -1.76698e+05    5.86335e+02   -1.59639e+05    2.97132e+04
   Total Energy  Conserved En.    Temperature Pressure (bar)
   -1.29926e+05   -1.57713e+05    3.06504e+02   -1.06408e+03


DD  step 111999 load imb.: force 13.6%  pme mesh/force 0.727
           Step           Time
         112000      112.00000

   Energies (kJ/mol)
        LJ (SR)   Coulomb (SR)   Coul. recip.      Potential    Kinetic En.
    1.65719e+04   -1.77108e+05    5.82431e+02   -1.59954e+05    2.99242e+04
   Total Energy  Conserved En.    Temperature Pressure (bar)
   -1.30030e+05   -1.57714e+05    3.08680e+02   -1.07332e+03


DD  step 112999 load imb.: force  7.2%  pme mesh/force 0.711
           Step           Time
         113000      113.00000

   Energies (kJ/mol)
        LJ (SR)   Coulomb (SR)   Coul. recip.      Potential    Kinetic En.
    1.66563e+04   -1.76928e+05    5.64623e+02   -1.59707e+05    2.98275e+04
   Total Energy  Conserved En.    Temperature Pressure (bar)
   -1.29879e+05   -1.57717e+05    3.07682e+02   -1.03927e+03


DD  step 113999 load imb.: force 18.9%  pme mesh/force 0.759
           Step           Time
         114000      114.00000

   Energies (kJ/mol)
        LJ (SR)   Coulomb (SR)   Coul. recip.      Potential    Kinetic En.
    1.67015e+04   -1.76851e+05    5.96310e+02   -1.59553e+05    2.96980e+04
   Total Energy  Conserved En.    Temperature Pressure (bar)
   -1.29855e+05   -1.57717e+05    3.06346e+02   -9.98472e+02


DD  step 114999 load imb.: force 11.2%  pme mesh/force 0.724
           Step           Time
         115000      115.00000

   Energies (kJ/mol)
        LJ (SR)   Coulomb (SR)   Coul. recip.      Potential    Kinetic En.
    1.63409e+04   -1.76483e+05    5.89087e+02   -1.59553e+05    3.00480e+04
   Total Energy  Conserved En.    Temperature Pressure (bar)
   -1.29505e+05   -1.57719e+05    3.09957e+02   -1.18380e+03


DD  step 115999 load imb.: force 10.9%  pme mesh/force 0.710
           Step           Time
         116000      116.00000

   Energies (kJ/mol)
        LJ (SR)   Coulomb (SR)   Coul. recip.      Potential    Kinetic En.
    1.65379e+04   -1.77052e+05    5.34830e+02   -1.59979e+05    3.06712e+04
   Total Energy  Conserved En.    Temperature Pressure (bar)
   -1.29308e+05   -1.57721e+05    3.16386e+02   -1.05561e+03


DD  step 116999 load imb.: force 10.1%  pme mesh/force 0.663
           Step           Time
         117000      117.00000

   Energies (kJ/mol)
        LJ (SR)   Coulomb (SR)   Coul. recip.      Potential    Kinetic En.
    1.60626e+04   -1.75918e+05    5.78533e+02   -1.59276e+05    2.95547e+04
   Total Energy  Conserved En.    Temperature Pressure (bar)
   -1.29722e+05   -1.57720e+05    3.04868e+02   -1.21128e+03


DD  step 117999 load imb.: force  8.7%  pme mesh/force 0.675
           Step           Time
         118000      118.00000

   Energies (kJ/mol)
        LJ (SR)   Coulomb (SR)   Coul. recip.      Potential    Kinetic En.
    1.66962e+04   -1.76979e+05    5.76029e+02   -1.59707e+05    3.02892e+04
   Total Energy  Conserved En.    Temperature Pressure (bar)
   -1.29418e+05   -1.57722e+05    3.12445e+02   -9.72823e+02


DD  step 118999 load imb.: force  7.6%  pme mesh/force 0.721
           Step           Time
         119000      119.00000

   Energies (kJ/mol)
        LJ (SR)   Coulomb (SR)   Coul. recip.      Potential    Kinetic En.
    1.66598e+04   -1.76532e+05    6.32721e+02   -1.59239e+05    3.00300e+04
   Total Energy  Conserved En.    Temperature Pressure (bar)
   -1.29209e+05   -1.57722e+05    3.09771e+02   -9.06135e+02


DD  step 119999 load imb.: force  8.9%  pme mesh/force 0.682
           Step           Time
         120000      120.00000

   Energies (kJ/mol)
        LJ (SR)   Coulomb (SR)   Coul. recip.      Potential    Kinetic En.
    1.63993e+04   -1.76503e+05    5.89855e+02   -1.59514e+05    3.00374e+04
   Total Energy  Conserved En.    Temperature Pressure (bar)
   -1.29477e+05   -1.57725e+05    3.09848e+02   -1.15104e+03


DD  step 120999 load imb.: force  8.6%  pme mesh/force 0.680
           Step           Time
         121000      121.00000

   Energies (kJ/mol)
        LJ (SR)   Coulomb (SR)   Coul. recip.      Potential    Kinetic En.
    1.69168e+04   -1.77505e+05    5.78035e+02   -1.60010e+05    2.98926e+04
   Total Energy  Conserved En.    Temperature Pressure (bar)
   -1.30118e+05   -1.57725e+05    3.08354e+02   -9.04180e+02


DD  step 121999 load imb.: force  8.5%  pme mesh/force 0.701
           Step           Time
         122000      122.00000

   Energies (kJ/mol)
        LJ (SR)   Coulomb (SR)   Coul. recip.      Potential    Kinetic En.
    1.63709e+04   -1.76975e+05    6.00722e+02   -1.60003e+05    3.00375e+04
   Total Energy  Conserved En.    Temperature Pressure (bar)
   -1.29965e+05   -1.57726e+05    3.09849e+02   -1.12973e+03


DD  step 122999 load imb.: force  9.5%  pme mesh/force 0.693
           Step           Time
         123000      123.00000

   Energies (kJ/mol)
        LJ (SR)   Coulomb (SR)   Coul. recip.      Potential    Kinetic En.
    1.68306e+04   -1.76833e+05    6.02594e+02   -1.59400e+05    2.99500e+04
   Total Energy  Conserved En.    Temperature Pressure (bar)
   -1.29450e+05   -1.57728e+05    3.08946e+02   -8.55323e+02


DD  step 123999 load imb.: force  8.4%  pme mesh/force 0.657
           Step           Time
         124000      124.00000

   Energies (kJ/mol)
        LJ (SR)   Coulomb (SR)   Coul. recip.      Potential    Kinetic En.
    1.68122e+04   -1.76813e+05    6.24033e+02   -1.59377e+05    2.99637e+04
   Total Energy  Conserved En.    Temperature Pressure (bar)
   -1.29413e+05   -1.57728e+05    3.09088e+02   -9.62019e+02


DD  step 124999 load imb.: force  8.0%  pme mesh/force 0.676
           Step           Time
         125000      125.00000

Writing checkpoint, step 125000 at Thu Oct  3 11:34:48 2024


   Energies (kJ/mol)
        LJ (SR)   Coulomb (SR)   Coul. recip.      Potential    Kinetic En.
    1.76354e+04   -1.78180e+05    5.78320e+02   -1.59966e+05    2.98744e+04
   Total Energy  Conserved En.    Temperature Pressure (bar)
   -1.30091e+05   -1.57729e+05    3.08166e+02   -5.37062e+02


Energy conservation over simulation part #1 of length 125 ps, time 0 to 125 ps
  Conserved energy drift: -6.17e-05 kJ/mol/ps per atom


	<======  ###############  ==>
	<====  A V E R A G E S  ====>
	<==  ###############  ======>

	Statistics over 125001 steps using 1251 frames

   Energies (kJ/mol)
        LJ (SR)   Coulomb (SR)   Coul. recip.      Potential    Kinetic En.
    1.68193e+04   -1.77456e+05    5.84159e+02   -1.60053e+05    2.98159e+04
   Total Energy  Conserved En.    Temperature Pressure (bar)
   -1.30237e+05   -1.57663e+05    3.07563e+02   -9.97285e+02

   Total Virial (kJ/mol)
    1.36779e+04    1.46133e+01    3.94802e+01
    1.46190e+01    1.36844e+04    1.26702e+01
    3.94159e+01    1.26390e+01    1.37145e+04

   Pressure (bar)
   -9.93092e+02   -3.58022e+00   -1.19839e+01
   -3.58175e+00   -9.96660e+02   -3.44856e+00
   -1.19668e+01   -3.44027e+00   -1.00210e+03


	M E G A - F L O P S   A C C O U N T I N G

 NB=Group-cutoff nonbonded kernels    NxN=N-by-N cluster Verlet kernels
 RF=Reaction-Field  VdW=Van der Waals  QSTab=quadratic-spline table
 W3=SPC/TIP3p  W4=TIP4p (single or pairs)
 V&F=Potential and force  V=Potential only  F=Force only

 Computing:                               M-Number         M-Flops  % Flops
-----------------------------------------------------------------------------
 Pair Search distance check            8469.240564       76223.165     0.1
 NxN Ewald Elec. + LJ [F]           1227362.658192    95734287.339    94.3
 NxN Ewald Elec. + LJ [V&F]           12407.576208     1600577.331     1.6
 NxN Ewald Elec. [F]                  10089.619056      615466.762     0.6
 NxN Ewald Elec. [V&F]                  101.990256        8567.182     0.0
 Calc Weights                          4370.284962      157330.259     0.2
 Spread Q Bspline                     93232.745856      186465.492     0.2
 Gather F Bspline                     93232.745856      559396.475     0.6
 3D-FFT                              299631.897036     2397055.176     2.4
 Solve PME                              220.501764       14112.113     0.0
 Reset In Box                            14.555846          43.668     0.0
 CG-CoM                                  14.590808          43.772     0.0
 Virial                                  16.830954         302.957     0.0
 Stop-CM                                 14.590808         145.908     0.0
 Calc-Ekin                               29.158308         787.274     0.0
 Constraint-V                          1455.023280       13095.210     0.0
 Constraint-Vir                          14.561640         349.479     0.0
 Settle                                 485.011640      179454.307     0.2
-----------------------------------------------------------------------------
 Total                                               101543703.869   100.0
-----------------------------------------------------------------------------


    D O M A I N   D E C O M P O S I T I O N   S T A T I S T I C S

 av. #atoms communicated per step for force:  2 x 69677.3


Dynamic load balancing report:
 DLB got disabled because it was unsuitable to use.
 Average load imbalance: 10.7%.
 The balanceable part of the MD step is 84%, load imbalance is computed from this.
 Part of the total run time spent waiting due to load imbalance: 8.9%.
 Average PME mesh/force load: 0.711
 Part of the total run time spent waiting due to PP/PME imbalance: 4.5 %

NOTE: 8.9 % of the available CPU time was lost due to load imbalance
      in the domain decomposition.
      You can consider manually changing the decomposition (option -dd);
      e.g. by using fewer domains along the box dimension in which there is
      considerable inhomogeneity in the simulated system.

      R E A L   C Y C L E   A N D   T I M E   A C C O U N T I N G

On 40 MPI ranks doing PP, and
on 8 MPI ranks doing PME

 Activity:              Num   Num      Call    Wall time         Giga-Cycles
                        Ranks Threads  Count      (s)         total sum    %
--------------------------------------------------------------------------------
 Domain decomp.           40    1       1251       0.720         83.230   0.8
 DD comm. load            40    1       1250       0.015          1.760   0.0
 DD comm. bounds          40    1        378       0.071          8.167   0.1
 Send X to PME            40    1     125001       0.105         12.098   0.1
 Neighbor search          40    1       1251       0.848         98.085   0.9
 Comm. coord.             40    1     123750       6.362        735.928   7.0
 Force                    40    1     125001      56.292       6511.568  61.7
 Wait + Comm. F           40    1     125001       8.969       1037.500   9.8
 PME mesh *                8    1     125001      45.204       1045.802   9.9
 PME wait for PP *                                30.694        710.099   6.7
 Wait + Recv. PME F       40    1     125001       0.427         49.450   0.5
 NB X/F buffer ops.       40    1     372501       1.119        129.486   1.2
 Write traj.              40    1         26       0.008          0.896   0.0
 Update                   40    1     125001       0.163         18.851   0.2
 Constraints              40    1     125003       0.330         38.168   0.4
 Comm. energies           40    1       1251       0.464         53.712   0.5
 Rest                                              0.186         21.545   0.2
--------------------------------------------------------------------------------
 Total                                            76.079      10560.533 100.0
--------------------------------------------------------------------------------
(*) Note that with separate PME ranks, the walltime column actually sums to
    twice the total reported, but the cycle count total and % are correct.
--------------------------------------------------------------------------------
 Breakdown of PME mesh activities
--------------------------------------------------------------------------------
 PME redist. X/F           8    1     250002       7.411        171.463   1.6
 PME spread                8    1     125001       9.658        223.439   2.1
 PME gather                8    1     125001       6.626        153.289   1.5
 PME 3D-FFT                8    1     250002      14.601        337.801   3.2
 PME 3D-FFT Comm.          8    1     250002       5.267        121.843   1.2
 PME solve Elec            8    1     125001       1.563         36.163   0.3
--------------------------------------------------------------------------------

               Core t (s)   Wall t (s)        (%)
       Time:     3650.153       76.079     4797.8
                 (ns/day)    (hour/ns)
Performance:      141.959        0.169
Finished mdrun on rank 0 Thu Oct  3 11:34:48 2024

