srun: warning: can't run 1 processes on 8 nodes, setting nnodes to 1
slurmstepd: error: execve(): gmx_mpi: No such file or directory
srun: error: cs028: task 0: Exited with exit code 2
srun: Terminating StepId=51362172.0
slurmstepd: error: execve(): gmx_mpi: No such file or directory
slurmstepd: error: execve(): gmx_mpi: No such file or directory
slurmstepd: error: execve(): gmx_mpi: No such file or directory
slurmstepd: error: execve(): gmx_mpi: No such file or directory
slurmstepd: error: execve(): gmx_mpi: No such file or directory
slurmstepd: error: execve(): gmx_mpi: No such file or directory
slurmstepd: error: execve(): gmx_mpi: No such file or directory
slurmstepd: error: execve(): gmx_mpi: No such file or directory
slurmstepd: error: execve(): gmx_mpi: No such file or directory
slurmstepd: error: execve(): gmx_mpi: No such file or directory
slurmstepd: error: execve(): gmx_mpi: No such file or directory
slurmstepd: error: execve(): gmx_mpi: No such file or directory
slurmstepd: error: execve(): gmx_mpi: No such file or directory
slurmstepd: error: execve(): gmx_mpi: No such file or directory
slurmstepd: error: execve(): gmx_mpi: No such file or directory
slurmstepd: error: execve(): gmx_mpi: No such file or directory
slurmstepd: error: execve(): gmx_mpi: No such file or directory
slurmstepd: error: execve(): gmx_mpi: No such file or directory
slurmstepd: error: execve(): gmx_mpi: No such file or directory
slurmstepd: error: execve(): gmx_mpi: No such file or directory
slurmstepd: error: execve(): gmx_mpi: No such file or directory
slurmstepd: error: execve(): gmx_mpi: No such file or directory
slurmstepd: error: execve(): gmx_mpi: No such file or directory
slurmstepd: error: execve(): gmx_mpi: No such file or directory
slurmstepd: error: execve(): gmx_mpi: No such file or directory
slurmstepd: error: execve(): gmx_mpi: No such file or directory
slurmstepd: error: execve(): gmx_mpi: No such file or directory
slurmstepd: error: execve(): gmx_mpi: No such file or directory
slurmstepd: error: execve(): gmx_mpi: No such file or directory
slurmstepd: error: execve(): gmx_mpi: No such file or directory
slurmstepd: error: execve(): gmx_mpi: No such file or directory
slurmstepd: error: execve(): gmx_mpi: No such file or directory
slurmstepd: error: execve(): gmx_mpi: No such file or directory
slurmstepd: error: execve(): gmx_mpi: No such file or directory
slurmstepd: error: execve(): gmx_mpi: No such file or directory
slurmstepd: error: execve(): gmx_mpi: No such file or directory
slurmstepd: error: execve(): gmx_mpi: No such file or directory
slurmstepd: error: execve(): gmx_mpi: No such file or directory
slurmstepd: error: execve(): gmx_mpi: No such file or directory
slurmstepd: error: execve(): gmx_mpi: No such file or directory
slurmstepd: error: execve(): gmx_mpi: No such file or directory
slurmstepd: error: execve(): gmx_mpi: No such file or directory
slurmstepd: error: execve(): gmx_mpi: No such file or directory
slurmstepd: error: execve(): gmx_mpi: No such file or directory
slurmstepd: error: execve(): gmx_mpi: No such file or directory
slurmstepd: error: execve(): gmx_mpi: No such file or directory
slurmstepd: error: execve(): gmx_mpi: No such file or directory
slurmstepd: error: execve(): gmx_mpi: No such file or directory
slurmstepd: error: execve(): gmx_mpi: No such file or directory
slurmstepd: error: execve(): gmx_mpi: No such file or directory
slurmstepd: error: execve(): gmx_mpi: No such file or directory
slurmstepd: error: execve(): gmx_mpi: No such file or directory
slurmstepd: error: execve(): gmx_mpi: No such file or directory
slurmstepd: error: execve(): gmx_mpi: No such file or directory
slurmstepd: error: execve(): gmx_mpi: No such file or directory
slurmstepd: error: execve(): gmx_mpi: No such file or directory
slurmstepd: error: execve(): gmx_mpi: No such file or directory
slurmstepd: error: execve(): gmx_mpi: No such file or directory
slurmstepd: error: execve(): gmx_mpi: No such file or directory
slurmstepd: error: execve(): gmx_mpi: No such file or directory
slurmstepd: error: execve(): gmx_mpi: No such file or directory
slurmstepd: error: execve(): gmx_mpi: No such file or directory
slurmstepd: error: execve(): gmx_mpi: No such file or directory
slurmstepd: error: execve(): gmx_mpi: No such file or directory
slurmstepd: error: execve(): gmx_mpi: No such file or directory
slurmstepd: error: execve(): gmx_mpi: No such file or directory
slurmstepd: error: execve(): gmx_mpi: No such file or directory
slurmstepd: error: execve(): gmx_mpi: No such file or directory
slurmstepd: error: execve(): gmx_mpi: No such file or directory
slurmstepd: error: execve(): gmx_mpi: No such file or directory
slurmstepd: error: execve(): gmx_mpi: No such file or directory
slurmstepd: error: execve(): gmx_mpi: No such file or directory
slurmstepd: error: execve(): gmx_mpi: No such file or directory
slurmstepd: error: execve(): gmx_mpi: No such file or directory
slurmstepd: error: execve(): gmx_mpi: No such file or directory
slurmstepd: error: execve(): gmx_mpi: No such file or directory
slurmstepd: error: execve(): gmx_mpi: No such file or directory
slurmstepd: error: execve(): gmx_mpi: No such file or directory
slurmstepd: error: execve(): gmx_mpi: No such file or directory
slurmstepd: error: execve(): gmx_mpi: No such file or directory
slurmstepd: error: execve(): gmx_mpi: No such file or directory
slurmstepd: error: execve(): gmx_mpi: No such file or directory
slurmstepd: error: execve(): gmx_mpi: No such file or directory
slurmstepd: error: execve(): gmx_mpi: No such file or directory
slurmstepd: error: execve(): gmx_mpi: No such file or directory
slurmstepd: error: execve(): gmx_mpi: No such file or directory
slurmstepd: error: execve(): gmx_mpi: No such file or directory
slurmstepd: error: execve(): gmx_mpi: No such file or directory
slurmstepd: error: execve(): gmx_mpi: No such file or directory
slurmstepd: error: execve(): gmx_mpi: No such file or directory
slurmstepd: error: execve(): gmx_mpi: No such file or directory
slurmstepd: error: execve(): gmx_mpi: No such file or directory
slurmstepd: error: execve(): gmx_mpi: No such file or directory
slurmstepd: error: execve(): gmx_mpi: No such file or directory
slurmstepd: error: execve(): gmx_mpi: No such file or directory
slurmstepd: error: execve(): gmx_mpi: No such file or directory
slurmstepd: error: execve(): gmx_mpi: No such file or directory
slurmstepd: error: execve(): gmx_mpi: No such file or directory
slurmstepd: error: execve(): gmx_mpi: No such file or directory
slurmstepd: error: execve(): gmx_mpi: No such file or directory
slurmstepd: error: execve(): gmx_mpi: No such file or directory
slurmstepd: error: execve(): gmx_mpi: No such file or directory
slurmstepd: error: execve(): gmx_mpi: No such file or directory
slurmstepd: error: execve(): gmx_mpi: No such file or directory
slurmstepd: error: execve(): gmx_mpi: No such file or directory
slurmstepd: error: execve(): gmx_mpi: No such file or directory
slurmstepd: error: execve(): gmx_mpi: No such file or directory
slurmstepd: error: execve(): gmx_mpi: No such file or directory
slurmstepd: error: execve(): gmx_mpi: No such file or directory
slurmstepd: error: execve(): gmx_mpi: No such file or directory
slurmstepd: error: execve(): gmx_mpi: No such file or directory
slurmstepd: error: execve(): gmx_mpi: No such file or directory
slurmstepd: error: execve(): gmx_mpi: No such file or directory
slurmstepd: error: execve(): gmx_mpi: No such file or directory
slurmstepd: error: execve(): gmx_mpi: No such file or directory
slurmstepd: error: execve(): gmx_mpi: No such file or directory
slurmstepd: error: execve(): gmx_mpi: No such file or directory
slurmstepd: error: execve(): gmx_mpi: No such file or directory
slurmstepd: error: execve(): gmx_mpi: No such file or directory
slurmstepd: error: execve(): gmx_mpi: No such file or directory
slurmstepd: error: execve(): gmx_mpi: No such file or directory
slurmstepd: error: execve(): gmx_mpi: No such file or directory
slurmstepd: error: execve(): gmx_mpi: No such file or directory
slurmstepd: error: execve(): gmx_mpi: No such file or directory
slurmstepd: error: execve(): gmx_mpi: No such file or directory
slurmstepd: error: execve(): gmx_mpi: No such file or directory
slurmstepd: error: execve(): gmx_mpi: No such file or directory
slurmstepd: error: execve(): gmx_mpi: No such file or directory
slurmstepd: error: execve(): gmx_mpi: No such file or directory
slurmstepd: error: execve(): gmx_mpi: No such file or directory
slurmstepd: error: execve(): gmx_mpi: No such file or directory
slurmstepd: error: execve(): gmx_mpi: No such file or directory
slurmstepd: error: execve(): gmx_mpi: No such file or directory
slurmstepd: error: execve(): gmx_mpi: No such file or directory
slurmstepd: error: execve(): gmx_mpi: No such file or directory
slurmstepd: error: execve(): gmx_mpi: No such file or directory
slurmstepd: error: execve(): gmx_mpi: No such file or directory
slurmstepd: error: execve(): gmx_mpi: No such file or directory
slurmstepd: error: execve(): gmx_mpi: No such file or directory
slurmstepd: error: execve(): gmx_mpi: No such file or directory
slurmstepd: error: execve(): gmx_mpi: No such file or directory
slurmstepd: error: execve(): gmx_mpi: No such file or directory
slurmstepd: error: execve(): gmx_mpi: No such file or directory
slurmstepd: error: execve(): gmx_mpi: No such file or directory
slurmstepd: error: execve(): gmx_mpi: No such file or directory
slurmstepd: error: execve(): gmx_mpi: No such file or directory
slurmstepd: error: execve(): gmx_mpi: No such file or directory
slurmstepd: error: execve(): gmx_mpi: No such file or directory
slurmstepd: error: execve(): gmx_mpi: No such file or directory
slurmstepd: error: execve(): gmx_mpi: No such file or directory
slurmstepd: error: execve(): gmx_mpi: No such file or directory
slurmstepd: error: execve(): gmx_mpi: No such file or directory
slurmstepd: error: execve(): gmx_mpi: No such file or directory
slurmstepd: error: execve(): gmx_mpi: No such file or directory
slurmstepd: error: execve(): gmx_mpi: No such file or directory
slurmstepd: error: execve(): gmx_mpi: No such file or directory
slurmstepd: error: execve(): gmx_mpi: No such file or directory
slurmstepd: error: execve(): gmx_mpi: No such file or directory
slurmstepd: error: execve(): gmx_mpi: No such file or directory
slurmstepd: error: execve(): gmx_mpi: No such file or directory
slurmstepd: error: execve(): gmx_mpi: No such file or directory
slurmstepd: error: execve(): gmx_mpi: No such file or directory
slurmstepd: error: execve(): gmx_mpi: No such file or directory
slurmstepd: error: execve(): gmx_mpi: No such file or directory
slurmstepd: error: execve(): gmx_mpi: No such file or directory
slurmstepd: error: execve(): gmx_mpi: No such file or directory
slurmstepd: error: execve(): gmx_mpi: No such file or directory
slurmstepd: error: execve(): gmx_mpi: No such file or directory
slurmstepd: error: execve(): gmx_mpi: No such file or directory
slurmstepd: error: execve(): gmx_mpi: No such file or directory
slurmstepd: error: execve(): gmx_mpi: No such file or directory
slurmstepd: error: execve(): gmx_mpi: No such file or directory
slurmstepd: error: execve(): gmx_mpi: No such file or directory
slurmstepd: error: execve(): gmx_mpi: No such file or directory
slurmstepd: error: execve(): gmx_mpi: No such file or directory
slurmstepd: error: execve(): gmx_mpi: No such file or directory
slurmstepd: error: execve(): gmx_mpi: No such file or directory
slurmstepd: error: execve(): gmx_mpi: No such file or directory
slurmstepd: error: execve(): gmx_mpi: No such file or directory
slurmstepd: error: execve(): gmx_mpi: No such file or directory
slurmstepd: error: execve(): gmx_mpi: No such file or directory
slurmstepd: error: execve(): gmx_mpi: No such file or directory
slurmstepd: error: execve(): gmx_mpi: No such file or directory
slurmstepd: error: execve(): gmx_mpi: No such file or directory
slurmstepd: error: execve(): gmx_mpi: No such file or directory
slurmstepd: error: execve(): gmx_mpi: No such file or directory
slurmstepd: error: execve(): gmx_mpi: No such file or directory
slurmstepd: error: execve(): gmx_mpi: No such file or directory
slurmstepd: error: execve(): gmx_mpi: No such file or directory
slurmstepd: error: execve(): gmx_mpi: No such file or directory
slurmstepd: error: execve(): gmx_mpi: No such file or directory
slurmstepd: error: execve(): gmx_mpi: No such file or directory
srun: error: cs028: tasks 0-23: Exited with exit code 2
srun: Terminating StepId=51362172.1
srun: error: cs465: tasks 120-143: Exited with exit code 2
srun: error: cs464: tasks 96-119: Exited with exit code 2
srun: error: cs466: tasks 144-167: Exited with exit code 2
srun: error: cs462: tasks 48-71: Exited with exit code 2
srun: error: cs463: tasks 72-95: Exited with exit code 2
srun: error: cs029: tasks 24-47: Exited with exit code 2
srun: error: cs467: tasks 168-191: Exited with exit code 2
srun: warning: can't run 1 processes on 8 nodes, setting nnodes to 1
slurmstepd: error: execve(): gmx_mpi: No such file or directory
srun: error: cs028: task 0: Exited with exit code 2
srun: Terminating StepId=51362172.2
slurmstepd: error: execve(): gmx_mpi: No such file or directory
slurmstepd: error: execve(): gmx_mpi: No such file or directory
slurmstepd: error: execve(): gmx_mpi: No such file or directory
slurmstepd: error: execve(): gmx_mpi: No such file or directory
slurmstepd: error: execve(): gmx_mpi: No such file or directory
slurmstepd: error: execve(): gmx_mpi: No such file or directory
slurmstepd: error: execve(): gmx_mpi: No such file or directory
slurmstepd: error: execve(): gmx_mpi: No such file or directory
slurmstepd: error: execve(): gmx_mpi: No such file or directory
slurmstepd: error: execve(): gmx_mpi: No such file or directory
slurmstepd: error: execve(): gmx_mpi: No such file or directory
slurmstepd: error: execve(): gmx_mpi: No such file or directory
slurmstepd: error: execve(): gmx_mpi: No such file or directory
slurmstepd: error: execve(): gmx_mpi: No such file or directory
slurmstepd: error: execve(): gmx_mpi: No such file or directory
slurmstepd: error: execve(): gmx_mpi: No such file or directory
slurmstepd: error: execve(): gmx_mpi: No such file or directory
slurmstepd: error: execve(): gmx_mpi: No such file or directory
slurmstepd: error: execve(): gmx_mpi: No such file or directory
slurmstepd: error: execve(): gmx_mpi: No such file or directory
slurmstepd: error: execve(): gmx_mpi: No such file or directory
slurmstepd: error: execve(): gmx_mpi: No such file or directory
slurmstepd: error: execve(): gmx_mpi: No such file or directory
slurmstepd: error: execve(): gmx_mpi: No such file or directory
slurmstepd: error: execve(): gmx_mpi: No such file or directory
slurmstepd: error: execve(): gmx_mpi: No such file or directory
slurmstepd: error: execve(): gmx_mpi: No such file or directory
slurmstepd: error: execve(): gmx_mpi: No such file or directory
slurmstepd: error: execve(): gmx_mpi: No such file or directory
slurmstepd: error: execve(): gmx_mpi: No such file or directory
slurmstepd: error: execve(): gmx_mpi: No such file or directory
slurmstepd: error: execve(): gmx_mpi: No such file or directory
slurmstepd: error: execve(): gmx_mpi: No such file or directory
slurmstepd: error: execve(): gmx_mpi: No such file or directory
slurmstepd: error: execve(): gmx_mpi: No such file or directory
slurmstepd: error: execve(): gmx_mpi: No such file or directory
slurmstepd: error: execve(): gmx_mpi: No such file or directory
slurmstepd: error: execve(): gmx_mpi: No such file or directory
slurmstepd: error: execve(): gmx_mpi: No such file or directory
slurmstepd: error: execve(): gmx_mpi: No such file or directory
slurmstepd: error: execve(): gmx_mpi: No such file or directory
slurmstepd: error: execve(): gmx_mpi: No such file or directory
slurmstepd: error: execve(): gmx_mpi: No such file or directory
slurmstepd: error: execve(): gmx_mpi: No such file or directory
slurmstepd: error: execve(): gmx_mpi: No such file or directory
slurmstepd: error: execve(): gmx_mpi: No such file or directory
slurmstepd: error: execve(): gmx_mpi: No such file or directory
slurmstepd: error: execve(): gmx_mpi: No such file or directory
slurmstepd: error: execve(): gmx_mpi: No such file or directory
slurmstepd: error: execve(): gmx_mpi: No such file or directory
slurmstepd: error: execve(): gmx_mpi: No such file or directory
slurmstepd: error: execve(): gmx_mpi: No such file or directory
slurmstepd: error: execve(): gmx_mpi: No such file or directory
slurmstepd: error: execve(): gmx_mpi: No such file or directory
slurmstepd: error: execve(): gmx_mpi: No such file or directory
slurmstepd: error: execve(): gmx_mpi: No such file or directory
slurmstepd: error: execve(): gmx_mpi: No such file or directory
slurmstepd: error: execve(): gmx_mpi: No such file or directory
slurmstepd: error: execve(): gmx_mpi: No such file or directory
slurmstepd: error: execve(): gmx_mpi: No such file or directory
slurmstepd: error: execve(): gmx_mpi: No such file or directory
slurmstepd: error: execve(): gmx_mpi: No such file or directory
slurmstepd: error: execve(): gmx_mpi: No such file or directory
slurmstepd: error: execve(): gmx_mpi: No such file or directory
slurmstepd: error: execve(): gmx_mpi: No such file or directory
slurmstepd: error: execve(): gmx_mpi: No such file or directory
slurmstepd: error: execve(): gmx_mpi: No such file or directory
slurmstepd: error: execve(): gmx_mpi: No such file or directory
slurmstepd: error: execve(): gmx_mpi: No such file or directory
slurmstepd: error: execve(): gmx_mpi: No such file or directory
slurmstepd: error: execve(): gmx_mpi: No such file or directory
slurmstepd: error: execve(): gmx_mpi: No such file or directory
slurmstepd: error: execve(): gmx_mpi: No such file or directory
slurmstepd: error: execve(): gmx_mpi: No such file or directory
slurmstepd: error: execve(): gmx_mpi: No such file or directory
slurmstepd: error: execve(): gmx_mpi: No such file or directory
slurmstepd: error: execve(): gmx_mpi: No such file or directory
slurmstepd: error: execve(): gmx_mpi: No such file or directory
slurmstepd: error: execve(): gmx_mpi: No such file or directory
slurmstepd: error: execve(): gmx_mpi: No such file or directory
slurmstepd: error: execve(): gmx_mpi: No such file or directory
slurmstepd: error: execve(): gmx_mpi: No such file or directory
slurmstepd: error: execve(): gmx_mpi: No such file or directory
slurmstepd: error: execve(): gmx_mpi: No such file or directory
slurmstepd: error: execve(): gmx_mpi: No such file or directory
slurmstepd: error: execve(): gmx_mpi: No such file or directory
slurmstepd: error: execve(): gmx_mpi: No such file or directory
slurmstepd: error: execve(): gmx_mpi: No such file or directory
slurmstepd: error: execve(): gmx_mpi: No such file or directory
slurmstepd: error: execve(): gmx_mpi: No such file or directory
slurmstepd: error: execve(): gmx_mpi: No such file or directory
slurmstepd: error: execve(): gmx_mpi: No such file or directory
slurmstepd: error: execve(): gmx_mpi: No such file or directory
slurmstepd: error: execve(): gmx_mpi: No such file or directory
slurmstepd: error: execve(): gmx_mpi: No such file or directory
slurmstepd: error: execve(): gmx_mpi: No such file or directory
slurmstepd: error: execve(): gmx_mpi: No such file or directory
slurmstepd: error: execve(): gmx_mpi: No such file or directory
slurmstepd: error: execve(): gmx_mpi: No such file or directory
slurmstepd: error: execve(): gmx_mpi: No such file or directory
slurmstepd: error: execve(): gmx_mpi: No such file or directory
slurmstepd: error: execve(): gmx_mpi: No such file or directory
slurmstepd: error: execve(): gmx_mpi: No such file or directory
slurmstepd: error: execve(): gmx_mpi: No such file or directory
slurmstepd: error: execve(): gmx_mpi: No such file or directory
slurmstepd: error: execve(): gmx_mpi: No such file or directory
slurmstepd: error: execve(): gmx_mpi: No such file or directory
slurmstepd: error: execve(): gmx_mpi: No such file or directory
slurmstepd: error: execve(): gmx_mpi: No such file or directory
slurmstepd: error: execve(): gmx_mpi: No such file or directory
slurmstepd: error: execve(): gmx_mpi: No such file or directory
slurmstepd: error: execve(): gmx_mpi: No such file or directory
slurmstepd: error: execve(): gmx_mpi: No such file or directory
slurmstepd: error: execve(): gmx_mpi: No such file or directory
slurmstepd: error: execve(): gmx_mpi: No such file or directory
slurmstepd: error: execve(): gmx_mpi: No such file or directory
slurmstepd: error: execve(): gmx_mpi: No such file or directory
slurmstepd: error: execve(): gmx_mpi: No such file or directory
slurmstepd: error: execve(): gmx_mpi: No such file or directory
slurmstepd: error: execve(): gmx_mpi: No such file or directory
slurmstepd: error: execve(): gmx_mpi: No such file or directory
slurmstepd: error: execve(): gmx_mpi: No such file or directory
slurmstepd: error: execve(): gmx_mpi: No such file or directory
slurmstepd: error: execve(): gmx_mpi: No such file or directory
slurmstepd: error: execve(): gmx_mpi: No such file or directory
slurmstepd: error: execve(): gmx_mpi: No such file or directory
slurmstepd: error: execve(): gmx_mpi: No such file or directory
slurmstepd: error: execve(): gmx_mpi: No such file or directory
slurmstepd: error: execve(): gmx_mpi: No such file or directory
slurmstepd: error: execve(): gmx_mpi: No such file or directory
slurmstepd: error: execve(): gmx_mpi: No such file or directory
slurmstepd: error: execve(): gmx_mpi: No such file or directory
slurmstepd: error: execve(): gmx_mpi: No such file or directory
slurmstepd: error: execve(): gmx_mpi: No such file or directory
slurmstepd: error: execve(): gmx_mpi: No such file or directory
slurmstepd: error: execve(): gmx_mpi: No such file or directory
slurmstepd: error: execve(): gmx_mpi: No such file or directory
slurmstepd: error: execve(): gmx_mpi: No such file or directory
slurmstepd: error: execve(): gmx_mpi: No such file or directory
slurmstepd: error: execve(): gmx_mpi: No such file or directory
slurmstepd: error: execve(): gmx_mpi: No such file or directory
slurmstepd: error: execve(): gmx_mpi: No such file or directory
slurmstepd: error: execve(): gmx_mpi: No such file or directory
slurmstepd: error: execve(): gmx_mpi: No such file or directory
slurmstepd: error: execve(): gmx_mpi: No such file or directory
slurmstepd: error: execve(): gmx_mpi: No such file or directory
slurmstepd: error: execve(): gmx_mpi: No such file or directory
slurmstepd: error: execve(): gmx_mpi: No such file or directory
slurmstepd: error: execve(): gmx_mpi: No such file or directory
slurmstepd: error: execve(): gmx_mpi: No such file or directory
slurmstepd: error: execve(): gmx_mpi: No such file or directory
slurmstepd: error: execve(): gmx_mpi: No such file or directory
slurmstepd: error: execve(): gmx_mpi: No such file or directory
slurmstepd: error: execve(): gmx_mpi: No such file or directory
slurmstepd: error: execve(): gmx_mpi: No such file or directory
slurmstepd: error: execve(): gmx_mpi: No such file or directory
slurmstepd: error: execve(): gmx_mpi: No such file or directory
slurmstepd: error: execve(): gmx_mpi: No such file or directory
slurmstepd: error: execve(): gmx_mpi: No such file or directory
slurmstepd: error: execve(): gmx_mpi: No such file or directory
slurmstepd: error: execve(): gmx_mpi: No such file or directory
slurmstepd: error: execve(): gmx_mpi: No such file or directory
slurmstepd: error: execve(): gmx_mpi: No such file or directory
slurmstepd: error: execve(): gmx_mpi: No such file or directory
slurmstepd: error: execve(): gmx_mpi: No such file or directory
slurmstepd: error: execve(): gmx_mpi: No such file or directory
slurmstepd: error: execve(): gmx_mpi: No such file or directory
slurmstepd: error: execve(): gmx_mpi: No such file or directory
slurmstepd: error: execve(): gmx_mpi: No such file or directory
slurmstepd: error: execve(): gmx_mpi: No such file or directory
slurmstepd: error: execve(): gmx_mpi: No such file or directory
slurmstepd: error: execve(): gmx_mpi: No such file or directory
slurmstepd: error: execve(): gmx_mpi: No such file or directory
slurmstepd: error: execve(): gmx_mpi: No such file or directory
slurmstepd: error: execve(): gmx_mpi: No such file or directory
slurmstepd: error: execve(): gmx_mpi: No such file or directory
slurmstepd: error: execve(): gmx_mpi: No such file or directory
slurmstepd: error: execve(): gmx_mpi: No such file or directory
slurmstepd: error: execve(): gmx_mpi: No such file or directory
slurmstepd: error: execve(): gmx_mpi: No such file or directory
slurmstepd: error: execve(): gmx_mpi: No such file or directory
slurmstepd: error: execve(): gmx_mpi: No such file or directory
slurmstepd: error: execve(): gmx_mpi: No such file or directory
slurmstepd: error: execve(): gmx_mpi: No such file or directory
slurmstepd: error: execve(): gmx_mpi: No such file or directory
slurmstepd: error: execve(): gmx_mpi: No such file or directory
slurmstepd: error: execve(): gmx_mpi: No such file or directory
slurmstepd: error: execve(): gmx_mpi: No such file or directory
slurmstepd: error: execve(): gmx_mpi: No such file or directory
slurmstepd: error: execve(): gmx_mpi: No such file or directory
slurmstepd: error: execve(): gmx_mpi: No such file or directory
slurmstepd: error: execve(): gmx_mpi: No such file or directory
srun: error: cs462: tasks 48-71: Exited with exit code 2
srun: Terminating StepId=51362172.3
slurmstepd: error: *** STEP 51362172.3 ON cs028 CANCELLED AT 2024-09-26T16:13:49 ***
srun: error: cs465: tasks 120-143: Exited with exit code 2
srun: error: cs466: tasks 144-167: Exited with exit code 2
srun: error: cs467: tasks 168-191: Exited with exit code 2
srun: error: cs463: tasks 72-95: Exited with exit code 2
srun: error: cs029: tasks 24-47: Exited with exit code 2
srun: error: cs028: tasks 0-23: Exited with exit code 2
srun: error: cs464: tasks 96-119: Exited with exit code 2
srun: warning: can't run 1 processes on 8 nodes, setting nnodes to 1
slurmstepd: error: execve(): gmx_mpi: No such file or directory
srun: error: cs028: task 0: Exited with exit code 2
srun: Terminating StepId=51362172.4
slurmstepd: error: execve(): gmx_mpi: No such file or directory
slurmstepd: error: execve(): gmx_mpi: No such file or directory
slurmstepd: error: execve(): gmx_mpi: No such file or directory
slurmstepd: error: execve(): gmx_mpi: No such file or directory
slurmstepd: error: execve(): gmx_mpi: No such file or directory
slurmstepd: error: execve(): gmx_mpi: No such file or directory
slurmstepd: error: execve(): gmx_mpi: No such file or directory
slurmstepd: error: execve(): gmx_mpi: No such file or directory
slurmstepd: error: execve(): gmx_mpi: No such file or directory
slurmstepd: error: execve(): gmx_mpi: No such file or directory
slurmstepd: error: execve(): gmx_mpi: No such file or directory
slurmstepd: error: execve(): gmx_mpi: No such file or directory
slurmstepd: error: execve(): gmx_mpi: No such file or directory
slurmstepd: error: execve(): gmx_mpi: No such file or directory
slurmstepd: error: execve(): gmx_mpi: No such file or directory
slurmstepd: error: execve(): gmx_mpi: No such file or directory
slurmstepd: error: execve(): gmx_mpi: No such file or directory
slurmstepd: error: execve(): gmx_mpi: No such file or directory
slurmstepd: error: execve(): gmx_mpi: No such file or directory
slurmstepd: error: execve(): gmx_mpi: No such file or directory
slurmstepd: error: execve(): gmx_mpi: No such file or directory
slurmstepd: error: execve(): gmx_mpi: No such file or directory
slurmstepd: error: execve(): gmx_mpi: No such file or directory
slurmstepd: error: execve(): gmx_mpi: No such file or directory
slurmstepd: error: execve(): gmx_mpi: No such file or directory
slurmstepd: error: execve(): gmx_mpi: No such file or directory
slurmstepd: error: execve(): gmx_mpi: No such file or directory
slurmstepd: error: execve(): gmx_mpi: No such file or directory
slurmstepd: error: execve(): gmx_mpi: No such file or directory
slurmstepd: error: execve(): gmx_mpi: No such file or directory
slurmstepd: error: execve(): gmx_mpi: No such file or directory
slurmstepd: error: execve(): gmx_mpi: No such file or directory
slurmstepd: error: execve(): gmx_mpi: No such file or directory
slurmstepd: error: execve(): gmx_mpi: No such file or directory
slurmstepd: error: execve(): gmx_mpi: No such file or directory
slurmstepd: error: execve(): gmx_mpi: No such file or directory
slurmstepd: error: execve(): gmx_mpi: No such file or directory
slurmstepd: error: execve(): gmx_mpi: No such file or directory
slurmstepd: error: execve(): gmx_mpi: No such file or directory
slurmstepd: error: execve(): gmx_mpi: No such file or directory
slurmstepd: error: execve(): gmx_mpi: No such file or directory
slurmstepd: error: execve(): gmx_mpi: No such file or directory
slurmstepd: error: execve(): gmx_mpi: No such file or directory
slurmstepd: error: execve(): gmx_mpi: No such file or directory
slurmstepd: error: execve(): gmx_mpi: No such file or directory
slurmstepd: error: execve(): gmx_mpi: No such file or directory
slurmstepd: error: execve(): gmx_mpi: No such file or directory
slurmstepd: error: execve(): gmx_mpi: No such file or directory
slurmstepd: error: execve(): gmx_mpi: No such file or directory
slurmstepd: error: execve(): gmx_mpi: No such file or directory
slurmstepd: error: execve(): gmx_mpi: No such file or directory
slurmstepd: error: execve(): gmx_mpi: No such file or directory
slurmstepd: error: execve(): gmx_mpi: No such file or directory
slurmstepd: error: execve(): gmx_mpi: No such file or directory
slurmstepd: error: execve(): gmx_mpi: No such file or directory
slurmstepd: error: execve(): gmx_mpi: No such file or directory
slurmstepd: error: execve(): gmx_mpi: No such file or directory
slurmstepd: error: execve(): gmx_mpi: No such file or directory
slurmstepd: error: execve(): gmx_mpi: No such file or directory
slurmstepd: error: execve(): gmx_mpi: No such file or directory
slurmstepd: error: execve(): gmx_mpi: No such file or directory
slurmstepd: error: execve(): gmx_mpi: No such file or directory
slurmstepd: error: execve(): gmx_mpi: No such file or directory
slurmstepd: error: execve(): gmx_mpi: No such file or directory
slurmstepd: error: execve(): gmx_mpi: No such file or directory
slurmstepd: error: execve(): gmx_mpi: No such file or directory
slurmstepd: error: execve(): gmx_mpi: No such file or directory
slurmstepd: error: execve(): gmx_mpi: No such file or directory
slurmstepd: error: execve(): gmx_mpi: No such file or directory
slurmstepd: error: execve(): gmx_mpi: No such file or directory
slurmstepd: error: execve(): gmx_mpi: No such file or directory
slurmstepd: error: execve(): gmx_mpi: No such file or directory
slurmstepd: error: execve(): gmx_mpi: No such file or directory
slurmstepd: error: execve(): gmx_mpi: No such file or directory
slurmstepd: error: execve(): gmx_mpi: No such file or directory
slurmstepd: error: execve(): gmx_mpi: No such file or directory
slurmstepd: error: execve(): gmx_mpi: No such file or directory
slurmstepd: error: execve(): gmx_mpi: No such file or directory
slurmstepd: error: execve(): gmx_mpi: No such file or directory
slurmstepd: error: execve(): gmx_mpi: No such file or directory
slurmstepd: error: execve(): gmx_mpi: No such file or directory
slurmstepd: error: execve(): gmx_mpi: No such file or directory
slurmstepd: error: execve(): gmx_mpi: No such file or directory
slurmstepd: error: execve(): gmx_mpi: No such file or directory
slurmstepd: error: execve(): gmx_mpi: No such file or directory
slurmstepd: error: execve(): gmx_mpi: No such file or directory
slurmstepd: error: execve(): gmx_mpi: No such file or directory
slurmstepd: error: execve(): gmx_mpi: No such file or directory
slurmstepd: error: execve(): gmx_mpi: No such file or directory
slurmstepd: error: execve(): gmx_mpi: No such file or directory
slurmstepd: error: execve(): gmx_mpi: No such file or directory
slurmstepd: error: execve(): gmx_mpi: No such file or directory
slurmstepd: error: execve(): gmx_mpi: No such file or directory
slurmstepd: error: execve(): gmx_mpi: No such file or directory
slurmstepd: error: execve(): gmx_mpi: No such file or directory
slurmstepd: error: execve(): gmx_mpi: No such file or directory
slurmstepd: error: execve(): gmx_mpi: No such file or directory
slurmstepd: error: execve(): gmx_mpi: No such file or directory
slurmstepd: error: execve(): gmx_mpi: No such file or directory
slurmstepd: error: execve(): gmx_mpi: No such file or directory
slurmstepd: error: execve(): gmx_mpi: No such file or directory
slurmstepd: error: execve(): gmx_mpi: No such file or directory
slurmstepd: error: execve(): gmx_mpi: No such file or directory
slurmstepd: error: execve(): gmx_mpi: No such file or directory
slurmstepd: error: execve(): gmx_mpi: No such file or directory
slurmstepd: error: execve(): gmx_mpi: No such file or directory
slurmstepd: error: execve(): gmx_mpi: No such file or directory
slurmstepd: error: execve(): gmx_mpi: No such file or directory
slurmstepd: error: execve(): gmx_mpi: No such file or directory
slurmstepd: error: execve(): gmx_mpi: No such file or directory
slurmstepd: error: execve(): gmx_mpi: No such file or directory
slurmstepd: error: execve(): gmx_mpi: No such file or directory
slurmstepd: error: execve(): gmx_mpi: No such file or directory
slurmstepd: error: execve(): gmx_mpi: No such file or directory
slurmstepd: error: execve(): gmx_mpi: No such file or directory
slurmstepd: error: execve(): gmx_mpi: No such file or directory
slurmstepd: error: execve(): gmx_mpi: No such file or directory
slurmstepd: error: execve(): gmx_mpi: No such file or directory
slurmstepd: error: execve(): gmx_mpi: No such file or directory
slurmstepd: error: execve(): gmx_mpi: No such file or directory
slurmstepd: error: execve(): gmx_mpi: No such file or directory
slurmstepd: error: execve(): gmx_mpi: No such file or directory
slurmstepd: error: execve(): gmx_mpi: No such file or directory
slurmstepd: error: execve(): gmx_mpi: No such file or directory
slurmstepd: error: execve(): gmx_mpi: No such file or directory
slurmstepd: error: execve(): gmx_mpi: No such file or directory
slurmstepd: error: execve(): gmx_mpi: No such file or directory
slurmstepd: error: execve(): gmx_mpi: No such file or directory
slurmstepd: error: execve(): gmx_mpi: No such file or directory
slurmstepd: error: execve(): gmx_mpi: No such file or directory
slurmstepd: error: execve(): gmx_mpi: No such file or directory
slurmstepd: error: execve(): gmx_mpi: No such file or directory
slurmstepd: error: execve(): gmx_mpi: No such file or directory
slurmstepd: error: execve(): gmx_mpi: No such file or directory
slurmstepd: error: execve(): gmx_mpi: No such file or directory
slurmstepd: error: execve(): gmx_mpi: No such file or directory
slurmstepd: error: execve(): gmx_mpi: No such file or directory
slurmstepd: error: execve(): gmx_mpi: No such file or directory
slurmstepd: error: execve(): gmx_mpi: No such file or directory
slurmstepd: error: execve(): gmx_mpi: No such file or directory
slurmstepd: error: execve(): gmx_mpi: No such file or directory
slurmstepd: error: execve(): gmx_mpi: No such file or directory
slurmstepd: error: execve(): gmx_mpi: No such file or directory
slurmstepd: error: execve(): gmx_mpi: No such file or directory
slurmstepd: error: execve(): gmx_mpi: No such file or directory
slurmstepd: error: execve(): gmx_mpi: No such file or directory
slurmstepd: error: execve(): gmx_mpi: No such file or directory
slurmstepd: error: execve(): gmx_mpi: No such file or directory
slurmstepd: error: execve(): gmx_mpi: No such file or directory
slurmstepd: error: execve(): gmx_mpi: No such file or directory
slurmstepd: error: execve(): gmx_mpi: No such file or directory
slurmstepd: error: execve(): gmx_mpi: No such file or directory
slurmstepd: error: execve(): gmx_mpi: No such file or directory
slurmstepd: error: execve(): gmx_mpi: No such file or directory
slurmstepd: error: execve(): gmx_mpi: No such file or directory
slurmstepd: error: execve(): gmx_mpi: No such file or directory
slurmstepd: error: execve(): gmx_mpi: No such file or directory
slurmstepd: error: execve(): gmx_mpi: No such file or directory
slurmstepd: error: execve(): gmx_mpi: No such file or directory
slurmstepd: error: execve(): gmx_mpi: No such file or directory
slurmstepd: error: execve(): gmx_mpi: No such file or directory
slurmstepd: error: execve(): gmx_mpi: No such file or directory
slurmstepd: error: execve(): gmx_mpi: No such file or directory
slurmstepd: error: execve(): gmx_mpi: No such file or directory
slurmstepd: error: execve(): gmx_mpi: No such file or directory
slurmstepd: error: execve(): gmx_mpi: No such file or directory
slurmstepd: error: execve(): gmx_mpi: No such file or directory
slurmstepd: error: execve(): gmx_mpi: No such file or directory
slurmstepd: error: execve(): gmx_mpi: No such file or directory
slurmstepd: error: execve(): gmx_mpi: No such file or directory
slurmstepd: error: execve(): gmx_mpi: No such file or directory
slurmstepd: error: execve(): gmx_mpi: No such file or directory
slurmstepd: error: execve(): gmx_mpi: No such file or directory
slurmstepd: error: execve(): gmx_mpi: No such file or directory
slurmstepd: error: execve(): gmx_mpi: No such file or directory
slurmstepd: error: execve(): gmx_mpi: No such file or directory
slurmstepd: error: execve(): gmx_mpi: No such file or directory
slurmstepd: error: execve(): gmx_mpi: No such file or directory
slurmstepd: error: execve(): gmx_mpi: No such file or directory
slurmstepd: error: execve(): gmx_mpi: No such file or directory
slurmstepd: error: execve(): gmx_mpi: No such file or directory
slurmstepd: error: execve(): gmx_mpi: No such file or directory
slurmstepd: error: execve(): gmx_mpi: No such file or directory
slurmstepd: error: execve(): gmx_mpi: No such file or directory
slurmstepd: error: execve(): gmx_mpi: No such file or directory
slurmstepd: error: execve(): gmx_mpi: No such file or directory
slurmstepd: error: execve(): gmx_mpi: No such file or directory
slurmstepd: error: execve(): gmx_mpi: No such file or directory
slurmstepd: error: execve(): gmx_mpi: No such file or directory
slurmstepd: error: execve(): gmx_mpi: No such file or directory
slurmstepd: error: execve(): gmx_mpi: No such file or directory
slurmstepd: error: execve(): gmx_mpi: No such file or directory
srun: error: cs028: tasks 0-23: Exited with exit code 2
srun: Terminating StepId=51362172.5
srun: error: cs464: tasks 96-119: Exited with exit code 2
srun: error: cs462: tasks 48-71: Exited with exit code 2
srun: error: cs029: tasks 24-47: Exited with exit code 2
srun: error: cs465: tasks 120-143: Exited with exit code 2
srun: error: cs463: tasks 72-95: Exited with exit code 2
srun: error: cs467: tasks 168-191: Exited with exit code 2
srun: error: cs466: tasks 144-167: Exited with exit code 2
srun: warning: can't run 1 processes on 8 nodes, setting nnodes to 1
slurmstepd: error: execve(): gmx_mpi: No such file or directory
srun: error: cs028: task 0: Exited with exit code 2
srun: Terminating StepId=51362172.6
slurmstepd: error: execve(): gmx_mpi: No such file or directory
slurmstepd: error: execve(): gmx_mpi: No such file or directory
slurmstepd: error: execve(): gmx_mpi: No such file or directory
slurmstepd: error: execve(): gmx_mpi: No such file or directory
slurmstepd: error: execve(): gmx_mpi: No such file or directory
slurmstepd: error: execve(): gmx_mpi: No such file or directory
slurmstepd: error: execve(): gmx_mpi: No such file or directory
slurmstepd: error: execve(): gmx_mpi: No such file or directory
slurmstepd: error: execve(): gmx_mpi: No such file or directory
slurmstepd: error: execve(): gmx_mpi: No such file or directory
slurmstepd: error: execve(): gmx_mpi: No such file or directory
slurmstepd: error: execve(): gmx_mpi: No such file or directory
slurmstepd: error: execve(): gmx_mpi: No such file or directory
slurmstepd: error: execve(): gmx_mpi: No such file or directory
slurmstepd: error: execve(): gmx_mpi: No such file or directory
slurmstepd: error: execve(): gmx_mpi: No such file or directory
slurmstepd: error: execve(): gmx_mpi: No such file or directory
slurmstepd: error: execve(): gmx_mpi: No such file or directory
slurmstepd: error: execve(): gmx_mpi: No such file or directory
slurmstepd: error: execve(): gmx_mpi: No such file or directory
slurmstepd: error: execve(): gmx_mpi: No such file or directory
slurmstepd: error: execve(): gmx_mpi: No such file or directory
slurmstepd: error: execve(): gmx_mpi: No such file or directory
slurmstepd: error: execve(): gmx_mpi: No such file or directory
slurmstepd: error: execve(): gmx_mpi: No such file or directory
slurmstepd: error: execve(): gmx_mpi: No such file or directory
slurmstepd: error: execve(): gmx_mpi: No such file or directory
slurmstepd: error: execve(): gmx_mpi: No such file or directory
slurmstepd: error: execve(): gmx_mpi: No such file or directory
slurmstepd: error: execve(): gmx_mpi: No such file or directory
slurmstepd: error: execve(): gmx_mpi: No such file or directory
slurmstepd: error: execve(): gmx_mpi: No such file or directory
slurmstepd: error: execve(): gmx_mpi: No such file or directory
slurmstepd: error: execve(): gmx_mpi: No such file or directory
slurmstepd: error: execve(): gmx_mpi: No such file or directory
slurmstepd: error: execve(): gmx_mpi: No such file or directory
slurmstepd: error: execve(): gmx_mpi: No such file or directory
slurmstepd: error: execve(): gmx_mpi: No such file or directory
slurmstepd: error: execve(): gmx_mpi: No such file or directory
slurmstepd: error: execve(): gmx_mpi: No such file or directory
slurmstepd: error: execve(): gmx_mpi: No such file or directory
slurmstepd: error: execve(): gmx_mpi: No such file or directory
slurmstepd: error: execve(): gmx_mpi: No such file or directory
slurmstepd: error: execve(): gmx_mpi: No such file or directory
slurmstepd: error: execve(): gmx_mpi: No such file or directory
slurmstepd: error: execve(): gmx_mpi: No such file or directory
slurmstepd: error: execve(): gmx_mpi: No such file or directory
slurmstepd: error: execve(): gmx_mpi: No such file or directory
slurmstepd: error: execve(): gmx_mpi: No such file or directory
slurmstepd: error: execve(): gmx_mpi: No such file or directory
slurmstepd: error: execve(): gmx_mpi: No such file or directory
slurmstepd: error: execve(): gmx_mpi: No such file or directory
slurmstepd: error: execve(): gmx_mpi: No such file or directory
slurmstepd: error: execve(): gmx_mpi: No such file or directory
slurmstepd: error: execve(): gmx_mpi: No such file or directory
slurmstepd: error: execve(): gmx_mpi: No such file or directory
slurmstepd: error: execve(): gmx_mpi: No such file or directory
slurmstepd: error: execve(): gmx_mpi: No such file or directory
slurmstepd: error: execve(): gmx_mpi: No such file or directory
slurmstepd: error: execve(): gmx_mpi: No such file or directory
slurmstepd: error: execve(): gmx_mpi: No such file or directory
slurmstepd: error: execve(): gmx_mpi: No such file or directory
slurmstepd: error: execve(): gmx_mpi: No such file or directory
slurmstepd: error: execve(): gmx_mpi: No such file or directory
slurmstepd: error: execve(): gmx_mpi: No such file or directory
slurmstepd: error: execve(): gmx_mpi: No such file or directory
slurmstepd: error: execve(): gmx_mpi: No such file or directory
slurmstepd: error: execve(): gmx_mpi: No such file or directory
slurmstepd: error: execve(): gmx_mpi: No such file or directory
slurmstepd: error: execve(): gmx_mpi: No such file or directory
slurmstepd: error: execve(): gmx_mpi: No such file or directory
slurmstepd: error: execve(): gmx_mpi: No such file or directory
slurmstepd: error: execve(): gmx_mpi: No such file or directory
slurmstepd: error: execve(): gmx_mpi: No such file or directory
slurmstepd: error: execve(): gmx_mpi: No such file or directory
slurmstepd: error: execve(): gmx_mpi: No such file or directory
slurmstepd: error: execve(): gmx_mpi: No such file or directory
slurmstepd: error: execve(): gmx_mpi: No such file or directory
slurmstepd: error: execve(): gmx_mpi: No such file or directory
slurmstepd: error: execve(): gmx_mpi: No such file or directory
slurmstepd: error: execve(): gmx_mpi: No such file or directory
slurmstepd: error: execve(): gmx_mpi: No such file or directory
slurmstepd: error: execve(): gmx_mpi: No such file or directory
slurmstepd: error: execve(): gmx_mpi: No such file or directory
slurmstepd: error: execve(): gmx_mpi: No such file or directory
slurmstepd: error: execve(): gmx_mpi: No such file or directory
slurmstepd: error: execve(): gmx_mpi: No such file or directory
slurmstepd: error: execve(): gmx_mpi: No such file or directory
slurmstepd: error: execve(): gmx_mpi: No such file or directory
slurmstepd: error: execve(): gmx_mpi: No such file or directory
slurmstepd: error: execve(): gmx_mpi: No such file or directory
slurmstepd: error: execve(): gmx_mpi: No such file or directory
slurmstepd: error: execve(): gmx_mpi: No such file or directory
slurmstepd: error: execve(): gmx_mpi: No such file or directory
slurmstepd: error: execve(): gmx_mpi: No such file or directory
slurmstepd: error: execve(): gmx_mpi: No such file or directory
slurmstepd: error: execve(): gmx_mpi: No such file or directory
slurmstepd: error: execve(): gmx_mpi: No such file or directory
slurmstepd: error: execve(): gmx_mpi: No such file or directory
slurmstepd: error: execve(): gmx_mpi: No such file or directory
slurmstepd: error: execve(): gmx_mpi: No such file or directory
slurmstepd: error: execve(): gmx_mpi: No such file or directory
slurmstepd: error: execve(): gmx_mpi: No such file or directory
slurmstepd: error: execve(): gmx_mpi: No such file or directory
slurmstepd: error: execve(): gmx_mpi: No such file or directory
slurmstepd: error: execve(): gmx_mpi: No such file or directory
slurmstepd: error: execve(): gmx_mpi: No such file or directory
slurmstepd: error: execve(): gmx_mpi: No such file or directory
slurmstepd: error: execve(): gmx_mpi: No such file or directory
slurmstepd: error: execve(): gmx_mpi: No such file or directory
slurmstepd: error: execve(): gmx_mpi: No such file or directory
slurmstepd: error: execve(): gmx_mpi: No such file or directory
slurmstepd: error: execve(): gmx_mpi: No such file or directory
slurmstepd: error: execve(): gmx_mpi: No such file or directory
slurmstepd: error: execve(): gmx_mpi: No such file or directory
slurmstepd: error: execve(): gmx_mpi: No such file or directory
slurmstepd: error: execve(): gmx_mpi: No such file or directory
slurmstepd: error: execve(): gmx_mpi: No such file or directory
slurmstepd: error: execve(): gmx_mpi: No such file or directory
slurmstepd: error: execve(): gmx_mpi: No such file or directory
slurmstepd: error: execve(): gmx_mpi: No such file or directory
slurmstepd: error: execve(): gmx_mpi: No such file or directory
slurmstepd: error: execve(): gmx_mpi: No such file or directory
slurmstepd: error: execve(): gmx_mpi: No such file or directory
slurmstepd: error: execve(): gmx_mpi: No such file or directory
slurmstepd: error: execve(): gmx_mpi: No such file or directory
slurmstepd: error: execve(): gmx_mpi: No such file or directory
slurmstepd: error: execve(): gmx_mpi: No such file or directory
slurmstepd: error: execve(): gmx_mpi: No such file or directory
slurmstepd: error: execve(): gmx_mpi: No such file or directory
slurmstepd: error: execve(): gmx_mpi: No such file or directory
slurmstepd: error: execve(): gmx_mpi: No such file or directory
slurmstepd: error: execve(): gmx_mpi: No such file or directory
slurmstepd: error: execve(): gmx_mpi: No such file or directory
slurmstepd: error: execve(): gmx_mpi: No such file or directory
slurmstepd: error: execve(): gmx_mpi: No such file or directory
slurmstepd: error: execve(): gmx_mpi: No such file or directory
slurmstepd: error: execve(): gmx_mpi: No such file or directory
slurmstepd: error: execve(): gmx_mpi: No such file or directory
slurmstepd: error: execve(): gmx_mpi: No such file or directory
slurmstepd: error: execve(): gmx_mpi: No such file or directory
slurmstepd: error: execve(): gmx_mpi: No such file or directory
slurmstepd: error: execve(): gmx_mpi: No such file or directory
slurmstepd: error: execve(): gmx_mpi: No such file or directory
slurmstepd: error: execve(): gmx_mpi: No such file or directory
slurmstepd: error: execve(): gmx_mpi: No such file or directory
slurmstepd: error: execve(): gmx_mpi: No such file or directory
slurmstepd: error: execve(): gmx_mpi: No such file or directory
slurmstepd: error: execve(): gmx_mpi: No such file or directory
slurmstepd: error: execve(): gmx_mpi: No such file or directory
slurmstepd: error: execve(): gmx_mpi: No such file or directory
slurmstepd: error: execve(): gmx_mpi: No such file or directory
slurmstepd: error: execve(): gmx_mpi: No such file or directory
slurmstepd: error: execve(): gmx_mpi: No such file or directory
slurmstepd: error: execve(): gmx_mpi: No such file or directory
slurmstepd: error: execve(): gmx_mpi: No such file or directory
slurmstepd: error: execve(): gmx_mpi: No such file or directory
slurmstepd: error: execve(): gmx_mpi: No such file or directory
slurmstepd: error: execve(): gmx_mpi: No such file or directory
slurmstepd: error: execve(): gmx_mpi: No such file or directory
slurmstepd: error: execve(): gmx_mpi: No such file or directory
slurmstepd: error: execve(): gmx_mpi: No such file or directory
slurmstepd: error: execve(): gmx_mpi: No such file or directory
slurmstepd: error: execve(): gmx_mpi: No such file or directory
slurmstepd: error: execve(): gmx_mpi: No such file or directory
slurmstepd: error: execve(): gmx_mpi: No such file or directory
slurmstepd: error: execve(): gmx_mpi: No such file or directory
slurmstepd: error: execve(): gmx_mpi: No such file or directory
slurmstepd: error: execve(): gmx_mpi: No such file or directory
slurmstepd: error: execve(): gmx_mpi: No such file or directory
slurmstepd: error: execve(): gmx_mpi: No such file or directory
slurmstepd: error: execve(): gmx_mpi: No such file or directory
slurmstepd: error: execve(): gmx_mpi: No such file or directory
slurmstepd: error: execve(): gmx_mpi: No such file or directory
slurmstepd: error: execve(): gmx_mpi: No such file or directory
slurmstepd: error: execve(): gmx_mpi: No such file or directory
slurmstepd: error: execve(): gmx_mpi: No such file or directory
slurmstepd: error: execve(): gmx_mpi: No such file or directory
slurmstepd: error: execve(): gmx_mpi: No such file or directory
slurmstepd: error: execve(): gmx_mpi: No such file or directory
slurmstepd: error: execve(): gmx_mpi: No such file or directory
slurmstepd: error: execve(): gmx_mpi: No such file or directory
slurmstepd: error: execve(): gmx_mpi: No such file or directory
slurmstepd: error: execve(): gmx_mpi: No such file or directory
slurmstepd: error: execve(): gmx_mpi: No such file or directory
slurmstepd: error: execve(): gmx_mpi: No such file or directory
slurmstepd: error: execve(): gmx_mpi: No such file or directory
slurmstepd: error: execve(): gmx_mpi: No such file or directory
slurmstepd: error: execve(): gmx_mpi: No such file or directory
slurmstepd: error: execve(): gmx_mpi: No such file or directory
slurmstepd: error: execve(): gmx_mpi: No such file or directory
slurmstepd: error: execve(): gmx_mpi: No such file or directory
srun: error: cs029: tasks 24-47: Exited with exit code 2
srun: Terminating StepId=51362172.7
srun: error: cs466: tasks 144-167: Exited with exit code 2
srun: error: cs028: tasks 0-23: Exited with exit code 2
srun: error: cs463: tasks 72-95: Exited with exit code 2
srun: error: cs467: tasks 168-191: Exited with exit code 2
srun: error: cs462: tasks 48-71: Exited with exit code 2
srun: error: cs464: tasks 96-119: Exited with exit code 2
srun: error: cs465: tasks 120-143: Exited with exit code 2
srun: warning: can't run 1 processes on 8 nodes, setting nnodes to 1
slurmstepd: error: execve(): gmx_mpi: No such file or directory
srun: error: cs028: task 0: Exited with exit code 2
srun: Terminating StepId=51362172.8
slurmstepd: error: execve(): gmx_mpi: No such file or directory
slurmstepd: error: execve(): gmx_mpi: No such file or directory
slurmstepd: error: execve(): gmx_mpi: No such file or directory
slurmstepd: error: execve(): gmx_mpi: No such file or directory
slurmstepd: error: execve(): gmx_mpi: No such file or directory
slurmstepd: error: execve(): gmx_mpi: No such file or directory
slurmstepd: error: execve(): gmx_mpi: No such file or directory
slurmstepd: error: execve(): gmx_mpi: No such file or directory
slurmstepd: error: execve(): gmx_mpi: No such file or directory
slurmstepd: error: execve(): gmx_mpi: No such file or directory
slurmstepd: error: execve(): gmx_mpi: No such file or directory
slurmstepd: error: execve(): gmx_mpi: No such file or directory
slurmstepd: error: execve(): gmx_mpi: No such file or directory
slurmstepd: error: execve(): gmx_mpi: No such file or directory
slurmstepd: error: execve(): gmx_mpi: No such file or directory
slurmstepd: error: execve(): gmx_mpi: No such file or directory
slurmstepd: error: execve(): gmx_mpi: No such file or directory
slurmstepd: error: execve(): gmx_mpi: No such file or directory
slurmstepd: error: execve(): gmx_mpi: No such file or directory
slurmstepd: error: execve(): gmx_mpi: No such file or directory
slurmstepd: error: execve(): gmx_mpi: No such file or directory
slurmstepd: error: execve(): gmx_mpi: No such file or directory
slurmstepd: error: execve(): gmx_mpi: No such file or directory
slurmstepd: error: execve(): gmx_mpi: No such file or directory
slurmstepd: error: execve(): gmx_mpi: No such file or directory
slurmstepd: error: execve(): gmx_mpi: No such file or directory
slurmstepd: error: execve(): gmx_mpi: No such file or directory
slurmstepd: error: execve(): gmx_mpi: No such file or directory
slurmstepd: error: execve(): gmx_mpi: No such file or directory
slurmstepd: error: execve(): gmx_mpi: No such file or directory
slurmstepd: error: execve(): gmx_mpi: No such file or directory
slurmstepd: error: execve(): gmx_mpi: No such file or directory
slurmstepd: error: execve(): gmx_mpi: No such file or directory
slurmstepd: error: execve(): gmx_mpi: No such file or directory
slurmstepd: error: execve(): gmx_mpi: No such file or directory
slurmstepd: error: execve(): gmx_mpi: No such file or directory
slurmstepd: error: execve(): gmx_mpi: No such file or directory
slurmstepd: error: execve(): gmx_mpi: No such file or directory
slurmstepd: error: execve(): gmx_mpi: No such file or directory
slurmstepd: error: execve(): gmx_mpi: No such file or directory
slurmstepd: error: execve(): gmx_mpi: No such file or directory
slurmstepd: error: execve(): gmx_mpi: No such file or directory
slurmstepd: error: execve(): gmx_mpi: No such file or directory
slurmstepd: error: execve(): gmx_mpi: No such file or directory
slurmstepd: error: execve(): gmx_mpi: No such file or directory
slurmstepd: error: execve(): gmx_mpi: No such file or directory
slurmstepd: error: execve(): gmx_mpi: No such file or directory
slurmstepd: error: execve(): gmx_mpi: No such file or directory
slurmstepd: error: execve(): gmx_mpi: No such file or directory
slurmstepd: error: execve(): gmx_mpi: No such file or directory
slurmstepd: error: execve(): gmx_mpi: No such file or directory
slurmstepd: error: execve(): gmx_mpi: No such file or directory
slurmstepd: error: execve(): gmx_mpi: No such file or directory
slurmstepd: error: execve(): gmx_mpi: No such file or directory
slurmstepd: error: execve(): gmx_mpi: No such file or directory
slurmstepd: error: execve(): gmx_mpi: No such file or directory
slurmstepd: error: execve(): gmx_mpi: No such file or directory
slurmstepd: error: execve(): gmx_mpi: No such file or directory
slurmstepd: error: execve(): gmx_mpi: No such file or directory
slurmstepd: error: execve(): gmx_mpi: No such file or directory
slurmstepd: error: execve(): gmx_mpi: No such file or directory
slurmstepd: error: execve(): gmx_mpi: No such file or directory
slurmstepd: error: execve(): gmx_mpi: No such file or directory
slurmstepd: error: execve(): gmx_mpi: No such file or directory
slurmstepd: error: execve(): gmx_mpi: No such file or directory
slurmstepd: error: execve(): gmx_mpi: No such file or directory
slurmstepd: error: execve(): gmx_mpi: No such file or directory
slurmstepd: error: execve(): gmx_mpi: No such file or directory
slurmstepd: error: execve(): gmx_mpi: No such file or directory
slurmstepd: error: execve(): gmx_mpi: No such file or directory
slurmstepd: error: execve(): gmx_mpi: No such file or directory
slurmstepd: error: execve(): gmx_mpi: No such file or directory
slurmstepd: error: execve(): gmx_mpi: No such file or directory
slurmstepd: error: execve(): gmx_mpi: No such file or directory
slurmstepd: error: execve(): gmx_mpi: No such file or directory
slurmstepd: error: execve(): gmx_mpi: No such file or directory
slurmstepd: error: execve(): gmx_mpi: No such file or directory
slurmstepd: error: execve(): gmx_mpi: No such file or directory
slurmstepd: error: execve(): gmx_mpi: No such file or directory
slurmstepd: error: execve(): gmx_mpi: No such file or directory
slurmstepd: error: execve(): gmx_mpi: No such file or directory
slurmstepd: error: execve(): gmx_mpi: No such file or directory
slurmstepd: error: execve(): gmx_mpi: No such file or directory
slurmstepd: error: execve(): gmx_mpi: No such file or directory
slurmstepd: error: execve(): gmx_mpi: No such file or directory
slurmstepd: error: execve(): gmx_mpi: No such file or directory
slurmstepd: error: execve(): gmx_mpi: No such file or directory
slurmstepd: error: execve(): gmx_mpi: No such file or directory
slurmstepd: error: execve(): gmx_mpi: No such file or directory
slurmstepd: error: execve(): gmx_mpi: No such file or directory
slurmstepd: error: execve(): gmx_mpi: No such file or directory
slurmstepd: error: execve(): gmx_mpi: No such file or directory
slurmstepd: error: execve(): gmx_mpi: No such file or directory
slurmstepd: error: execve(): gmx_mpi: No such file or directory
slurmstepd: error: execve(): gmx_mpi: No such file or directory
slurmstepd: error: execve(): gmx_mpi: No such file or directory
slurmstepd: error: execve(): gmx_mpi: No such file or directory
slurmstepd: error: execve(): gmx_mpi: No such file or directory
slurmstepd: error: execve(): gmx_mpi: No such file or directory
slurmstepd: error: execve(): gmx_mpi: No such file or directory
slurmstepd: error: execve(): gmx_mpi: No such file or directory
slurmstepd: error: execve(): gmx_mpi: No such file or directory
slurmstepd: error: execve(): gmx_mpi: No such file or directory
slurmstepd: error: execve(): gmx_mpi: No such file or directory
slurmstepd: error: execve(): gmx_mpi: No such file or directory
slurmstepd: error: execve(): gmx_mpi: No such file or directory
slurmstepd: error: execve(): gmx_mpi: No such file or directory
slurmstepd: error: execve(): gmx_mpi: No such file or directory
slurmstepd: error: execve(): gmx_mpi: No such file or directory
slurmstepd: error: execve(): gmx_mpi: No such file or directory
slurmstepd: error: execve(): gmx_mpi: No such file or directory
slurmstepd: error: execve(): gmx_mpi: No such file or directory
slurmstepd: error: execve(): gmx_mpi: No such file or directory
slurmstepd: error: execve(): gmx_mpi: No such file or directory
slurmstepd: error: execve(): gmx_mpi: No such file or directory
slurmstepd: error: execve(): gmx_mpi: No such file or directory
slurmstepd: error: execve(): gmx_mpi: No such file or directory
slurmstepd: error: execve(): gmx_mpi: No such file or directory
slurmstepd: error: execve(): gmx_mpi: No such file or directory
slurmstepd: error: execve(): gmx_mpi: No such file or directory
slurmstepd: error: execve(): gmx_mpi: No such file or directory
slurmstepd: error: execve(): gmx_mpi: No such file or directory
slurmstepd: error: execve(): gmx_mpi: No such file or directory
slurmstepd: error: execve(): gmx_mpi: No such file or directory
slurmstepd: error: execve(): gmx_mpi: No such file or directory
slurmstepd: error: execve(): gmx_mpi: No such file or directory
slurmstepd: error: execve(): gmx_mpi: No such file or directory
slurmstepd: error: execve(): gmx_mpi: No such file or directory
slurmstepd: error: execve(): gmx_mpi: No such file or directory
slurmstepd: error: execve(): gmx_mpi: No such file or directory
slurmstepd: error: execve(): gmx_mpi: No such file or directory
slurmstepd: error: execve(): gmx_mpi: No such file or directory
slurmstepd: error: execve(): gmx_mpi: No such file or directory
slurmstepd: error: execve(): gmx_mpi: No such file or directory
slurmstepd: error: execve(): gmx_mpi: No such file or directory
slurmstepd: error: execve(): gmx_mpi: No such file or directory
slurmstepd: error: execve(): gmx_mpi: No such file or directory
slurmstepd: error: execve(): gmx_mpi: No such file or directory
slurmstepd: error: execve(): gmx_mpi: No such file or directory
slurmstepd: error: execve(): gmx_mpi: No such file or directory
slurmstepd: error: execve(): gmx_mpi: No such file or directory
slurmstepd: error: execve(): gmx_mpi: No such file or directory
slurmstepd: error: execve(): gmx_mpi: No such file or directory
slurmstepd: error: execve(): gmx_mpi: No such file or directory
slurmstepd: error: execve(): gmx_mpi: No such file or directory
slurmstepd: error: execve(): gmx_mpi: No such file or directory
slurmstepd: error: execve(): gmx_mpi: No such file or directory
slurmstepd: error: execve(): gmx_mpi: No such file or directory
slurmstepd: error: execve(): gmx_mpi: No such file or directory
slurmstepd: error: execve(): gmx_mpi: No such file or directory
slurmstepd: error: execve(): gmx_mpi: No such file or directory
slurmstepd: error: execve(): gmx_mpi: No such file or directory
slurmstepd: error: execve(): gmx_mpi: No such file or directory
slurmstepd: error: execve(): gmx_mpi: No such file or directory
slurmstepd: error: execve(): gmx_mpi: No such file or directory
slurmstepd: error: execve(): gmx_mpi: No such file or directory
slurmstepd: error: execve(): gmx_mpi: No such file or directory
slurmstepd: error: execve(): gmx_mpi: No such file or directory
slurmstepd: error: execve(): gmx_mpi: No such file or directory
slurmstepd: error: execve(): gmx_mpi: No such file or directory
slurmstepd: error: execve(): gmx_mpi: No such file or directory
slurmstepd: error: execve(): gmx_mpi: No such file or directory
slurmstepd: error: execve(): gmx_mpi: No such file or directory
slurmstepd: error: execve(): gmx_mpi: No such file or directory
slurmstepd: error: execve(): gmx_mpi: No such file or directory
slurmstepd: error: execve(): gmx_mpi: No such file or directory
slurmstepd: error: execve(): gmx_mpi: No such file or directory
slurmstepd: error: execve(): gmx_mpi: No such file or directory
slurmstepd: error: execve(): gmx_mpi: No such file or directory
slurmstepd: error: execve(): gmx_mpi: No such file or directory
slurmstepd: error: execve(): gmx_mpi: No such file or directory
slurmstepd: error: execve(): gmx_mpi: No such file or directory
slurmstepd: error: execve(): gmx_mpi: No such file or directory
slurmstepd: error: execve(): gmx_mpi: No such file or directory
slurmstepd: error: execve(): gmx_mpi: No such file or directory
slurmstepd: error: execve(): gmx_mpi: No such file or directory
slurmstepd: error: execve(): gmx_mpi: No such file or directory
slurmstepd: error: execve(): gmx_mpi: No such file or directory
slurmstepd: error: execve(): gmx_mpi: No such file or directory
slurmstepd: error: execve(): gmx_mpi: No such file or directory
slurmstepd: error: execve(): gmx_mpi: No such file or directory
slurmstepd: error: execve(): gmx_mpi: No such file or directory
slurmstepd: error: execve(): gmx_mpi: No such file or directory
slurmstepd: error: execve(): gmx_mpi: No such file or directory
slurmstepd: error: execve(): gmx_mpi: No such file or directory
slurmstepd: error: execve(): gmx_mpi: No such file or directory
slurmstepd: error: execve(): gmx_mpi: No such file or directory
slurmstepd: error: execve(): gmx_mpi: No such file or directory
slurmstepd: error: execve(): gmx_mpi: No such file or directory
slurmstepd: error: execve(): gmx_mpi: No such file or directory
slurmstepd: error: execve(): gmx_mpi: No such file or directory
slurmstepd: error: execve(): gmx_mpi: No such file or directory
srun: error: cs028: tasks 0-23: Exited with exit code 2
srun: Terminating StepId=51362172.9
srun: error: cs462: tasks 48-71: Exited with exit code 2
srun: error: cs029: tasks 24-47: Exited with exit code 2
srun: error: cs465: tasks 120-143: Exited with exit code 2
srun: error: cs464: tasks 96-119: Exited with exit code 2
srun: error: cs466: tasks 144-167: Exited with exit code 2
srun: error: cs463: tasks 72-95: Exited with exit code 2
srun: error: cs467: tasks 168-191: Exited with exit code 2
srun: warning: can't run 1 processes on 8 nodes, setting nnodes to 1
slurmstepd: error: execve(): gmx_mpi: No such file or directory
srun: error: cs028: task 0: Exited with exit code 2
srun: Terminating StepId=51362172.10
slurmstepd: error: execve(): gmx_mpi: No such file or directory
slurmstepd: error: execve(): gmx_mpi: No such file or directory
slurmstepd: error: execve(): gmx_mpi: No such file or directory
slurmstepd: error: execve(): gmx_mpi: No such file or directory
slurmstepd: error: execve(): gmx_mpi: No such file or directory
slurmstepd: error: execve(): gmx_mpi: No such file or directory
slurmstepd: error: execve(): gmx_mpi: No such file or directory
slurmstepd: error: execve(): gmx_mpi: No such file or directory
slurmstepd: error: execve(): gmx_mpi: No such file or directory
slurmstepd: error: execve(): gmx_mpi: No such file or directory
slurmstepd: error: execve(): gmx_mpi: No such file or directory
slurmstepd: error: execve(): gmx_mpi: No such file or directory
slurmstepd: error: execve(): gmx_mpi: No such file or directory
slurmstepd: error: execve(): gmx_mpi: No such file or directory
slurmstepd: error: execve(): gmx_mpi: No such file or directory
slurmstepd: error: execve(): gmx_mpi: No such file or directory
slurmstepd: error: execve(): gmx_mpi: No such file or directory
slurmstepd: error: execve(): gmx_mpi: No such file or directory
slurmstepd: error: execve(): gmx_mpi: No such file or directory
slurmstepd: error: execve(): gmx_mpi: No such file or directory
slurmstepd: error: execve(): gmx_mpi: No such file or directory
slurmstepd: error: execve(): gmx_mpi: No such file or directory
slurmstepd: error: execve(): gmx_mpi: No such file or directory
slurmstepd: error: execve(): gmx_mpi: No such file or directory
slurmstepd: error: execve(): gmx_mpi: No such file or directory
slurmstepd: error: execve(): gmx_mpi: No such file or directory
slurmstepd: error: execve(): gmx_mpi: No such file or directory
slurmstepd: error: execve(): gmx_mpi: No such file or directory
slurmstepd: error: execve(): gmx_mpi: No such file or directory
slurmstepd: error: execve(): gmx_mpi: No such file or directory
slurmstepd: error: execve(): gmx_mpi: No such file or directory
slurmstepd: error: execve(): gmx_mpi: No such file or directory
slurmstepd: error: execve(): gmx_mpi: No such file or directory
slurmstepd: error: execve(): gmx_mpi: No such file or directory
slurmstepd: error: execve(): gmx_mpi: No such file or directory
slurmstepd: error: execve(): gmx_mpi: No such file or directory
slurmstepd: error: execve(): gmx_mpi: No such file or directory
slurmstepd: error: execve(): gmx_mpi: No such file or directory
slurmstepd: error: execve(): gmx_mpi: No such file or directory
slurmstepd: error: execve(): gmx_mpi: No such file or directory
slurmstepd: error: execve(): gmx_mpi: No such file or directory
slurmstepd: error: execve(): gmx_mpi: No such file or directory
slurmstepd: error: execve(): gmx_mpi: No such file or directory
slurmstepd: error: execve(): gmx_mpi: No such file or directory
slurmstepd: error: execve(): gmx_mpi: No such file or directory
slurmstepd: error: execve(): gmx_mpi: No such file or directory
slurmstepd: error: execve(): gmx_mpi: No such file or directory
slurmstepd: error: execve(): gmx_mpi: No such file or directory
slurmstepd: error: execve(): gmx_mpi: No such file or directory
slurmstepd: error: execve(): gmx_mpi: No such file or directory
slurmstepd: error: execve(): gmx_mpi: No such file or directory
slurmstepd: error: execve(): gmx_mpi: No such file or directory
slurmstepd: error: execve(): gmx_mpi: No such file or directory
slurmstepd: error: execve(): gmx_mpi: No such file or directory
slurmstepd: error: execve(): gmx_mpi: No such file or directory
slurmstepd: error: execve(): gmx_mpi: No such file or directory
slurmstepd: error: execve(): gmx_mpi: No such file or directory
slurmstepd: error: execve(): gmx_mpi: No such file or directory
slurmstepd: error: execve(): gmx_mpi: No such file or directory
slurmstepd: error: execve(): gmx_mpi: No such file or directory
slurmstepd: error: execve(): gmx_mpi: No such file or directory
slurmstepd: error: execve(): gmx_mpi: No such file or directory
slurmstepd: error: execve(): gmx_mpi: No such file or directory
slurmstepd: error: execve(): gmx_mpi: No such file or directory
slurmstepd: error: execve(): gmx_mpi: No such file or directory
slurmstepd: error: execve(): gmx_mpi: No such file or directory
slurmstepd: error: execve(): gmx_mpi: No such file or directory
slurmstepd: error: execve(): gmx_mpi: No such file or directory
slurmstepd: error: execve(): gmx_mpi: No such file or directory
slurmstepd: error: execve(): gmx_mpi: No such file or directory
slurmstepd: error: execve(): gmx_mpi: No such file or directory
slurmstepd: error: execve(): gmx_mpi: No such file or directory
slurmstepd: error: execve(): gmx_mpi: No such file or directory
slurmstepd: error: execve(): gmx_mpi: No such file or directory
slurmstepd: error: execve(): gmx_mpi: No such file or directory
slurmstepd: error: execve(): gmx_mpi: No such file or directory
slurmstepd: error: execve(): gmx_mpi: No such file or directory
slurmstepd: error: execve(): gmx_mpi: No such file or directory
slurmstepd: error: execve(): gmx_mpi: No such file or directory
slurmstepd: error: execve(): gmx_mpi: No such file or directory
slurmstepd: error: execve(): gmx_mpi: No such file or directory
slurmstepd: error: execve(): gmx_mpi: No such file or directory
slurmstepd: error: execve(): gmx_mpi: No such file or directory
slurmstepd: error: execve(): gmx_mpi: No such file or directory
slurmstepd: error: execve(): gmx_mpi: No such file or directory
slurmstepd: error: execve(): gmx_mpi: No such file or directory
slurmstepd: error: execve(): gmx_mpi: No such file or directory
slurmstepd: error: execve(): gmx_mpi: No such file or directory
slurmstepd: error: execve(): gmx_mpi: No such file or directory
slurmstepd: error: execve(): gmx_mpi: No such file or directory
slurmstepd: error: execve(): gmx_mpi: No such file or directory
slurmstepd: error: execve(): gmx_mpi: No such file or directory
slurmstepd: error: execve(): gmx_mpi: No such file or directory
slurmstepd: error: execve(): gmx_mpi: No such file or directory
slurmstepd: error: execve(): gmx_mpi: No such file or directory
slurmstepd: error: execve(): gmx_mpi: No such file or directory
slurmstepd: error: execve(): gmx_mpi: No such file or directory
slurmstepd: error: execve(): gmx_mpi: No such file or directory
slurmstepd: error: execve(): gmx_mpi: No such file or directory
slurmstepd: error: execve(): gmx_mpi: No such file or directory
slurmstepd: error: execve(): gmx_mpi: No such file or directory
slurmstepd: error: execve(): gmx_mpi: No such file or directory
slurmstepd: error: execve(): gmx_mpi: No such file or directory
slurmstepd: error: execve(): gmx_mpi: No such file or directory
slurmstepd: error: execve(): gmx_mpi: No such file or directory
slurmstepd: error: execve(): gmx_mpi: No such file or directory
slurmstepd: error: execve(): gmx_mpi: No such file or directory
slurmstepd: error: execve(): gmx_mpi: No such file or directory
slurmstepd: error: execve(): gmx_mpi: No such file or directory
slurmstepd: error: execve(): gmx_mpi: No such file or directory
slurmstepd: error: execve(): gmx_mpi: No such file or directory
slurmstepd: error: execve(): gmx_mpi: No such file or directory
slurmstepd: error: execve(): gmx_mpi: No such file or directory
slurmstepd: error: execve(): gmx_mpi: No such file or directory
slurmstepd: error: execve(): gmx_mpi: No such file or directory
slurmstepd: error: execve(): gmx_mpi: No such file or directory
slurmstepd: error: execve(): gmx_mpi: No such file or directory
slurmstepd: error: execve(): gmx_mpi: No such file or directory
slurmstepd: error: execve(): gmx_mpi: No such file or directory
slurmstepd: error: execve(): gmx_mpi: No such file or directory
slurmstepd: error: execve(): gmx_mpi: No such file or directory
slurmstepd: error: execve(): gmx_mpi: No such file or directory
slurmstepd: error: execve(): gmx_mpi: No such file or directory
slurmstepd: error: execve(): gmx_mpi: No such file or directory
slurmstepd: error: execve(): gmx_mpi: No such file or directory
slurmstepd: error: execve(): gmx_mpi: No such file or directory
slurmstepd: error: execve(): gmx_mpi: No such file or directory
slurmstepd: error: execve(): gmx_mpi: No such file or directory
slurmstepd: error: execve(): gmx_mpi: No such file or directory
slurmstepd: error: execve(): gmx_mpi: No such file or directory
slurmstepd: error: execve(): gmx_mpi: No such file or directory
slurmstepd: error: execve(): gmx_mpi: No such file or directory
slurmstepd: error: execve(): gmx_mpi: No such file or directory
slurmstepd: error: execve(): gmx_mpi: No such file or directory
slurmstepd: error: execve(): gmx_mpi: No such file or directory
slurmstepd: error: execve(): gmx_mpi: No such file or directory
slurmstepd: error: execve(): gmx_mpi: No such file or directory
slurmstepd: error: execve(): gmx_mpi: No such file or directory
slurmstepd: error: execve(): gmx_mpi: No such file or directory
slurmstepd: error: execve(): gmx_mpi: No such file or directory
slurmstepd: error: execve(): gmx_mpi: No such file or directory
slurmstepd: error: execve(): gmx_mpi: No such file or directory
slurmstepd: error: execve(): gmx_mpi: No such file or directory
slurmstepd: error: execve(): gmx_mpi: No such file or directory
slurmstepd: error: execve(): gmx_mpi: No such file or directory
slurmstepd: error: execve(): gmx_mpi: No such file or directory
slurmstepd: error: execve(): gmx_mpi: No such file or directory
slurmstepd: error: execve(): gmx_mpi: No such file or directory
slurmstepd: error: execve(): gmx_mpi: No such file or directory
slurmstepd: error: execve(): gmx_mpi: No such file or directory
slurmstepd: error: execve(): gmx_mpi: No such file or directory
slurmstepd: error: execve(): gmx_mpi: No such file or directory
slurmstepd: error: execve(): gmx_mpi: No such file or directory
slurmstepd: error: execve(): gmx_mpi: No such file or directory
slurmstepd: error: execve(): gmx_mpi: No such file or directory
slurmstepd: error: execve(): gmx_mpi: No such file or directory
slurmstepd: error: execve(): gmx_mpi: No such file or directory
slurmstepd: error: execve(): gmx_mpi: No such file or directory
slurmstepd: error: execve(): gmx_mpi: No such file or directory
slurmstepd: error: execve(): gmx_mpi: No such file or directory
slurmstepd: error: execve(): gmx_mpi: No such file or directory
slurmstepd: error: execve(): gmx_mpi: No such file or directory
slurmstepd: error: execve(): gmx_mpi: No such file or directory
slurmstepd: error: execve(): gmx_mpi: No such file or directory
slurmstepd: error: execve(): gmx_mpi: No such file or directory
slurmstepd: error: execve(): gmx_mpi: No such file or directory
slurmstepd: error: execve(): gmx_mpi: No such file or directory
slurmstepd: error: execve(): gmx_mpi: No such file or directory
slurmstepd: error: execve(): gmx_mpi: No such file or directory
slurmstepd: error: execve(): gmx_mpi: No such file or directory
slurmstepd: error: execve(): gmx_mpi: No such file or directory
slurmstepd: error: execve(): gmx_mpi: No such file or directory
slurmstepd: error: execve(): gmx_mpi: No such file or directory
slurmstepd: error: execve(): gmx_mpi: No such file or directory
slurmstepd: error: execve(): gmx_mpi: No such file or directory
slurmstepd: error: execve(): gmx_mpi: No such file or directory
slurmstepd: error: execve(): gmx_mpi: No such file or directory
slurmstepd: error: execve(): gmx_mpi: No such file or directory
slurmstepd: error: execve(): gmx_mpi: No such file or directory
slurmstepd: error: execve(): gmx_mpi: No such file or directory
slurmstepd: error: execve(): gmx_mpi: No such file or directory
slurmstepd: error: execve(): gmx_mpi: No such file or directory
slurmstepd: error: execve(): gmx_mpi: No such file or directory
slurmstepd: error: execve(): gmx_mpi: No such file or directory
slurmstepd: error: execve(): gmx_mpi: No such file or directory
slurmstepd: error: execve(): gmx_mpi: No such file or directory
slurmstepd: error: execve(): gmx_mpi: No such file or directory
slurmstepd: error: execve(): gmx_mpi: No such file or directory
slurmstepd: error: execve(): gmx_mpi: No such file or directory
slurmstepd: error: execve(): gmx_mpi: No such file or directory
slurmstepd: error: execve(): gmx_mpi: No such file or directory
slurmstepd: error: execve(): gmx_mpi: No such file or directory
srun: error: cs466: tasks 144-167: Exited with exit code 2
srun: Terminating StepId=51362172.11
slurmstepd: error: *** STEP 51362172.11 ON cs028 CANCELLED AT 2024-09-26T16:13:50 ***
srun: error: cs028: tasks 0-23: Exited with exit code 2
srun: error: cs029: tasks 24-47: Exited with exit code 2
srun: error: cs463: tasks 72-95: Exited with exit code 2
srun: error: cs464: tasks 96-119: Exited with exit code 2
srun: error: cs465: tasks 120-143: Exited with exit code 2
srun: error: cs462: tasks 48-71: Exited with exit code 2
srun: error: cs467: tasks 168-191: Exited with exit code 2
srun: warning: can't run 1 processes on 8 nodes, setting nnodes to 1
slurmstepd: error: execve(): gmx_mpi: No such file or directory
srun: error: cs028: task 0: Exited with exit code 2
srun: Terminating StepId=51362172.12
slurmstepd: error: execve(): gmx_mpi: No such file or directory
slurmstepd: error: execve(): gmx_mpi: No such file or directory
slurmstepd: error: execve(): gmx_mpi: No such file or directory
slurmstepd: error: execve(): gmx_mpi: No such file or directory
slurmstepd: error: execve(): gmx_mpi: No such file or directory
slurmstepd: error: execve(): gmx_mpi: No such file or directory
slurmstepd: error: execve(): gmx_mpi: No such file or directory
slurmstepd: error: execve(): gmx_mpi: No such file or directory
slurmstepd: error: execve(): gmx_mpi: No such file or directory
slurmstepd: error: execve(): gmx_mpi: No such file or directory
slurmstepd: error: execve(): gmx_mpi: No such file or directory
slurmstepd: error: execve(): gmx_mpi: No such file or directory
slurmstepd: error: execve(): gmx_mpi: No such file or directory
slurmstepd: error: execve(): gmx_mpi: No such file or directory
slurmstepd: error: execve(): gmx_mpi: No such file or directory
slurmstepd: error: execve(): gmx_mpi: No such file or directory
slurmstepd: error: execve(): gmx_mpi: No such file or directory
slurmstepd: error: execve(): gmx_mpi: No such file or directory
slurmstepd: error: execve(): gmx_mpi: No such file or directory
slurmstepd: error: execve(): gmx_mpi: No such file or directory
slurmstepd: error: execve(): gmx_mpi: No such file or directory
slurmstepd: error: execve(): gmx_mpi: No such file or directory
slurmstepd: error: execve(): gmx_mpi: No such file or directory
slurmstepd: error: execve(): gmx_mpi: No such file or directory
slurmstepd: error: execve(): gmx_mpi: No such file or directory
slurmstepd: error: execve(): gmx_mpi: No such file or directory
slurmstepd: error: execve(): gmx_mpi: No such file or directory
slurmstepd: error: execve(): gmx_mpi: No such file or directory
slurmstepd: error: execve(): gmx_mpi: No such file or directory
slurmstepd: error: execve(): gmx_mpi: No such file or directory
slurmstepd: error: execve(): gmx_mpi: No such file or directory
slurmstepd: error: execve(): gmx_mpi: No such file or directory
slurmstepd: error: execve(): gmx_mpi: No such file or directory
slurmstepd: error: execve(): gmx_mpi: No such file or directory
slurmstepd: error: execve(): gmx_mpi: No such file or directory
slurmstepd: error: execve(): gmx_mpi: No such file or directory
slurmstepd: error: execve(): gmx_mpi: No such file or directory
slurmstepd: error: execve(): gmx_mpi: No such file or directory
slurmstepd: error: execve(): gmx_mpi: No such file or directory
slurmstepd: error: execve(): gmx_mpi: No such file or directory
slurmstepd: error: execve(): gmx_mpi: No such file or directory
slurmstepd: error: execve(): gmx_mpi: No such file or directory
slurmstepd: error: execve(): gmx_mpi: No such file or directory
slurmstepd: error: execve(): gmx_mpi: No such file or directory
slurmstepd: error: execve(): gmx_mpi: No such file or directory
slurmstepd: error: execve(): gmx_mpi: No such file or directory
slurmstepd: error: execve(): gmx_mpi: No such file or directory
slurmstepd: error: execve(): gmx_mpi: No such file or directory
slurmstepd: error: execve(): gmx_mpi: No such file or directory
slurmstepd: error: execve(): gmx_mpi: No such file or directory
slurmstepd: error: execve(): gmx_mpi: No such file or directory
slurmstepd: error: execve(): gmx_mpi: No such file or directory
slurmstepd: error: execve(): gmx_mpi: No such file or directory
slurmstepd: error: execve(): gmx_mpi: No such file or directory
slurmstepd: error: execve(): gmx_mpi: No such file or directory
slurmstepd: error: execve(): gmx_mpi: No such file or directory
slurmstepd: error: execve(): gmx_mpi: No such file or directory
slurmstepd: error: execve(): gmx_mpi: No such file or directory
slurmstepd: error: execve(): gmx_mpi: No such file or directory
slurmstepd: error: execve(): gmx_mpi: No such file or directory
slurmstepd: error: execve(): gmx_mpi: No such file or directory
slurmstepd: error: execve(): gmx_mpi: No such file or directory
slurmstepd: error: execve(): gmx_mpi: No such file or directory
slurmstepd: error: execve(): gmx_mpi: No such file or directory
slurmstepd: error: execve(): gmx_mpi: No such file or directory
slurmstepd: error: execve(): gmx_mpi: No such file or directory
slurmstepd: error: execve(): gmx_mpi: No such file or directory
slurmstepd: error: execve(): gmx_mpi: No such file or directory
slurmstepd: error: execve(): gmx_mpi: No such file or directory
slurmstepd: error: execve(): gmx_mpi: No such file or directory
slurmstepd: error: execve(): gmx_mpi: No such file or directory
slurmstepd: error: execve(): gmx_mpi: No such file or directory
slurmstepd: error: execve(): gmx_mpi: No such file or directory
slurmstepd: error: execve(): gmx_mpi: No such file or directory
slurmstepd: error: execve(): gmx_mpi: No such file or directory
slurmstepd: error: execve(): gmx_mpi: No such file or directory
slurmstepd: error: execve(): gmx_mpi: No such file or directory
slurmstepd: error: execve(): gmx_mpi: No such file or directory
slurmstepd: error: execve(): gmx_mpi: No such file or directory
slurmstepd: error: execve(): gmx_mpi: No such file or directory
slurmstepd: error: execve(): gmx_mpi: No such file or directory
slurmstepd: error: execve(): gmx_mpi: No such file or directory
slurmstepd: error: execve(): gmx_mpi: No such file or directory
slurmstepd: error: execve(): gmx_mpi: No such file or directory
slurmstepd: error: execve(): gmx_mpi: No such file or directory
slurmstepd: error: execve(): gmx_mpi: No such file or directory
slurmstepd: error: execve(): gmx_mpi: No such file or directory
slurmstepd: error: execve(): gmx_mpi: No such file or directory
slurmstepd: error: execve(): gmx_mpi: No such file or directory
slurmstepd: error: execve(): gmx_mpi: No such file or directory
slurmstepd: error: execve(): gmx_mpi: No such file or directory
slurmstepd: error: execve(): gmx_mpi: No such file or directory
slurmstepd: error: execve(): gmx_mpi: No such file or directory
slurmstepd: error: execve(): gmx_mpi: No such file or directory
slurmstepd: error: execve(): gmx_mpi: No such file or directory
slurmstepd: error: execve(): gmx_mpi: No such file or directory
slurmstepd: error: execve(): gmx_mpi: No such file or directory
slurmstepd: error: execve(): gmx_mpi: No such file or directory
slurmstepd: error: execve(): gmx_mpi: No such file or directory
slurmstepd: error: execve(): gmx_mpi: No such file or directory
slurmstepd: error: execve(): gmx_mpi: No such file or directory
slurmstepd: error: execve(): gmx_mpi: No such file or directory
slurmstepd: error: execve(): gmx_mpi: No such file or directory
slurmstepd: error: execve(): gmx_mpi: No such file or directory
slurmstepd: error: execve(): gmx_mpi: No such file or directory
slurmstepd: error: execve(): gmx_mpi: No such file or directory
slurmstepd: error: execve(): gmx_mpi: No such file or directory
slurmstepd: error: execve(): gmx_mpi: No such file or directory
slurmstepd: error: execve(): gmx_mpi: No such file or directory
slurmstepd: error: execve(): gmx_mpi: No such file or directory
slurmstepd: error: execve(): gmx_mpi: No such file or directory
slurmstepd: error: execve(): gmx_mpi: No such file or directory
slurmstepd: error: execve(): gmx_mpi: No such file or directory
slurmstepd: error: execve(): gmx_mpi: No such file or directory
slurmstepd: error: execve(): gmx_mpi: No such file or directory
slurmstepd: error: execve(): gmx_mpi: No such file or directory
slurmstepd: error: execve(): gmx_mpi: No such file or directory
slurmstepd: error: execve(): gmx_mpi: No such file or directory
slurmstepd: error: execve(): gmx_mpi: No such file or directory
slurmstepd: error: execve(): gmx_mpi: No such file or directory
slurmstepd: error: execve(): gmx_mpi: No such file or directory
slurmstepd: error: execve(): gmx_mpi: No such file or directory
slurmstepd: error: execve(): gmx_mpi: No such file or directory
slurmstepd: error: execve(): gmx_mpi: No such file or directory
slurmstepd: error: execve(): gmx_mpi: No such file or directory
slurmstepd: error: execve(): gmx_mpi: No such file or directory
slurmstepd: error: execve(): gmx_mpi: No such file or directory
slurmstepd: error: execve(): gmx_mpi: No such file or directory
slurmstepd: error: execve(): gmx_mpi: No such file or directory
slurmstepd: error: execve(): gmx_mpi: No such file or directory
slurmstepd: error: execve(): gmx_mpi: No such file or directory
slurmstepd: error: execve(): gmx_mpi: No such file or directory
slurmstepd: error: execve(): gmx_mpi: No such file or directory
slurmstepd: error: execve(): gmx_mpi: No such file or directory
slurmstepd: error: execve(): gmx_mpi: No such file or directory
slurmstepd: error: execve(): gmx_mpi: No such file or directory
slurmstepd: error: execve(): gmx_mpi: No such file or directory
slurmstepd: error: execve(): gmx_mpi: No such file or directory
slurmstepd: error: execve(): gmx_mpi: No such file or directory
slurmstepd: error: execve(): gmx_mpi: No such file or directory
slurmstepd: error: execve(): gmx_mpi: No such file or directory
slurmstepd: error: execve(): gmx_mpi: No such file or directory
slurmstepd: error: execve(): gmx_mpi: No such file or directory
slurmstepd: error: execve(): gmx_mpi: No such file or directory
slurmstepd: error: execve(): gmx_mpi: No such file or directory
slurmstepd: error: execve(): gmx_mpi: No such file or directory
slurmstepd: error: execve(): gmx_mpi: No such file or directory
slurmstepd: error: execve(): gmx_mpi: No such file or directory
slurmstepd: error: execve(): gmx_mpi: No such file or directory
slurmstepd: error: execve(): gmx_mpi: No such file or directory
slurmstepd: error: execve(): gmx_mpi: No such file or directory
slurmstepd: error: execve(): gmx_mpi: No such file or directory
slurmstepd: error: execve(): gmx_mpi: No such file or directory
slurmstepd: error: execve(): gmx_mpi: No such file or directory
slurmstepd: error: execve(): gmx_mpi: No such file or directory
slurmstepd: error: execve(): gmx_mpi: No such file or directory
slurmstepd: error: execve(): gmx_mpi: No such file or directory
slurmstepd: error: execve(): gmx_mpi: No such file or directory
slurmstepd: error: execve(): gmx_mpi: No such file or directory
slurmstepd: error: execve(): gmx_mpi: No such file or directory
slurmstepd: error: execve(): gmx_mpi: No such file or directory
slurmstepd: error: execve(): gmx_mpi: No such file or directory
slurmstepd: error: execve(): gmx_mpi: No such file or directory
slurmstepd: error: execve(): gmx_mpi: No such file or directory
slurmstepd: error: execve(): gmx_mpi: No such file or directory
slurmstepd: error: execve(): gmx_mpi: No such file or directory
slurmstepd: error: execve(): gmx_mpi: No such file or directory
slurmstepd: error: execve(): gmx_mpi: No such file or directory
slurmstepd: error: execve(): gmx_mpi: No such file or directory
slurmstepd: error: execve(): gmx_mpi: No such file or directory
slurmstepd: error: execve(): gmx_mpi: No such file or directory
slurmstepd: error: execve(): gmx_mpi: No such file or directory
slurmstepd: error: execve(): gmx_mpi: No such file or directory
slurmstepd: error: execve(): gmx_mpi: No such file or directory
slurmstepd: error: execve(): gmx_mpi: No such file or directory
slurmstepd: error: execve(): gmx_mpi: No such file or directory
slurmstepd: error: execve(): gmx_mpi: No such file or directory
slurmstepd: error: execve(): gmx_mpi: No such file or directory
slurmstepd: error: execve(): gmx_mpi: No such file or directory
slurmstepd: error: execve(): gmx_mpi: No such file or directory
slurmstepd: error: execve(): gmx_mpi: No such file or directory
slurmstepd: error: execve(): gmx_mpi: No such file or directory
slurmstepd: error: execve(): gmx_mpi: No such file or directory
slurmstepd: error: execve(): gmx_mpi: No such file or directory
slurmstepd: error: execve(): gmx_mpi: No such file or directory
slurmstepd: error: execve(): gmx_mpi: No such file or directory
slurmstepd: error: execve(): gmx_mpi: No such file or directory
slurmstepd: error: execve(): gmx_mpi: No such file or directory
slurmstepd: error: execve(): gmx_mpi: No such file or directory
slurmstepd: error: execve(): gmx_mpi: No such file or directory
slurmstepd: error: execve(): gmx_mpi: No such file or directory
slurmstepd: error: execve(): gmx_mpi: No such file or directory
srun: error: cs466: tasks 144-167: Exited with exit code 2
srun: Terminating StepId=51362172.13
srun: error: cs464: tasks 96-119: Exited with exit code 2
slurmstepd: error: *** STEP 51362172.13 ON cs028 CANCELLED AT 2024-09-26T16:13:51 ***
srun: error: cs029: tasks 24-47: Exited with exit code 2
srun: error: cs028: tasks 0-23: Exited with exit code 2
srun: error: cs465: tasks 120-143: Exited with exit code 2
srun: error: cs462: tasks 48-71: Exited with exit code 2
srun: error: cs463: tasks 72-95: Exited with exit code 2
srun: error: cs467: tasks 168-191: Exited with exit code 2
